{"numFailedTestSuites":2,"numFailedTests":3,"numPassedTestSuites":30,"numPassedTests":76,"numPendingTestSuites":0,"numPendingTests":1,"numRuntimeErrorTestSuites":0,"numTodoTests":0,"numTotalTestSuites":32,"numTotalTests":80,"openHandles":[],"snapshot":{"added":0,"didUpdate":false,"failure":false,"filesAdded":0,"filesRemoved":0,"filesRemovedList":[],"filesUnmatched":0,"filesUpdated":0,"matched":0,"total":0,"unchecked":0,"uncheckedKeysByFile":[],"unmatched":0,"updated":0},"startTime":1762369327325,"success":false,"testResults":[{"assertionResults":[{"ancestorTitles":["Funciones de geolocalización"],"duration":14,"failing":false,"failureDetails":[],"failureMessages":[],"fullName":"Funciones de geolocalización handleLocateMe debería solicitar permisos y obtener ubicación","invocations":1,"location":null,"numPassingAsserts":4,"retryReasons":[],"startAt":1762369332830,"status":"passed","title":"handleLocateMe debería solicitar permisos y obtener ubicación"},{"ancestorTitles":["Funciones de geolocalización"],"duration":7,"failing":false,"failureDetails":[],"failureMessages":[],"fullName":"Funciones de geolocalización handleLocateMe debería manejar permisos denegados","invocations":1,"location":null,"numPassingAsserts":4,"retryReasons":[],"startAt":1762369332845,"status":"passed","title":"handleLocateMe debería manejar permisos denegados"},{"ancestorTitles":["Funciones de geolocalización"],"duration":4,"failing":false,"failureDetails":[],"failureMessages":[],"fullName":"Funciones de geolocalización handleLocateMe debería manejar errores al obtener ubicación","invocations":1,"location":null,"numPassingAsserts":4,"retryReasons":[],"startAt":1762369332852,"status":"passed","title":"handleLocateMe debería manejar errores al obtener ubicación"}],"endTime":1762369332859,"message":"","name":"D:\\TRABAJOS 10MO\\SeguridadAPP\\SeguridadCiudadanaApp\\__tests__\\geolocation.test.js","startTime":1762369328236,"status":"passed","summary":""},{"assertionResults":[{"ancestorTitles":["RNF-1 Aceptación (<= 3000ms)"],"duration":85,"failing":false,"failureDetails":[],"failureMessages":[],"fullName":"RNF-1 Aceptación (<= 3000ms) Envío de reporte (ReportScreen) registra métrica y cumple umbral","invocations":1,"location":null,"numPassingAsserts":2,"retryReasons":[],"startAt":1762369332760,"status":"passed","title":"Envío de reporte (ReportScreen) registra métrica y cumple umbral"},{"ancestorTitles":["RNF-1 Aceptación (<= 3000ms)"],"duration":20,"failing":false,"failureDetails":[],"failureMessages":[],"fullName":"RNF-1 Aceptación (<= 3000ms) Carga de notificaciones (NotificationsScreen) registra métrica y cumple umbral","invocations":1,"location":null,"numPassingAsserts":2,"retryReasons":[],"startAt":1762369332846,"status":"passed","title":"Carga de notificaciones (NotificationsScreen) registra métrica y cumple umbral"},{"ancestorTitles":["RNF-1 Aceptación (<= 3000ms)"],"duration":5,"failing":false,"failureDetails":[],"failureMessages":[],"fullName":"RNF-1 Aceptación (<= 3000ms) Carga inicial del mapa (AllReportsMapScreen) registra métrica y cumple umbral","invocations":1,"location":null,"numPassingAsserts":2,"retryReasons":[],"startAt":1762369332866,"status":"passed","title":"Carga inicial del mapa (AllReportsMapScreen) registra métrica y cumple umbral"}],"endTime":1762369332874,"message":"","name":"D:\\TRABAJOS 10MO\\SeguridadAPP\\SeguridadCiudadanaApp\\__tests__\\rnf1.acceptance.test.js","startTime":1762369328222,"status":"passed","summary":""},{"assertionResults":[{"ancestorTitles":["RNF-10 Accesibilidad - Aceptación"],"duration":41,"failing":false,"failureDetails":[],"failureMessages":[],"fullName":"RNF-10 Accesibilidad - Aceptación RoleSelectorScreen expone labels y roles accesibles en CTAs","invocations":1,"location":null,"numPassingAsserts":3,"retryReasons":[],"startAt":1762369332853,"status":"passed","title":"RoleSelectorScreen expone labels y roles accesibles en CTAs"}],"endTime":1762369332897,"message":"","name":"D:\\TRABAJOS 10MO\\SeguridadAPP\\SeguridadCiudadanaApp\\__tests__\\rnf10.accessibility.acceptance.test.js","startTime":1762369328213,"status":"passed","summary":""},{"assertionResults":[{"ancestorTitles":["Notificación Cambio de Estado"],"duration":133,"failing":false,"failureDetails":[],"failureMessages":[],"fullName":"Notificación Cambio de Estado envía notificación cuando cambia el estado de un reporte","invocations":1,"location":null,"numPassingAsserts":1,"retryReasons":[],"startAt":1762369332991,"status":"passed","title":"envía notificación cuando cambia el estado de un reporte"},{"ancestorTitles":["Notificación Cambio de Estado"],"duration":2,"failing":false,"failureDetails":[],"failureMessages":[],"fullName":"Notificación Cambio de Estado registra el dispositivo para recibir notificaciones","invocations":1,"location":null,"numPassingAsserts":2,"retryReasons":[],"startAt":1762369333125,"status":"passed","title":"registra el dispositivo para recibir notificaciones"}],"endTime":1762369333131,"message":"","name":"D:\\TRABAJOS 10MO\\SeguridadAPP\\SeguridadCiudadanaApp\\__tests__\\notifications.test.js","startTime":1762369328215,"status":"passed","summary":""},{"assertionResults":[{"ancestorTitles":["RNF-7 Escalabilidad - Aceptación"],"duration":232,"failing":false,"failureDetails":[],"failureMessages":[],"fullName":"RNF-7 Escalabilidad - Aceptación ExportService aplica filtro por zone cuando se especifica","invocations":1,"location":null,"numPassingAsserts":3,"retryReasons":[],"startAt":1762369332686,"status":"passed","title":"ExportService aplica filtro por zone cuando se especifica"},{"ancestorTitles":["RNF-7 Escalabilidad - Aceptación"],"duration":212,"failing":false,"failureDetails":[],"failureMessages":[],"fullName":"RNF-7 Escalabilidad - Aceptación ExportService no fuerza zona cuando no se especifica (flexible multi-distrito)","invocations":1,"location":null,"numPassingAsserts":2,"retryReasons":[],"startAt":1762369332919,"status":"passed","title":"ExportService no fuerza zona cuando no se especifica (flexible multi-distrito)"}],"endTime":1762369333134,"message":"","name":"D:\\TRABAJOS 10MO\\SeguridadAPP\\SeguridadCiudadanaApp\\__tests__\\rnf7.acceptance.test.js","startTime":1762369328272,"status":"passed","summary":""},{"assertionResults":[{"ancestorTitles":["Pruebas de Registro de Usuario"],"duration":12,"failing":false,"failureDetails":[],"failureMessages":[],"fullName":"Pruebas de Registro de Usuario debe mostrar error cuando los campos están vacíos","invocations":1,"location":null,"numPassingAsserts":2,"retryReasons":[],"startAt":1762369333134,"status":"passed","title":"debe mostrar error cuando los campos están vacíos"},{"ancestorTitles":["Pruebas de Registro de Usuario"],"duration":7,"failing":false,"failureDetails":[],"failureMessages":[],"fullName":"Pruebas de Registro de Usuario debe mostrar error cuando las contraseñas no coinciden","invocations":1,"location":null,"numPassingAsserts":2,"retryReasons":[],"startAt":1762369333147,"status":"passed","title":"debe mostrar error cuando las contraseñas no coinciden"},{"ancestorTitles":["Pruebas de Registro de Usuario"],"duration":4,"failing":false,"failureDetails":[],"failureMessages":[],"fullName":"Pruebas de Registro de Usuario debe registrar al usuario correctamente","invocations":1,"location":null,"numPassingAsserts":3,"retryReasons":[],"startAt":1762369333154,"status":"passed","title":"debe registrar al usuario correctamente"},{"ancestorTitles":["Pruebas de Registro de Usuario"],"duration":22,"failing":false,"failureDetails":[],"failureMessages":[],"fullName":"Pruebas de Registro de Usuario debe manejar errores durante el registro","invocations":1,"location":null,"numPassingAsserts":3,"retryReasons":[],"startAt":1762369333158,"status":"passed","title":"debe manejar errores durante el registro"}],"endTime":1762369333183,"message":"","name":"D:\\TRABAJOS 10MO\\SeguridadAPP\\SeguridadCiudadanaApp\\__tests__\\userRegistration.test.js","startTime":1762369328283,"status":"passed","summary":""},{"assertionResults":[{"ancestorTitles":["RNF-9 Seguridad de Sesiones - Aceptación (almacenamiento)"],"duration":26,"failing":false,"failureDetails":[],"failureMessages":[],"fullName":"RNF-9 Seguridad de Sesiones - Aceptación (almacenamiento) secureStorage.removeItem borra datos sensibles en SecureStore y AsyncStorage","invocations":1,"location":null,"numPassingAsserts":2,"retryReasons":[],"startAt":1762369333082,"status":"passed","title":"secureStorage.removeItem borra datos sensibles en SecureStore y AsyncStorage"},{"ancestorTitles":["RNF-9 Seguridad de Sesiones - Aceptación (almacenamiento)"],"duration":279,"failing":false,"failureDetails":[],"failureMessages":[],"fullName":"RNF-9 Seguridad de Sesiones - Aceptación (almacenamiento) Claves sensibles definidas incluyen token de sesión en appConfig","invocations":1,"location":null,"numPassingAsserts":1,"retryReasons":[],"startAt":1762369333109,"status":"passed","title":"Claves sensibles definidas incluyen token de sesión en appConfig"}],"endTime":1762369333390,"message":"","name":"D:\\TRABAJOS 10MO\\SeguridadAPP\\SeguridadCiudadanaApp\\__tests__\\rnf9.acceptance.test.js","startTime":1762369328315,"status":"passed","summary":""},{"assertionResults":[{"ancestorTitles":["Pruebas de Inicio de Sesión"],"duration":29,"failing":false,"failureDetails":[],"failureMessages":[],"fullName":"Pruebas de Inicio de Sesión debe mostrar error cuando los campos están vacíos","invocations":1,"location":null,"numPassingAsserts":2,"retryReasons":[],"startAt":1762369333350,"status":"passed","title":"debe mostrar error cuando los campos están vacíos"},{"ancestorTitles":["Pruebas de Inicio de Sesión"],"duration":11,"failing":false,"failureDetails":[],"failureMessages":[],"fullName":"Pruebas de Inicio de Sesión debe iniciar sesión correctamente","invocations":1,"location":null,"numPassingAsserts":3,"retryReasons":[],"startAt":1762369333379,"status":"passed","title":"debe iniciar sesión correctamente"},{"ancestorTitles":["Pruebas de Inicio de Sesión"],"duration":4,"failing":false,"failureDetails":[],"failureMessages":[],"fullName":"Pruebas de Inicio de Sesión debe manejar errores durante el inicio de sesión","invocations":1,"location":null,"numPassingAsserts":3,"retryReasons":[],"startAt":1762369333390,"status":"passed","title":"debe manejar errores durante el inicio de sesión"}],"endTime":1762369333397,"message":"","name":"D:\\TRABAJOS 10MO\\SeguridadAPP\\SeguridadCiudadanaApp\\__tests__\\login.test.js","startTime":1762369328296,"status":"passed","summary":""},{"assertionResults":[{"ancestorTitles":["Pruebas de rendimiento"],"duration":49,"failing":false,"failureDetails":[],"failureMessages":[],"fullName":"Pruebas de rendimiento debe registrar métricas con el util y recuperarlas","invocations":1,"location":null,"numPassingAsserts":1,"retryReasons":[],"startAt":1762369332866,"status":"passed","title":"debe registrar métricas con el util y recuperarlas"},{"ancestorTitles":["Pruebas de rendimiento"],"duration":340,"failing":false,"failureDetails":[],"failureMessages":[],"fullName":"Pruebas de rendimiento debe medir el tiempo de ejecución de una operación","invocations":1,"location":null,"numPassingAsserts":1,"retryReasons":[],"startAt":1762369332917,"status":"passed","title":"debe medir el tiempo de ejecución de una operación"},{"ancestorTitles":["Pruebas de rendimiento"],"duration":69,"failing":false,"failureDetails":[],"failureMessages":[],"fullName":"Pruebas de rendimiento debe manejar grandes conjuntos de datos","invocations":1,"location":null,"numPassingAsserts":1,"retryReasons":[],"startAt":1762369333257,"status":"passed","title":"debe manejar grandes conjuntos de datos"},{"ancestorTitles":["Pruebas de rendimiento"],"duration":7,"failing":false,"failureDetails":[],"failureMessages":[],"fullName":"Pruebas de rendimiento debe manejar la creación masiva de reportes","invocations":1,"location":null,"numPassingAsserts":3,"retryReasons":[],"startAt":1762369333327,"status":"passed","title":"debe manejar la creación masiva de reportes"},{"ancestorTitles":["Pruebas de rendimiento"],"duration":60,"failing":false,"failureDetails":[],"failureMessages":[],"fullName":"Pruebas de rendimiento debe manejar múltiples usuarios accediendo simultáneamente","invocations":1,"location":null,"numPassingAsserts":2,"retryReasons":[],"startAt":1762369333334,"status":"passed","title":"debe manejar múltiples usuarios accediendo simultáneamente"}],"endTime":1762369333397,"message":"","name":"D:\\TRABAJOS 10MO\\SeguridadAPP\\SeguridadCiudadanaApp\\__tests__\\performance.test.js","startTime":1762369328302,"status":"passed","summary":""},{"assertionResults":[{"ancestorTitles":["RNF-3 Usabilidad - Aceptación"],"duration":62,"failing":false,"failureDetails":[],"failureMessages":[],"fullName":"RNF-3 Usabilidad - Aceptación Login: CTA principal visible y validación muestra error claro con campos vacíos","invocations":1,"location":null,"numPassingAsserts":2,"retryReasons":[],"startAt":1762369333369,"status":"passed","title":"Login: CTA principal visible y validación muestra error claro con campos vacíos"},{"ancestorTitles":["RNF-3 Usabilidad - Aceptación"],"duration":55,"failing":false,"failureDetails":[],"failureMessages":[],"fullName":"RNF-3 Usabilidad - Aceptación Reportes: CTA \"Enviar Reporte\" visible y confirmación antes de enviar","invocations":1,"location":null,"numPassingAsserts":3,"retryReasons":[],"startAt":1762369333432,"status":"passed","title":"Reportes: CTA \"Enviar Reporte\" visible y confirmación antes de enviar"}],"endTime":1762369333489,"message":"","name":"D:\\TRABAJOS 10MO\\SeguridadAPP\\SeguridadCiudadanaApp\\__tests__\\rnf3.acceptance.test.js","startTime":1762369328266,"status":"passed","summary":""},{"assertionResults":[{"ancestorTitles":["RNF-2 Seguridad - Aceptación"],"duration":25,"failing":false,"failureDetails":[],"failureMessages":[],"fullName":"RNF-2 Seguridad - Aceptación Usa SecureStore para claves sensibles (user) y no AsyncStorage","invocations":1,"location":null,"numPassingAsserts":6,"retryReasons":[],"startAt":1762369333133,"status":"passed","title":"Usa SecureStore para claves sensibles (user) y no AsyncStorage"},{"ancestorTitles":["RNF-2 Seguridad - Aceptación"],"duration":331,"failing":false,"failureDetails":[],"failureMessages":[],"fullName":"RNF-2 Seguridad - Aceptación Configuración de producción usa HTTPS y lo exige","invocations":1,"location":null,"numPassingAsserts":3,"retryReasons":[],"startAt":1762369333158,"status":"passed","title":"Configuración de producción usa HTTPS y lo exige"}],"endTime":1762369333491,"message":"","name":"D:\\TRABAJOS 10MO\\SeguridadAPP\\SeguridadCiudadanaApp\\__tests__\\rnf2.acceptance.test.js","startTime":1762369328315,"status":"passed","summary":""},{"assertionResults":[{"ancestorTitles":["Validaciones"],"duration":3,"failing":false,"failureDetails":[],"failureMessages":[],"fullName":"Validaciones Verificación básica de validaciones","invocations":1,"location":null,"numPassingAsserts":1,"retryReasons":[],"startAt":1762369333684,"status":"passed","title":"Verificación básica de validaciones"},{"ancestorTitles":["Validaciones"],"duration":1,"failing":false,"failureDetails":[],"failureMessages":[],"fullName":"Validaciones Validación de correo electrónico","invocations":1,"location":null,"numPassingAsserts":2,"retryReasons":[],"startAt":1762369333688,"status":"passed","title":"Validación de correo electrónico"}],"endTime":1762369333691,"message":"","name":"D:\\TRABAJOS 10MO\\SeguridadAPP\\SeguridadCiudadanaApp\\__tests__\\validations.test.js","startTime":1762369332888,"status":"passed","summary":""},{"assertionResults":[{"ancestorTitles":["Confirmación y Mensajes"],"duration":66,"failing":false,"failureDetails":[],"failureMessages":[],"fullName":"Confirmación y Mensajes muestra mensaje de éxito correctamente","invocations":1,"location":null,"numPassingAsserts":2,"retryReasons":[],"startAt":1762369333720,"status":"passed","title":"muestra mensaje de éxito correctamente"},{"ancestorTitles":["Confirmación y Mensajes"],"duration":7,"failing":false,"failureDetails":[],"failureMessages":[],"fullName":"Confirmación y Mensajes muestra mensaje de error correctamente","invocations":1,"location":null,"numPassingAsserts":2,"retryReasons":[],"startAt":1762369333786,"status":"passed","title":"muestra mensaje de error correctamente"},{"ancestorTitles":["Confirmación y Mensajes"],"duration":12,"failing":false,"failureDetails":[],"failureMessages":[],"fullName":"Confirmación y Mensajes llama a onDismiss cuando se cierra el mensaje","invocations":1,"location":null,"numPassingAsserts":1,"retryReasons":[],"startAt":1762369333794,"status":"passed","title":"llama a onDismiss cuando se cierra el mensaje"},{"ancestorTitles":["Confirmación y Mensajes"],"duration":2,"failing":false,"failureDetails":[],"failureMessages":[],"fullName":"Confirmación y Mensajes no renderiza nada cuando visible es false","invocations":1,"location":null,"numPassingAsserts":1,"retryReasons":[],"startAt":1762369333807,"status":"passed","title":"no renderiza nada cuando visible es false"}],"endTime":1762369333812,"message":"","name":"D:\\TRABAJOS 10MO\\SeguridadAPP\\SeguridadCiudadanaApp\\__tests__\\feedback.test.js","startTime":1762369328316,"status":"passed","summary":""},{"assertionResults":[{"ancestorTitles":["Pruebas de seguridad"],"duration":3,"failing":false,"failureDetails":[],"failureMessages":[],"fullName":"Pruebas de seguridad debe verificar aspectos básicos de seguridad","invocations":1,"location":null,"numPassingAsserts":1,"retryReasons":[],"startAt":1762369333868,"status":"passed","title":"debe verificar aspectos básicos de seguridad"},{"ancestorTitles":["Pruebas de seguridad"],"duration":1,"failing":false,"failureDetails":[],"failureMessages":[],"fullName":"Pruebas de seguridad debe validar contraseñas seguras","invocations":1,"location":null,"numPassingAsserts":4,"retryReasons":[],"startAt":1762369333872,"status":"passed","title":"debe validar contraseñas seguras"}],"endTime":1762369333875,"message":"","name":"D:\\TRABAJOS 10MO\\SeguridadAPP\\SeguridadCiudadanaApp\\__tests__\\security.test.js","startTime":1762369332965,"status":"passed","summary":""},{"assertionResults":[{"ancestorTitles":["Flujo Completo de Usuario - Prueba de Aceptación"],"duration":7,"failing":false,"failureDetails":[],"failureMessages":[],"fullName":"Flujo Completo de Usuario - Prueba de Aceptación Flujo completo: registro, login, crear reporte, ver reportes y logout","invocations":1,"location":null,"numPassingAsserts":10,"retryReasons":[],"startAt":1762369334033,"status":"passed","title":"Flujo completo: registro, login, crear reporte, ver reportes y logout"},{"ancestorTitles":["Flujo Completo de Usuario - Prueba de Aceptación"],"duration":2,"failing":false,"failureDetails":[],"failureMessages":[],"fullName":"Flujo Completo de Usuario - Prueba de Aceptación Manejo de errores en el flujo de usuario","invocations":1,"location":null,"numPassingAsserts":2,"retryReasons":[],"startAt":1762369334041,"status":"passed","title":"Manejo de errores en el flujo de usuario"}],"endTime":1762369334044,"message":"","name":"D:\\TRABAJOS 10MO\\SeguridadAPP\\SeguridadCiudadanaApp\\__tests__\\userFlow.acceptance.test.js","startTime":1762369333211,"status":"passed","summary":""},{"assertionResults":[{"ancestorTitles":["Acceso a Reportes por Fecha y Tipo"],"duration":123,"failing":false,"failureDetails":[],"failureMessages":[],"fullName":"Acceso a Reportes por Fecha y Tipo filtra reportes por tipo correctamente","invocations":1,"location":null,"numPassingAsserts":3,"retryReasons":[],"startAt":1762369333776,"status":"passed","title":"filtra reportes por tipo correctamente"},{"ancestorTitles":["Acceso a Reportes por Fecha y Tipo"],"duration":76,"failing":false,"failureDetails":[],"failureMessages":[],"fullName":"Acceso a Reportes por Fecha y Tipo filtra reportes por rango de fechas correctamente","invocations":1,"location":null,"numPassingAsserts":3,"retryReasons":[],"startAt":1762369333900,"status":"passed","title":"filtra reportes por rango de fechas correctamente"},{"ancestorTitles":["Acceso a Reportes por Fecha y Tipo"],"duration":64,"failing":false,"failureDetails":[],"failureMessages":[],"fullName":"Acceso a Reportes por Fecha y Tipo muestra mensaje cuando no hay resultados","invocations":1,"location":null,"numPassingAsserts":1,"retryReasons":[],"startAt":1762369333976,"status":"passed","title":"muestra mensaje cuando no hay resultados"}],"endTime":1762369334044,"message":"","name":"D:\\TRABAJOS 10MO\\SeguridadAPP\\SeguridadCiudadanaApp\\__tests__\\reportFilters.test.js","startTime":1762369328317,"status":"passed","summary":""},{"assertionResults":[{"ancestorTitles":["Flujo de Reportes - Integración"],"duration":5,"failing":false,"failureDetails":[],"failureMessages":[],"fullName":"Flujo de Reportes - Integración Verificación básica de reportes","invocations":1,"location":null,"numPassingAsserts":1,"retryReasons":[],"startAt":1762369334046,"status":"passed","title":"Verificación básica de reportes"},{"ancestorTitles":["Flujo de Reportes - Integración"],"duration":0,"failing":false,"failureDetails":[],"failureMessages":[],"fullName":"Flujo de Reportes - Integración Simulación de creación de reporte","invocations":1,"location":null,"numPassingAsserts":1,"retryReasons":[],"startAt":1762369334052,"status":"passed","title":"Simulación de creación de reporte"}],"endTime":1762369334054,"message":"","name":"D:\\TRABAJOS 10MO\\SeguridadAPP\\SeguridadCiudadanaApp\\__tests__\\reportFlow.integration.test.js","startTime":1762369333180,"status":"passed","summary":""},{"assertionResults":[{"ancestorTitles":["RNF-4 Mantenibilidad - Aceptación"],"duration":5,"failing":false,"failureDetails":[],"failureMessages":[],"fullName":"RNF-4 Mantenibilidad - Aceptación Estructura modular presente","invocations":1,"location":null,"numPassingAsserts":1,"retryReasons":[],"startAt":1762369334057,"status":"passed","title":"Estructura modular presente"},{"ancestorTitles":["RNF-4 Mantenibilidad - Aceptación"],"duration":3,"failing":false,"failureDetails":[],"failureMessages":[],"fullName":"RNF-4 Mantenibilidad - Aceptación TypeScript configurado y presente en devDependencies","invocations":1,"location":null,"numPassingAsserts":2,"retryReasons":[],"startAt":1762369334063,"status":"passed","title":"TypeScript configurado y presente en devDependencies"},{"ancestorTitles":["RNF-4 Mantenibilidad - Aceptación"],"duration":2,"failing":false,"failureDetails":[],"failureMessages":[],"fullName":"RNF-4 Mantenibilidad - Aceptación Configuración de pruebas lista y script test definido","invocations":1,"location":null,"numPassingAsserts":2,"retryReasons":[],"startAt":1762369334066,"status":"passed","title":"Configuración de pruebas lista y script test definido"},{"ancestorTitles":["RNF-4 Mantenibilidad - Aceptación"],"duration":3,"failing":false,"failureDetails":[],"failureMessages":[],"fullName":"RNF-4 Mantenibilidad - Aceptación Suite de pruebas con volumen mínimo","invocations":1,"location":null,"numPassingAsserts":2,"retryReasons":[],"startAt":1762369334068,"status":"passed","title":"Suite de pruebas con volumen mínimo"}],"endTime":1762369334073,"message":"","name":"D:\\TRABAJOS 10MO\\SeguridadAPP\\SeguridadCiudadanaApp\\__tests__\\rnf4.acceptance.test.js","startTime":1762369333196,"status":"passed","summary":""},{"assertionResults":[{"ancestorTitles":["Cierre de Sesión"],"duration":95,"failing":false,"failureDetails":[],"failureMessages":[],"fullName":"Cierre de Sesión muestra la información del perfil correctamente","invocations":1,"location":null,"numPassingAsserts":1,"retryReasons":[],"startAt":1762369333968,"status":"passed","title":"muestra la información del perfil correctamente"},{"ancestorTitles":["Cierre de Sesión"],"duration":31,"failing":false,"failureDetails":[],"failureMessages":[],"fullName":"Cierre de Sesión cierra sesión correctamente al presionar el botón","invocations":1,"location":null,"numPassingAsserts":2,"retryReasons":[],"startAt":1762369334064,"status":"passed","title":"cierra sesión correctamente al presionar el botón"},{"ancestorTitles":["Cierre de Sesión"],"duration":39,"failing":false,"failureDetails":[],"failureMessages":[],"fullName":"Cierre de Sesión muestra mensaje de error si falla el cierre de sesión","invocations":1,"location":null,"numPassingAsserts":1,"retryReasons":[],"startAt":1762369334095,"status":"passed","title":"muestra mensaje de error si falla el cierre de sesión"},{"ancestorTitles":["Cierre de Sesión"],"duration":null,"failing":false,"failureDetails":[],"failureMessages":[],"fullName":"Cierre de Sesión muestra diálogo de confirmación antes de cerrar sesión","invocations":1,"location":null,"numPassingAsserts":0,"retryReasons":[],"startAt":1762369334134,"status":"pending","title":"muestra diálogo de confirmación antes de cerrar sesión"}],"endTime":1762369334136,"message":"","name":"D:\\TRABAJOS 10MO\\SeguridadAPP\\SeguridadCiudadanaApp\\__tests__\\logout.test.js","startTime":1762369328205,"status":"focused","summary":""},{"assertionResults":[{"ancestorTitles":["RNF-5 Confiabilidad - Aceptación"],"duration":77,"failing":false,"failureDetails":[],"failureMessages":[],"fullName":"RNF-5 Confiabilidad - Aceptación Degradación offline: no crashea y muestra error al enviar","invocations":1,"location":null,"numPassingAsserts":2,"retryReasons":[],"startAt":1762369333964,"status":"passed","title":"Degradación offline: no crashea y muestra error al enviar"},{"ancestorTitles":["RNF-5 Confiabilidad - Aceptación"],"duration":120,"failing":false,"failureDetails":[],"failureMessages":[],"fullName":"RNF-5 Confiabilidad - Aceptación Recuperación tras reconexión: reintento exitoso muestra éxito","invocations":1,"location":null,"numPassingAsserts":4,"retryReasons":[],"startAt":1762369334041,"status":"passed","title":"Recuperación tras reconexión: reintento exitoso muestra éxito"}],"endTime":1762369334163,"message":"","name":"D:\\TRABAJOS 10MO\\SeguridadAPP\\SeguridadCiudadanaApp\\__tests__\\rnf5.acceptance.test.js","startTime":1762369332964,"status":"passed","summary":""},{"assertionResults":[{"ancestorTitles":["RNF-6 Portabilidad - Aceptación"],"duration":4,"failing":false,"failureDetails":[],"failureMessages":[],"fullName":"RNF-6 Portabilidad - Aceptación minSdkVersion >= 26 en configuración de Android","invocations":1,"location":null,"numPassingAsserts":2,"retryReasons":[],"startAt":1762369334217,"status":"passed","title":"minSdkVersion >= 26 en configuración de Android"}],"endTime":1762369334224,"message":"","name":"D:\\TRABAJOS 10MO\\SeguridadAPP\\SeguridadCiudadanaApp\\__tests__\\rnf6.acceptance.test.js","startTime":1762369333428,"status":"passed","summary":""},{"assertionResults":[{"ancestorTitles":["useForm hook"],"duration":3,"failing":false,"failureDetails":[],"failureMessages":[],"fullName":"useForm hook Verificación básica de formularios","invocations":1,"location":null,"numPassingAsserts":1,"retryReasons":[],"startAt":1762369334270,"status":"passed","title":"Verificación básica de formularios"},{"ancestorTitles":["useForm hook"],"duration":0,"failing":false,"failureDetails":[],"failureMessages":[],"fullName":"useForm hook Simulación de manejo de formulario","invocations":1,"location":null,"numPassingAsserts":1,"retryReasons":[],"startAt":1762369334274,"status":"passed","title":"Simulación de manejo de formulario"}],"endTime":1762369334276,"message":"","name":"D:\\TRABAJOS 10MO\\SeguridadAPP\\SeguridadCiudadanaApp\\__tests__\\useForm.test.js","startTime":1762369333442,"status":"passed","summary":""},{"assertionResults":[{"ancestorTitles":["RNF-8 Tolerancia a Errores - Aceptación"],"duration":22,"failing":false,"failureDetails":[],"failureMessages":[],"fullName":"RNF-8 Tolerancia a Errores - Aceptación robustOnSnapshot reintenta ante ERR_ABORTED y entrega datos","invocations":1,"location":null,"numPassingAsserts":4,"retryReasons":[],"startAt":1762369334281,"status":"passed","title":"robustOnSnapshot reintenta ante ERR_ABORTED y entrega datos"},{"ancestorTitles":["RNF-8 Tolerancia a Errores - Aceptación"],"duration":8,"failing":false,"failureDetails":[],"failureMessages":[],"fullName":"RNF-8 Tolerancia a Errores - Aceptación robustOnSnapshot delega a onError en errores no transitorios","invocations":1,"location":null,"numPassingAsserts":4,"retryReasons":[],"startAt":1762369334304,"status":"passed","title":"robustOnSnapshot delega a onError en errores no transitorios"}],"endTime":1762369334313,"message":"","name":"D:\\TRABAJOS 10MO\\SeguridadAPP\\SeguridadCiudadanaApp\\__tests__\\rnf8.acceptance.test.js","startTime":1762369333425,"status":"passed","summary":""},{"assertionResults":[{"ancestorTitles":["Hook useLocation"],"duration":3,"failing":false,"failureDetails":[],"failureMessages":[],"fullName":"Hook useLocation debería funcionar correctamente","invocations":1,"location":null,"numPassingAsserts":1,"retryReasons":[],"startAt":1762369334310,"status":"passed","title":"debería funcionar correctamente"}],"endTime":1762369334314,"message":"","name":"D:\\TRABAJOS 10MO\\SeguridadAPP\\SeguridadCiudadanaApp\\__tests__\\useLocation.test.js","startTime":1762369333548,"status":"passed","summary":""},{"assertionResults":[{"ancestorTitles":["Pruebas de UI/UX","Componentes básicos"],"duration":2,"failing":false,"failureDetails":[],"failureMessages":[],"fullName":"Pruebas de UI/UX Componentes básicos Verificación de estilos y dimensiones","invocations":1,"location":null,"numPassingAsserts":1,"retryReasons":[],"startAt":1762369334331,"status":"passed","title":"Verificación de estilos y dimensiones"},{"ancestorTitles":["Pruebas de UI/UX","Componentes básicos"],"duration":1,"failing":false,"failureDetails":[],"failureMessages":[],"fullName":"Pruebas de UI/UX Componentes básicos Verificación de responsive design","invocations":1,"location":null,"numPassingAsserts":3,"retryReasons":[],"startAt":1762369334333,"status":"passed","title":"Verificación de responsive design"}],"endTime":1762369334335,"message":"","name":"D:\\TRABAJOS 10MO\\SeguridadAPP\\SeguridadCiudadanaApp\\__tests__\\ui.test.js","startTime":1762369333536,"status":"passed","summary":""},{"assertionResults":[{"ancestorTitles":["Flujo de Autenticación - Integración"],"duration":2,"failing":false,"failureDetails":[],"failureMessages":[],"fullName":"Flujo de Autenticación - Integración Verificación básica de flujo de autenticación","invocations":1,"location":null,"numPassingAsserts":1,"retryReasons":[],"startAt":1762369334409,"status":"passed","title":"Verificación básica de flujo de autenticación"},{"ancestorTitles":["Flujo de Autenticación - Integración"],"duration":1,"failing":false,"failureDetails":[],"failureMessages":[],"fullName":"Flujo de Autenticación - Integración Simulación de inicio de sesión exitoso","invocations":1,"location":null,"numPassingAsserts":1,"retryReasons":[],"startAt":1762369334411,"status":"passed","title":"Simulación de inicio de sesión exitoso"}],"endTime":1762369334413,"message":"","name":"D:\\TRABAJOS 10MO\\SeguridadAPP\\SeguridadCiudadanaApp\\__tests__\\authFlow.integration.test.js","startTime":1762369333716,"status":"passed","summary":""},{"assertionResults":[{"ancestorTitles":["Pruebas de componentes"],"duration":2,"failing":false,"failureDetails":[],"failureMessages":[],"fullName":"Pruebas de componentes Verificación básica de componentes","invocations":1,"location":null,"numPassingAsserts":1,"retryReasons":[],"startAt":1762369334461,"status":"passed","title":"Verificación básica de componentes"},{"ancestorTitles":["Pruebas de componentes"],"duration":1,"failing":false,"failureDetails":[],"failureMessages":[],"fullName":"Pruebas de componentes Simulación de botón de emergencia","invocations":1,"location":null,"numPassingAsserts":2,"retryReasons":[],"startAt":1762369334463,"status":"passed","title":"Simulación de botón de emergencia"}],"endTime":1762369334465,"message":"","name":"D:\\TRABAJOS 10MO\\SeguridadAPP\\SeguridadCiudadanaApp\\__tests__\\components.test.js","startTime":1762369333844,"status":"passed","summary":""},{"assertionResults":[{"ancestorTitles":["Ver Reportes Ciudadanos"],"duration":104,"failing":false,"failureDetails":[],"failureMessages":[],"fullName":"Ver Reportes Ciudadanos carga y muestra los reportes en el mapa","invocations":1,"location":null,"numPassingAsserts":1,"retryReasons":[],"startAt":1762369334292,"status":"passed","title":"carga y muestra los reportes en el mapa"},{"ancestorTitles":["Ver Reportes Ciudadanos"],"duration":71,"failing":false,"failureDetails":[],"failureMessages":[],"fullName":"Ver Reportes Ciudadanos muestra detalles del reporte al presionar un marcador","invocations":1,"location":null,"numPassingAsserts":1,"retryReasons":[],"startAt":1762369334397,"status":"passed","title":"muestra detalles del reporte al presionar un marcador"},{"ancestorTitles":["Ver Reportes Ciudadanos"],"duration":72,"failing":false,"failureDetails":[],"failureMessages":[],"fullName":"Ver Reportes Ciudadanos navega al detalle del reporte al presionar en ver más","invocations":1,"location":null,"numPassingAsserts":1,"retryReasons":[],"startAt":1762369334468,"status":"passed","title":"navega al detalle del reporte al presionar en ver más"}],"endTime":1762369334542,"message":"","name":"D:\\TRABAJOS 10MO\\SeguridadAPP\\SeguridadCiudadanaApp\\__tests__\\viewCitizenReports.test.js","startTime":1762369328314,"status":"passed","summary":""},{"assertionResults":[{"ancestorTitles":["Cambiar Estado del Reporte"],"duration":264,"failing":false,"failureDetails":[],"failureMessages":[],"fullName":"Cambiar Estado del Reporte muestra los detalles del reporte correctamente","invocations":1,"location":null,"numPassingAsserts":3,"retryReasons":[],"startAt":1762369334101,"status":"passed","title":"muestra los detalles del reporte correctamente"},{"ancestorTitles":["Cambiar Estado del Reporte"],"duration":86,"failing":false,"failureDetails":[],"failureMessages":[],"fullName":"Cambiar Estado del Reporte permite a la autoridad cambiar el estado del reporte","invocations":1,"location":null,"numPassingAsserts":4,"retryReasons":[],"startAt":1762369334365,"status":"passed","title":"permite a la autoridad cambiar el estado del reporte"},{"ancestorTitles":["Cambiar Estado del Reporte"],"duration":52,"failing":false,"failureDetails":[],"failureMessages":[],"fullName":"Cambiar Estado del Reporte no muestra opciones de cambio de estado para usuarios normales","invocations":1,"location":null,"numPassingAsserts":2,"retryReasons":[],"startAt":1762369334451,"status":"passed","title":"no muestra opciones de cambio de estado para usuarios normales"},{"ancestorTitles":["Cambiar Estado del Reporte"],"duration":125,"failing":false,"failureDetails":[],"failureMessages":[],"fullName":"Cambiar Estado del Reporte muestra error si la actualización de estado falla","invocations":1,"location":null,"numPassingAsserts":2,"retryReasons":[],"startAt":1762369334503,"status":"passed","title":"muestra error si la actualización de estado falla"}],"endTime":1762369334629,"message":"","name":"D:\\TRABAJOS 10MO\\SeguridadAPP\\SeguridadCiudadanaApp\\__tests__\\changeReportStatus.test.js","startTime":1762369328270,"status":"passed","summary":""},{"assertionResults":[{"ancestorTitles":["Ver Mis Reportes"],"duration":218,"failing":false,"failureDetails":[],"failureMessages":[],"fullName":"Ver Mis Reportes muestra la lista de reportes del usuario correctamente","invocations":1,"location":null,"numPassingAsserts":4,"retryReasons":[],"startAt":1762369334371,"status":"passed","title":"muestra la lista de reportes del usuario correctamente"},{"ancestorTitles":["Ver Mis Reportes"],"duration":71,"failing":false,"failureDetails":[],"failureMessages":[],"fullName":"Ver Mis Reportes navega al detalle del reporte al hacer clic en un reporte","invocations":1,"location":null,"numPassingAsserts":1,"retryReasons":[],"startAt":1762369334590,"status":"passed","title":"navega al detalle del reporte al hacer clic en un reporte"},{"ancestorTitles":["Ver Mis Reportes"],"duration":60,"failing":false,"failureDetails":[],"failureMessages":[],"fullName":"Ver Mis Reportes muestra mensaje cuando no hay reportes","invocations":1,"location":null,"numPassingAsserts":1,"retryReasons":[],"startAt":1762369334661,"status":"passed","title":"muestra mensaje cuando no hay reportes"},{"ancestorTitles":["Ver Mis Reportes"],"duration":21,"failing":false,"failureDetails":[],"failureMessages":[],"fullName":"Ver Mis Reportes muestra indicador de carga mientras se obtienen los reportes","invocations":1,"location":null,"numPassingAsserts":1,"retryReasons":[],"startAt":1762369334721,"status":"passed","title":"muestra indicador de carga mientras se obtienen los reportes"}],"endTime":1762369334744,"message":"","name":"D:\\TRABAJOS 10MO\\SeguridadAPP\\SeguridadCiudadanaApp\\__tests__\\viewMyReports.test.js","startTime":1762369328247,"status":"passed","summary":""},{"assertionResults":[{"ancestorTitles":["AuthLoadingScreen - rol inconsistente"],"duration":319,"failing":false,"failureDetails":[{}],"failureMessages":["TypeError: Cannot read properties of null (reading 'useEffect')\n    at useEffect (D:\\TRABAJOS 10MO\\SeguridadAPP\\SeguridadCiudadanaApp\\node_modules\\react\\cjs\\react.development.js:1634:21)\n    at AuthLoadingScreen (D:\\TRABAJOS 10MO\\SeguridadAPP\\SeguridadCiudadanaApp\\src\\screens\\AuthLoadingScreen.tsx:25:12)\n    at renderWithHooks (D:\\TRABAJOS 10MO\\SeguridadAPP\\SeguridadCiudadanaApp\\node_modules\\react-test-renderer\\cjs\\react-test-renderer.development.js:5608:18)\n    at mountIndeterminateComponent (D:\\TRABAJOS 10MO\\SeguridadAPP\\SeguridadCiudadanaApp\\node_modules\\react-test-renderer\\cjs\\react-test-renderer.development.js:9884:13)\n    at beginWork (D:\\TRABAJOS 10MO\\SeguridadAPP\\SeguridadCiudadanaApp\\node_modules\\react-test-renderer\\cjs\\react-test-renderer.development.js:11351:16)\n    at performUnitOfWork (D:\\TRABAJOS 10MO\\SeguridadAPP\\SeguridadCiudadanaApp\\node_modules\\react-test-renderer\\cjs\\react-test-renderer.development.js:15850:12)\n    at workLoopSync (D:\\TRABAJOS 10MO\\SeguridadAPP\\SeguridadCiudadanaApp\\node_modules\\react-test-renderer\\cjs\\react-test-renderer.development.js:15784:5)\n    at renderRootSync (D:\\TRABAJOS 10MO\\SeguridadAPP\\SeguridadCiudadanaApp\\node_modules\\react-test-renderer\\cjs\\react-test-renderer.development.js:15756:7)\n    at recoverFromConcurrentError (D:\\TRABAJOS 10MO\\SeguridadAPP\\SeguridadCiudadanaApp\\node_modules\\react-test-renderer\\cjs\\react-test-renderer.development.js:15226:20)\n    at performConcurrentWorkOnRoot (D:\\TRABAJOS 10MO\\SeguridadAPP\\SeguridadCiudadanaApp\\node_modules\\react-test-renderer\\cjs\\react-test-renderer.development.js:15126:22)\n    at flushActQueue (D:\\TRABAJOS 10MO\\SeguridadAPP\\SeguridadCiudadanaApp\\node_modules\\react\\cjs\\react.development.js:2667:24)\n    at act (D:\\TRABAJOS 10MO\\SeguridadAPP\\SeguridadCiudadanaApp\\node_modules\\react\\cjs\\react.development.js:2582:11)\n    at actImplementation (D:\\TRABAJOS 10MO\\SeguridadAPP\\SeguridadCiudadanaApp\\node_modules\\@testing-library\\react-native\\src\\act.ts:30:25)\n    at renderWithAct (D:\\TRABAJOS 10MO\\SeguridadAPP\\SeguridadCiudadanaApp\\node_modules\\@testing-library\\react-native\\src\\render-act.ts:13:11)\n    at renderInternal (D:\\TRABAJOS 10MO\\SeguridadAPP\\SeguridadCiudadanaApp\\node_modules\\@testing-library\\react-native\\src\\render.tsx:69:33)\n    at renderInternal (D:\\TRABAJOS 10MO\\SeguridadAPP\\SeguridadCiudadanaApp\\node_modules\\@testing-library\\react-native\\src\\render.tsx:44:10)\n    at Object.<anonymous> (D:\\TRABAJOS 10MO\\SeguridadAPP\\SeguridadCiudadanaApp\\__tests__\\sessionRoleMismatch.test.js:48:11)\n    at Generator.next (<anonymous>)\n    at asyncGeneratorStep (D:\\TRABAJOS 10MO\\SeguridadAPP\\SeguridadCiudadanaApp\\node_modules\\@babel\\runtime\\helpers\\asyncToGenerator.js:3:17)\n    at _next (D:\\TRABAJOS 10MO\\SeguridadAPP\\SeguridadCiudadanaApp\\node_modules\\@babel\\runtime\\helpers\\asyncToGenerator.js:17:9)\n    at D:\\TRABAJOS 10MO\\SeguridadAPP\\SeguridadCiudadanaApp\\node_modules\\@babel\\runtime\\helpers\\asyncToGenerator.js:22:7\n    at new Promise (<anonymous>)\n    at Object.<anonymous> (D:\\TRABAJOS 10MO\\SeguridadAPP\\SeguridadCiudadanaApp\\node_modules\\@babel\\runtime\\helpers\\asyncToGenerator.js:14:12)\n    at Promise.finally.completed (D:\\TRABAJOS 10MO\\SeguridadAPP\\SeguridadCiudadanaApp\\node_modules\\jest-circus\\build\\jestAdapterInit.js:1557:28)\n    at new Promise (<anonymous>)\n    at callAsyncCircusFn (D:\\TRABAJOS 10MO\\SeguridadAPP\\SeguridadCiudadanaApp\\node_modules\\jest-circus\\build\\jestAdapterInit.js:1497:10)\n    at _callCircusTest (D:\\TRABAJOS 10MO\\SeguridadAPP\\SeguridadCiudadanaApp\\node_modules\\jest-circus\\build\\jestAdapterInit.js:1007:40)\n    at processTicksAndRejections (node:internal/process/task_queues:95:5)\n    at _runTest (D:\\TRABAJOS 10MO\\SeguridadAPP\\SeguridadCiudadanaApp\\node_modules\\jest-circus\\build\\jestAdapterInit.js:947:3)\n    at D:\\TRABAJOS 10MO\\SeguridadAPP\\SeguridadCiudadanaApp\\node_modules\\jest-circus\\build\\jestAdapterInit.js:849:7\n    at _runTestsForDescribeBlock (D:\\TRABAJOS 10MO\\SeguridadAPP\\SeguridadCiudadanaApp\\node_modules\\jest-circus\\build\\jestAdapterInit.js:862:11)\n    at _runTestsForDescribeBlock (D:\\TRABAJOS 10MO\\SeguridadAPP\\SeguridadCiudadanaApp\\node_modules\\jest-circus\\build\\jestAdapterInit.js:857:11)\n    at run (D:\\TRABAJOS 10MO\\SeguridadAPP\\SeguridadCiudadanaApp\\node_modules\\jest-circus\\build\\jestAdapterInit.js:761:3)\n    at runAndTransformResultsToJestFormat (D:\\TRABAJOS 10MO\\SeguridadAPP\\SeguridadCiudadanaApp\\node_modules\\jest-circus\\build\\jestAdapterInit.js:1918:21)\n    at jestAdapter (D:\\TRABAJOS 10MO\\SeguridadAPP\\SeguridadCiudadanaApp\\node_modules\\jest-circus\\build\\runner.js:101:19)\n    at runTestInternal (D:\\TRABAJOS 10MO\\SeguridadAPP\\SeguridadCiudadanaApp\\node_modules\\jest-runner\\build\\testWorker.js:275:16)\n    at runTest (D:\\TRABAJOS 10MO\\SeguridadAPP\\SeguridadCiudadanaApp\\node_modules\\jest-runner\\build\\testWorker.js:343:7)\n    at Object.worker (D:\\TRABAJOS 10MO\\SeguridadAPP\\SeguridadCiudadanaApp\\node_modules\\jest-runner\\build\\testWorker.js:497:12)"],"fullName":"AuthLoadingScreen - rol inconsistente signOut y reset a RoleSelector cuando el rol almacenado no coincide con Firestore","invocations":1,"location":null,"numPassingAsserts":0,"retryReasons":[],"startAt":1762369334435,"status":"failed","title":"signOut y reset a RoleSelector cuando el rol almacenado no coincide con Firestore"}],"endTime":1762369334792,"message":"\u001b[1m\u001b[31m  \u001b[1m● \u001b[22m\u001b[1mAuthLoadingScreen - rol inconsistente › signOut y reset a RoleSelector cuando el rol almacenado no coincide con Firestore\u001b[39m\u001b[22m\n\n    TypeError: Cannot read properties of null (reading 'useEffect')\n\u001b[2m\u001b[22m\n\u001b[2m    \u001b[0m \u001b[90m 23 |\u001b[39m   \u001b[36mconst\u001b[39m navigation \u001b[33m=\u001b[39m useNavigation\u001b[33m<\u001b[39m\u001b[33mNavigationProp\u001b[39m\u001b[33m>\u001b[39m()\u001b[33m;\u001b[39m\u001b[22m\n\u001b[2m     \u001b[90m 24 |\u001b[39m\u001b[22m\n\u001b[2m    \u001b[31m\u001b[1m>\u001b[22m\u001b[2m\u001b[39m\u001b[90m 25 |\u001b[39m   useEffect(() \u001b[33m=>\u001b[39m {\u001b[22m\n\u001b[2m     \u001b[90m    |\u001b[39m            \u001b[31m\u001b[1m^\u001b[22m\u001b[2m\u001b[39m\u001b[22m\n\u001b[2m     \u001b[90m 26 |\u001b[39m     \u001b[36mconst\u001b[39m unsubscribe \u001b[33m=\u001b[39m auth\u001b[33m.\u001b[39monAuthStateChanged(\u001b[36masync\u001b[39m (user\u001b[33m:\u001b[39m \u001b[33mUser\u001b[39m \u001b[33m|\u001b[39m \u001b[36mnull\u001b[39m) \u001b[33m=>\u001b[39m {\u001b[22m\n\u001b[2m     \u001b[90m 27 |\u001b[39m       \u001b[36mif\u001b[39m (user) {\u001b[22m\n\u001b[2m     \u001b[90m 28 |\u001b[39m         \u001b[36mtry\u001b[39m {\u001b[0m\u001b[22m\n\u001b[2m\u001b[22m\n\u001b[2m      \u001b[2mat useEffect (\u001b[22m\u001b[2mnode_modules/react/cjs/react.development.js\u001b[2m:1634:21)\u001b[22m\u001b[2m\u001b[22m\n\u001b[2m      \u001b[2mat AuthLoadingScreen (\u001b[22m\u001b[2msrc/screens/AuthLoadingScreen.tsx\u001b[2m:25:12)\u001b[22m\u001b[2m\u001b[22m\n\u001b[2m      \u001b[2mat renderWithHooks (\u001b[22m\u001b[2mnode_modules/react-test-renderer/cjs/react-test-renderer.development.js\u001b[2m:5608:18)\u001b[22m\u001b[2m\u001b[22m\n\u001b[2m      \u001b[2mat mountIndeterminateComponent (\u001b[22m\u001b[2mnode_modules/react-test-renderer/cjs/react-test-renderer.development.js\u001b[2m:9884:13)\u001b[22m\u001b[2m\u001b[22m\n\u001b[2m      \u001b[2mat beginWork (\u001b[22m\u001b[2mnode_modules/react-test-renderer/cjs/react-test-renderer.development.js\u001b[2m:11351:16)\u001b[22m\u001b[2m\u001b[22m\n\u001b[2m      \u001b[2mat performUnitOfWork (\u001b[22m\u001b[2mnode_modules/react-test-renderer/cjs/react-test-renderer.development.js\u001b[2m:15850:12)\u001b[22m\u001b[2m\u001b[22m\n\u001b[2m      \u001b[2mat workLoopSync (\u001b[22m\u001b[2mnode_modules/react-test-renderer/cjs/react-test-renderer.development.js\u001b[2m:15784:5)\u001b[22m\u001b[2m\u001b[22m\n\u001b[2m      \u001b[2mat renderRootSync (\u001b[22m\u001b[2mnode_modules/react-test-renderer/cjs/react-test-renderer.development.js\u001b[2m:15756:7)\u001b[22m\u001b[2m\u001b[22m\n\u001b[2m      \u001b[2mat recoverFromConcurrentError (\u001b[22m\u001b[2mnode_modules/react-test-renderer/cjs/react-test-renderer.development.js\u001b[2m:15226:20)\u001b[22m\u001b[2m\u001b[22m\n\u001b[2m      \u001b[2mat performConcurrentWorkOnRoot (\u001b[22m\u001b[2mnode_modules/react-test-renderer/cjs/react-test-renderer.development.js\u001b[2m:15126:22)\u001b[22m\u001b[2m\u001b[22m\n\u001b[2m      \u001b[2mat flushActQueue (\u001b[22m\u001b[2mnode_modules/react/cjs/react.development.js\u001b[2m:2667:24)\u001b[22m\u001b[2m\u001b[22m\n\u001b[2m      \u001b[2mat act (\u001b[22m\u001b[2mnode_modules/react/cjs/react.development.js\u001b[2m:2582:11)\u001b[22m\u001b[2m\u001b[22m\n\u001b[2m      \u001b[2mat actImplementation (\u001b[22m\u001b[2mnode_modules/@testing-library/react-native/src/act.ts\u001b[2m:30:25)\u001b[22m\u001b[2m\u001b[22m\n\u001b[2m      \u001b[2mat renderWithAct (\u001b[22m\u001b[2mnode_modules/@testing-library/react-native/src/render-act.ts\u001b[2m:13:11)\u001b[22m\u001b[2m\u001b[22m\n\u001b[2m      \u001b[2mat renderInternal (\u001b[22m\u001b[2mnode_modules/@testing-library/react-native/src/render.tsx\u001b[2m:69:33)\u001b[22m\u001b[2m\u001b[22m\n\u001b[2m      \u001b[2mat renderInternal (\u001b[22m\u001b[2mnode_modules/@testing-library/react-native/src/render.tsx\u001b[2m:44:10)\u001b[22m\u001b[2m\u001b[22m\n\u001b[2m      \u001b[2mat Object.<anonymous> (\u001b[22m\u001b[2m\u001b[0m\u001b[36m__tests__/sessionRoleMismatch.test.js\u001b[39m\u001b[0m\u001b[2m:48:11)\u001b[22m\u001b[2m\u001b[22m\n\u001b[2m      \u001b[2mat asyncGeneratorStep (\u001b[22m\u001b[2mnode_modules/@babel/runtime/helpers/asyncToGenerator.js\u001b[2m:3:17)\u001b[22m\u001b[2m\u001b[22m\n\u001b[2m      \u001b[2mat _next (\u001b[22m\u001b[2mnode_modules/@babel/runtime/helpers/asyncToGenerator.js\u001b[2m:17:9)\u001b[22m\u001b[2m\u001b[22m\n\u001b[2m      \u001b[2mat \u001b[22m\u001b[2mnode_modules/@babel/runtime/helpers/asyncToGenerator.js\u001b[2m:22:7\u001b[22m\u001b[2m\u001b[22m\n\u001b[2m      \u001b[2mat Object.<anonymous> (\u001b[22m\u001b[2mnode_modules/@babel/runtime/helpers/asyncToGenerator.js\u001b[2m:14:12)\u001b[22m\u001b[2m\u001b[22m\n","name":"D:\\TRABAJOS 10MO\\SeguridadAPP\\SeguridadCiudadanaApp\\__tests__\\sessionRoleMismatch.test.js","startTime":1762369328260,"status":"failed","summary":""},{"assertionResults":[{"ancestorTitles":["AuthLoadingScreen - persistencia de sesión"],"duration":514,"failing":false,"failureDetails":[{}],"failureMessages":["TypeError: Cannot read properties of null (reading 'useEffect')\n    at useEffect (D:\\TRABAJOS 10MO\\SeguridadAPP\\SeguridadCiudadanaApp\\node_modules\\react\\cjs\\react.development.js:1634:21)\n    at AuthLoadingScreen (D:\\TRABAJOS 10MO\\SeguridadAPP\\SeguridadCiudadanaApp\\src\\screens\\AuthLoadingScreen.tsx:25:12)\n    at renderWithHooks (D:\\TRABAJOS 10MO\\SeguridadAPP\\SeguridadCiudadanaApp\\node_modules\\react-test-renderer\\cjs\\react-test-renderer.development.js:5608:18)\n    at mountIndeterminateComponent (D:\\TRABAJOS 10MO\\SeguridadAPP\\SeguridadCiudadanaApp\\node_modules\\react-test-renderer\\cjs\\react-test-renderer.development.js:9884:13)\n    at beginWork (D:\\TRABAJOS 10MO\\SeguridadAPP\\SeguridadCiudadanaApp\\node_modules\\react-test-renderer\\cjs\\react-test-renderer.development.js:11351:16)\n    at performUnitOfWork (D:\\TRABAJOS 10MO\\SeguridadAPP\\SeguridadCiudadanaApp\\node_modules\\react-test-renderer\\cjs\\react-test-renderer.development.js:15850:12)\n    at workLoopSync (D:\\TRABAJOS 10MO\\SeguridadAPP\\SeguridadCiudadanaApp\\node_modules\\react-test-renderer\\cjs\\react-test-renderer.development.js:15784:5)\n    at renderRootSync (D:\\TRABAJOS 10MO\\SeguridadAPP\\SeguridadCiudadanaApp\\node_modules\\react-test-renderer\\cjs\\react-test-renderer.development.js:15756:7)\n    at recoverFromConcurrentError (D:\\TRABAJOS 10MO\\SeguridadAPP\\SeguridadCiudadanaApp\\node_modules\\react-test-renderer\\cjs\\react-test-renderer.development.js:15226:20)\n    at performConcurrentWorkOnRoot (D:\\TRABAJOS 10MO\\SeguridadAPP\\SeguridadCiudadanaApp\\node_modules\\react-test-renderer\\cjs\\react-test-renderer.development.js:15126:22)\n    at flushActQueue (D:\\TRABAJOS 10MO\\SeguridadAPP\\SeguridadCiudadanaApp\\node_modules\\react\\cjs\\react.development.js:2667:24)\n    at act (D:\\TRABAJOS 10MO\\SeguridadAPP\\SeguridadCiudadanaApp\\node_modules\\react\\cjs\\react.development.js:2582:11)\n    at actImplementation (D:\\TRABAJOS 10MO\\SeguridadAPP\\SeguridadCiudadanaApp\\node_modules\\@testing-library\\react-native\\src\\act.ts:30:25)\n    at renderWithAct (D:\\TRABAJOS 10MO\\SeguridadAPP\\SeguridadCiudadanaApp\\node_modules\\@testing-library\\react-native\\src\\render-act.ts:13:11)\n    at renderInternal (D:\\TRABAJOS 10MO\\SeguridadAPP\\SeguridadCiudadanaApp\\node_modules\\@testing-library\\react-native\\src\\render.tsx:69:33)\n    at renderInternal (D:\\TRABAJOS 10MO\\SeguridadAPP\\SeguridadCiudadanaApp\\node_modules\\@testing-library\\react-native\\src\\render.tsx:44:10)\n    at Object.<anonymous> (D:\\TRABAJOS 10MO\\SeguridadAPP\\SeguridadCiudadanaApp\\__tests__\\sessionPersistence.test.js:49:11)\n    at Generator.next (<anonymous>)\n    at asyncGeneratorStep (D:\\TRABAJOS 10MO\\SeguridadAPP\\SeguridadCiudadanaApp\\node_modules\\@babel\\runtime\\helpers\\asyncToGenerator.js:3:17)\n    at _next (D:\\TRABAJOS 10MO\\SeguridadAPP\\SeguridadCiudadanaApp\\node_modules\\@babel\\runtime\\helpers\\asyncToGenerator.js:17:9)\n    at D:\\TRABAJOS 10MO\\SeguridadAPP\\SeguridadCiudadanaApp\\node_modules\\@babel\\runtime\\helpers\\asyncToGenerator.js:22:7\n    at new Promise (<anonymous>)\n    at Object.<anonymous> (D:\\TRABAJOS 10MO\\SeguridadAPP\\SeguridadCiudadanaApp\\node_modules\\@babel\\runtime\\helpers\\asyncToGenerator.js:14:12)\n    at Promise.finally.completed (D:\\TRABAJOS 10MO\\SeguridadAPP\\SeguridadCiudadanaApp\\node_modules\\jest-circus\\build\\jestAdapterInit.js:1557:28)\n    at new Promise (<anonymous>)\n    at callAsyncCircusFn (D:\\TRABAJOS 10MO\\SeguridadAPP\\SeguridadCiudadanaApp\\node_modules\\jest-circus\\build\\jestAdapterInit.js:1497:10)\n    at _callCircusTest (D:\\TRABAJOS 10MO\\SeguridadAPP\\SeguridadCiudadanaApp\\node_modules\\jest-circus\\build\\jestAdapterInit.js:1007:40)\n    at processTicksAndRejections (node:internal/process/task_queues:95:5)\n    at _runTest (D:\\TRABAJOS 10MO\\SeguridadAPP\\SeguridadCiudadanaApp\\node_modules\\jest-circus\\build\\jestAdapterInit.js:947:3)\n    at D:\\TRABAJOS 10MO\\SeguridadAPP\\SeguridadCiudadanaApp\\node_modules\\jest-circus\\build\\jestAdapterInit.js:849:7\n    at _runTestsForDescribeBlock (D:\\TRABAJOS 10MO\\SeguridadAPP\\SeguridadCiudadanaApp\\node_modules\\jest-circus\\build\\jestAdapterInit.js:862:11)\n    at _runTestsForDescribeBlock (D:\\TRABAJOS 10MO\\SeguridadAPP\\SeguridadCiudadanaApp\\node_modules\\jest-circus\\build\\jestAdapterInit.js:857:11)\n    at run (D:\\TRABAJOS 10MO\\SeguridadAPP\\SeguridadCiudadanaApp\\node_modules\\jest-circus\\build\\jestAdapterInit.js:761:3)\n    at runAndTransformResultsToJestFormat (D:\\TRABAJOS 10MO\\SeguridadAPP\\SeguridadCiudadanaApp\\node_modules\\jest-circus\\build\\jestAdapterInit.js:1918:21)\n    at jestAdapter (D:\\TRABAJOS 10MO\\SeguridadAPP\\SeguridadCiudadanaApp\\node_modules\\jest-circus\\build\\runner.js:101:19)\n    at runTestInternal (D:\\TRABAJOS 10MO\\SeguridadAPP\\SeguridadCiudadanaApp\\node_modules\\jest-runner\\build\\testWorker.js:275:16)\n    at runTest (D:\\TRABAJOS 10MO\\SeguridadAPP\\SeguridadCiudadanaApp\\node_modules\\jest-runner\\build\\testWorker.js:343:7)\n    at Object.worker (D:\\TRABAJOS 10MO\\SeguridadAPP\\SeguridadCiudadanaApp\\node_modules\\jest-runner\\build\\testWorker.js:497:12)"],"fullName":"AuthLoadingScreen - persistencia de sesión navega a Home cuando el usuario autenticado tiene rol ciudadano (coincidente con almacenamiento)","invocations":1,"location":null,"numPassingAsserts":0,"retryReasons":[],"startAt":1762369334118,"status":"failed","title":"navega a Home cuando el usuario autenticado tiene rol ciudadano (coincidente con almacenamiento)"},{"ancestorTitles":["AuthLoadingScreen - persistencia de sesión"],"duration":273,"failing":false,"failureDetails":[{}],"failureMessages":["TypeError: Cannot read properties of null (reading 'useEffect')\n    at useEffect (D:\\TRABAJOS 10MO\\SeguridadAPP\\SeguridadCiudadanaApp\\node_modules\\react\\cjs\\react.development.js:1634:21)\n    at AuthLoadingScreen (D:\\TRABAJOS 10MO\\SeguridadAPP\\SeguridadCiudadanaApp\\src\\screens\\AuthLoadingScreen.tsx:25:12)\n    at renderWithHooks (D:\\TRABAJOS 10MO\\SeguridadAPP\\SeguridadCiudadanaApp\\node_modules\\react-test-renderer\\cjs\\react-test-renderer.development.js:5608:18)\n    at mountIndeterminateComponent (D:\\TRABAJOS 10MO\\SeguridadAPP\\SeguridadCiudadanaApp\\node_modules\\react-test-renderer\\cjs\\react-test-renderer.development.js:9884:13)\n    at beginWork (D:\\TRABAJOS 10MO\\SeguridadAPP\\SeguridadCiudadanaApp\\node_modules\\react-test-renderer\\cjs\\react-test-renderer.development.js:11351:16)\n    at performUnitOfWork (D:\\TRABAJOS 10MO\\SeguridadAPP\\SeguridadCiudadanaApp\\node_modules\\react-test-renderer\\cjs\\react-test-renderer.development.js:15850:12)\n    at workLoopSync (D:\\TRABAJOS 10MO\\SeguridadAPP\\SeguridadCiudadanaApp\\node_modules\\react-test-renderer\\cjs\\react-test-renderer.development.js:15784:5)\n    at renderRootSync (D:\\TRABAJOS 10MO\\SeguridadAPP\\SeguridadCiudadanaApp\\node_modules\\react-test-renderer\\cjs\\react-test-renderer.development.js:15756:7)\n    at recoverFromConcurrentError (D:\\TRABAJOS 10MO\\SeguridadAPP\\SeguridadCiudadanaApp\\node_modules\\react-test-renderer\\cjs\\react-test-renderer.development.js:15226:20)\n    at performConcurrentWorkOnRoot (D:\\TRABAJOS 10MO\\SeguridadAPP\\SeguridadCiudadanaApp\\node_modules\\react-test-renderer\\cjs\\react-test-renderer.development.js:15126:22)\n    at flushActQueue (D:\\TRABAJOS 10MO\\SeguridadAPP\\SeguridadCiudadanaApp\\node_modules\\react\\cjs\\react.development.js:2667:24)\n    at act (D:\\TRABAJOS 10MO\\SeguridadAPP\\SeguridadCiudadanaApp\\node_modules\\react\\cjs\\react.development.js:2582:11)\n    at actImplementation (D:\\TRABAJOS 10MO\\SeguridadAPP\\SeguridadCiudadanaApp\\node_modules\\@testing-library\\react-native\\src\\act.ts:30:25)\n    at renderWithAct (D:\\TRABAJOS 10MO\\SeguridadAPP\\SeguridadCiudadanaApp\\node_modules\\@testing-library\\react-native\\src\\render-act.ts:13:11)\n    at renderInternal (D:\\TRABAJOS 10MO\\SeguridadAPP\\SeguridadCiudadanaApp\\node_modules\\@testing-library\\react-native\\src\\render.tsx:69:33)\n    at renderInternal (D:\\TRABAJOS 10MO\\SeguridadAPP\\SeguridadCiudadanaApp\\node_modules\\@testing-library\\react-native\\src\\render.tsx:44:10)\n    at Object.<anonymous> (D:\\TRABAJOS 10MO\\SeguridadAPP\\SeguridadCiudadanaApp\\__tests__\\sessionPersistence.test.js:83:11)\n    at Generator.next (<anonymous>)\n    at asyncGeneratorStep (D:\\TRABAJOS 10MO\\SeguridadAPP\\SeguridadCiudadanaApp\\node_modules\\@babel\\runtime\\helpers\\asyncToGenerator.js:3:17)\n    at _next (D:\\TRABAJOS 10MO\\SeguridadAPP\\SeguridadCiudadanaApp\\node_modules\\@babel\\runtime\\helpers\\asyncToGenerator.js:17:9)\n    at D:\\TRABAJOS 10MO\\SeguridadAPP\\SeguridadCiudadanaApp\\node_modules\\@babel\\runtime\\helpers\\asyncToGenerator.js:22:7\n    at new Promise (<anonymous>)\n    at Object.<anonymous> (D:\\TRABAJOS 10MO\\SeguridadAPP\\SeguridadCiudadanaApp\\node_modules\\@babel\\runtime\\helpers\\asyncToGenerator.js:14:12)\n    at Promise.finally.completed (D:\\TRABAJOS 10MO\\SeguridadAPP\\SeguridadCiudadanaApp\\node_modules\\jest-circus\\build\\jestAdapterInit.js:1557:28)\n    at new Promise (<anonymous>)\n    at callAsyncCircusFn (D:\\TRABAJOS 10MO\\SeguridadAPP\\SeguridadCiudadanaApp\\node_modules\\jest-circus\\build\\jestAdapterInit.js:1497:10)\n    at _callCircusTest (D:\\TRABAJOS 10MO\\SeguridadAPP\\SeguridadCiudadanaApp\\node_modules\\jest-circus\\build\\jestAdapterInit.js:1007:40)\n    at _runTest (D:\\TRABAJOS 10MO\\SeguridadAPP\\SeguridadCiudadanaApp\\node_modules\\jest-circus\\build\\jestAdapterInit.js:947:3)\n    at D:\\TRABAJOS 10MO\\SeguridadAPP\\SeguridadCiudadanaApp\\node_modules\\jest-circus\\build\\jestAdapterInit.js:849:7\n    at _runTestsForDescribeBlock (D:\\TRABAJOS 10MO\\SeguridadAPP\\SeguridadCiudadanaApp\\node_modules\\jest-circus\\build\\jestAdapterInit.js:862:11)\n    at _runTestsForDescribeBlock (D:\\TRABAJOS 10MO\\SeguridadAPP\\SeguridadCiudadanaApp\\node_modules\\jest-circus\\build\\jestAdapterInit.js:857:11)\n    at run (D:\\TRABAJOS 10MO\\SeguridadAPP\\SeguridadCiudadanaApp\\node_modules\\jest-circus\\build\\jestAdapterInit.js:761:3)\n    at runAndTransformResultsToJestFormat (D:\\TRABAJOS 10MO\\SeguridadAPP\\SeguridadCiudadanaApp\\node_modules\\jest-circus\\build\\jestAdapterInit.js:1918:21)\n    at jestAdapter (D:\\TRABAJOS 10MO\\SeguridadAPP\\SeguridadCiudadanaApp\\node_modules\\jest-circus\\build\\runner.js:101:19)\n    at runTestInternal (D:\\TRABAJOS 10MO\\SeguridadAPP\\SeguridadCiudadanaApp\\node_modules\\jest-runner\\build\\testWorker.js:275:16)\n    at runTest (D:\\TRABAJOS 10MO\\SeguridadAPP\\SeguridadCiudadanaApp\\node_modules\\jest-runner\\build\\testWorker.js:343:7)\n    at Object.worker (D:\\TRABAJOS 10MO\\SeguridadAPP\\SeguridadCiudadanaApp\\node_modules\\jest-runner\\build\\testWorker.js:497:12)"],"fullName":"AuthLoadingScreen - persistencia de sesión navega a AuthorityDashboard cuando el rol es autoridad (coincide con almacenamiento)","invocations":1,"location":null,"numPassingAsserts":0,"retryReasons":[],"startAt":1762369334649,"status":"failed","title":"navega a AuthorityDashboard cuando el rol es autoridad (coincide con almacenamiento)"}],"endTime":1762369334944,"message":"\u001b[1m\u001b[31m  \u001b[1m● \u001b[22m\u001b[1mAuthLoadingScreen - persistencia de sesión › navega a Home cuando el usuario autenticado tiene rol ciudadano (coincidente con almacenamiento)\u001b[39m\u001b[22m\n\n    TypeError: Cannot read properties of null (reading 'useEffect')\n\u001b[2m\u001b[22m\n\u001b[2m    \u001b[0m \u001b[90m 23 |\u001b[39m   \u001b[36mconst\u001b[39m navigation \u001b[33m=\u001b[39m useNavigation\u001b[33m<\u001b[39m\u001b[33mNavigationProp\u001b[39m\u001b[33m>\u001b[39m()\u001b[33m;\u001b[39m\u001b[22m\n\u001b[2m     \u001b[90m 24 |\u001b[39m\u001b[22m\n\u001b[2m    \u001b[31m\u001b[1m>\u001b[22m\u001b[2m\u001b[39m\u001b[90m 25 |\u001b[39m   useEffect(() \u001b[33m=>\u001b[39m {\u001b[22m\n\u001b[2m     \u001b[90m    |\u001b[39m            \u001b[31m\u001b[1m^\u001b[22m\u001b[2m\u001b[39m\u001b[22m\n\u001b[2m     \u001b[90m 26 |\u001b[39m     \u001b[36mconst\u001b[39m unsubscribe \u001b[33m=\u001b[39m auth\u001b[33m.\u001b[39monAuthStateChanged(\u001b[36masync\u001b[39m (user\u001b[33m:\u001b[39m \u001b[33mUser\u001b[39m \u001b[33m|\u001b[39m \u001b[36mnull\u001b[39m) \u001b[33m=>\u001b[39m {\u001b[22m\n\u001b[2m     \u001b[90m 27 |\u001b[39m       \u001b[36mif\u001b[39m (user) {\u001b[22m\n\u001b[2m     \u001b[90m 28 |\u001b[39m         \u001b[36mtry\u001b[39m {\u001b[0m\u001b[22m\n\u001b[2m\u001b[22m\n\u001b[2m      \u001b[2mat useEffect (\u001b[22m\u001b[2mnode_modules/react/cjs/react.development.js\u001b[2m:1634:21)\u001b[22m\u001b[2m\u001b[22m\n\u001b[2m      \u001b[2mat AuthLoadingScreen (\u001b[22m\u001b[2msrc/screens/AuthLoadingScreen.tsx\u001b[2m:25:12)\u001b[22m\u001b[2m\u001b[22m\n\u001b[2m      \u001b[2mat renderWithHooks (\u001b[22m\u001b[2mnode_modules/react-test-renderer/cjs/react-test-renderer.development.js\u001b[2m:5608:18)\u001b[22m\u001b[2m\u001b[22m\n\u001b[2m      \u001b[2mat mountIndeterminateComponent (\u001b[22m\u001b[2mnode_modules/react-test-renderer/cjs/react-test-renderer.development.js\u001b[2m:9884:13)\u001b[22m\u001b[2m\u001b[22m\n\u001b[2m      \u001b[2mat beginWork (\u001b[22m\u001b[2mnode_modules/react-test-renderer/cjs/react-test-renderer.development.js\u001b[2m:11351:16)\u001b[22m\u001b[2m\u001b[22m\n\u001b[2m      \u001b[2mat performUnitOfWork (\u001b[22m\u001b[2mnode_modules/react-test-renderer/cjs/react-test-renderer.development.js\u001b[2m:15850:12)\u001b[22m\u001b[2m\u001b[22m\n\u001b[2m      \u001b[2mat workLoopSync (\u001b[22m\u001b[2mnode_modules/react-test-renderer/cjs/react-test-renderer.development.js\u001b[2m:15784:5)\u001b[22m\u001b[2m\u001b[22m\n\u001b[2m      \u001b[2mat renderRootSync (\u001b[22m\u001b[2mnode_modules/react-test-renderer/cjs/react-test-renderer.development.js\u001b[2m:15756:7)\u001b[22m\u001b[2m\u001b[22m\n\u001b[2m      \u001b[2mat recoverFromConcurrentError (\u001b[22m\u001b[2mnode_modules/react-test-renderer/cjs/react-test-renderer.development.js\u001b[2m:15226:20)\u001b[22m\u001b[2m\u001b[22m\n\u001b[2m      \u001b[2mat performConcurrentWorkOnRoot (\u001b[22m\u001b[2mnode_modules/react-test-renderer/cjs/react-test-renderer.development.js\u001b[2m:15126:22)\u001b[22m\u001b[2m\u001b[22m\n\u001b[2m      \u001b[2mat flushActQueue (\u001b[22m\u001b[2mnode_modules/react/cjs/react.development.js\u001b[2m:2667:24)\u001b[22m\u001b[2m\u001b[22m\n\u001b[2m      \u001b[2mat act (\u001b[22m\u001b[2mnode_modules/react/cjs/react.development.js\u001b[2m:2582:11)\u001b[22m\u001b[2m\u001b[22m\n\u001b[2m      \u001b[2mat actImplementation (\u001b[22m\u001b[2mnode_modules/@testing-library/react-native/src/act.ts\u001b[2m:30:25)\u001b[22m\u001b[2m\u001b[22m\n\u001b[2m      \u001b[2mat renderWithAct (\u001b[22m\u001b[2mnode_modules/@testing-library/react-native/src/render-act.ts\u001b[2m:13:11)\u001b[22m\u001b[2m\u001b[22m\n\u001b[2m      \u001b[2mat renderInternal (\u001b[22m\u001b[2mnode_modules/@testing-library/react-native/src/render.tsx\u001b[2m:69:33)\u001b[22m\u001b[2m\u001b[22m\n\u001b[2m      \u001b[2mat renderInternal (\u001b[22m\u001b[2mnode_modules/@testing-library/react-native/src/render.tsx\u001b[2m:44:10)\u001b[22m\u001b[2m\u001b[22m\n\u001b[2m      \u001b[2mat Object.<anonymous> (\u001b[22m\u001b[2m\u001b[0m\u001b[36m__tests__/sessionPersistence.test.js\u001b[39m\u001b[0m\u001b[2m:49:11)\u001b[22m\u001b[2m\u001b[22m\n\u001b[2m      \u001b[2mat asyncGeneratorStep (\u001b[22m\u001b[2mnode_modules/@babel/runtime/helpers/asyncToGenerator.js\u001b[2m:3:17)\u001b[22m\u001b[2m\u001b[22m\n\u001b[2m      \u001b[2mat _next (\u001b[22m\u001b[2mnode_modules/@babel/runtime/helpers/asyncToGenerator.js\u001b[2m:17:9)\u001b[22m\u001b[2m\u001b[22m\n\u001b[2m      \u001b[2mat \u001b[22m\u001b[2mnode_modules/@babel/runtime/helpers/asyncToGenerator.js\u001b[2m:22:7\u001b[22m\u001b[2m\u001b[22m\n\u001b[2m      \u001b[2mat Object.<anonymous> (\u001b[22m\u001b[2mnode_modules/@babel/runtime/helpers/asyncToGenerator.js\u001b[2m:14:12)\u001b[22m\u001b[2m\u001b[22m\n\n\u001b[1m\u001b[31m  \u001b[1m● \u001b[22m\u001b[1mAuthLoadingScreen - persistencia de sesión › navega a AuthorityDashboard cuando el rol es autoridad (coincide con almacenamiento)\u001b[39m\u001b[22m\n\n    TypeError: Cannot read properties of null (reading 'useEffect')\n\u001b[2m\u001b[22m\n\u001b[2m    \u001b[0m \u001b[90m 23 |\u001b[39m   \u001b[36mconst\u001b[39m navigation \u001b[33m=\u001b[39m useNavigation\u001b[33m<\u001b[39m\u001b[33mNavigationProp\u001b[39m\u001b[33m>\u001b[39m()\u001b[33m;\u001b[39m\u001b[22m\n\u001b[2m     \u001b[90m 24 |\u001b[39m\u001b[22m\n\u001b[2m    \u001b[31m\u001b[1m>\u001b[22m\u001b[2m\u001b[39m\u001b[90m 25 |\u001b[39m   useEffect(() \u001b[33m=>\u001b[39m {\u001b[22m\n\u001b[2m     \u001b[90m    |\u001b[39m            \u001b[31m\u001b[1m^\u001b[22m\u001b[2m\u001b[39m\u001b[22m\n\u001b[2m     \u001b[90m 26 |\u001b[39m     \u001b[36mconst\u001b[39m unsubscribe \u001b[33m=\u001b[39m auth\u001b[33m.\u001b[39monAuthStateChanged(\u001b[36masync\u001b[39m (user\u001b[33m:\u001b[39m \u001b[33mUser\u001b[39m \u001b[33m|\u001b[39m \u001b[36mnull\u001b[39m) \u001b[33m=>\u001b[39m {\u001b[22m\n\u001b[2m     \u001b[90m 27 |\u001b[39m       \u001b[36mif\u001b[39m (user) {\u001b[22m\n\u001b[2m     \u001b[90m 28 |\u001b[39m         \u001b[36mtry\u001b[39m {\u001b[0m\u001b[22m\n\u001b[2m\u001b[22m\n\u001b[2m      \u001b[2mat useEffect (\u001b[22m\u001b[2mnode_modules/react/cjs/react.development.js\u001b[2m:1634:21)\u001b[22m\u001b[2m\u001b[22m\n\u001b[2m      \u001b[2mat AuthLoadingScreen (\u001b[22m\u001b[2msrc/screens/AuthLoadingScreen.tsx\u001b[2m:25:12)\u001b[22m\u001b[2m\u001b[22m\n\u001b[2m      \u001b[2mat renderWithHooks (\u001b[22m\u001b[2mnode_modules/react-test-renderer/cjs/react-test-renderer.development.js\u001b[2m:5608:18)\u001b[22m\u001b[2m\u001b[22m\n\u001b[2m      \u001b[2mat mountIndeterminateComponent (\u001b[22m\u001b[2mnode_modules/react-test-renderer/cjs/react-test-renderer.development.js\u001b[2m:9884:13)\u001b[22m\u001b[2m\u001b[22m\n\u001b[2m      \u001b[2mat beginWork (\u001b[22m\u001b[2mnode_modules/react-test-renderer/cjs/react-test-renderer.development.js\u001b[2m:11351:16)\u001b[22m\u001b[2m\u001b[22m\n\u001b[2m      \u001b[2mat performUnitOfWork (\u001b[22m\u001b[2mnode_modules/react-test-renderer/cjs/react-test-renderer.development.js\u001b[2m:15850:12)\u001b[22m\u001b[2m\u001b[22m\n\u001b[2m      \u001b[2mat workLoopSync (\u001b[22m\u001b[2mnode_modules/react-test-renderer/cjs/react-test-renderer.development.js\u001b[2m:15784:5)\u001b[22m\u001b[2m\u001b[22m\n\u001b[2m      \u001b[2mat renderRootSync (\u001b[22m\u001b[2mnode_modules/react-test-renderer/cjs/react-test-renderer.development.js\u001b[2m:15756:7)\u001b[22m\u001b[2m\u001b[22m\n\u001b[2m      \u001b[2mat recoverFromConcurrentError (\u001b[22m\u001b[2mnode_modules/react-test-renderer/cjs/react-test-renderer.development.js\u001b[2m:15226:20)\u001b[22m\u001b[2m\u001b[22m\n\u001b[2m      \u001b[2mat performConcurrentWorkOnRoot (\u001b[22m\u001b[2mnode_modules/react-test-renderer/cjs/react-test-renderer.development.js\u001b[2m:15126:22)\u001b[22m\u001b[2m\u001b[22m\n\u001b[2m      \u001b[2mat flushActQueue (\u001b[22m\u001b[2mnode_modules/react/cjs/react.development.js\u001b[2m:2667:24)\u001b[22m\u001b[2m\u001b[22m\n\u001b[2m      \u001b[2mat act (\u001b[22m\u001b[2mnode_modules/react/cjs/react.development.js\u001b[2m:2582:11)\u001b[22m\u001b[2m\u001b[22m\n\u001b[2m      \u001b[2mat actImplementation (\u001b[22m\u001b[2mnode_modules/@testing-library/react-native/src/act.ts\u001b[2m:30:25)\u001b[22m\u001b[2m\u001b[22m\n\u001b[2m      \u001b[2mat renderWithAct (\u001b[22m\u001b[2mnode_modules/@testing-library/react-native/src/render-act.ts\u001b[2m:13:11)\u001b[22m\u001b[2m\u001b[22m\n\u001b[2m      \u001b[2mat renderInternal (\u001b[22m\u001b[2mnode_modules/@testing-library/react-native/src/render.tsx\u001b[2m:69:33)\u001b[22m\u001b[2m\u001b[22m\n\u001b[2m      \u001b[2mat renderInternal (\u001b[22m\u001b[2mnode_modules/@testing-library/react-native/src/render.tsx\u001b[2m:44:10)\u001b[22m\u001b[2m\u001b[22m\n\u001b[2m      \u001b[2mat Object.<anonymous> (\u001b[22m\u001b[2m\u001b[0m\u001b[36m__tests__/sessionPersistence.test.js\u001b[39m\u001b[0m\u001b[2m:83:11)\u001b[22m\u001b[2m\u001b[22m\n\u001b[2m      \u001b[2mat asyncGeneratorStep (\u001b[22m\u001b[2mnode_modules/@babel/runtime/helpers/asyncToGenerator.js\u001b[2m:3:17)\u001b[22m\u001b[2m\u001b[22m\n\u001b[2m      \u001b[2mat _next (\u001b[22m\u001b[2mnode_modules/@babel/runtime/helpers/asyncToGenerator.js\u001b[2m:17:9)\u001b[22m\u001b[2m\u001b[22m\n\u001b[2m      \u001b[2mat \u001b[22m\u001b[2mnode_modules/@babel/runtime/helpers/asyncToGenerator.js\u001b[2m:22:7\u001b[22m\u001b[2m\u001b[22m\n\u001b[2m      \u001b[2mat Object.<anonymous> (\u001b[22m\u001b[2mnode_modules/@babel/runtime/helpers/asyncToGenerator.js\u001b[2m:14:12)\u001b[22m\u001b[2m\u001b[22m\n","name":"D:\\TRABAJOS 10MO\\SeguridadAPP\\SeguridadCiudadanaApp\\__tests__\\sessionPersistence.test.js","startTime":1762369328205,"status":"failed","summary":""}],"wasInterrupted":false}
