{"numFailedTestSuites":0,"numFailedTests":0,"numPassedTestSuites":1,"numPassedTests":4,"numPendingTestSuites":0,"numPendingTests":0,"numRuntimeErrorTestSuites":0,"numTodoTests":0,"numTotalTestSuites":1,"numTotalTests":4,"openHandles":[],"snapshot":{"added":0,"didUpdate":false,"failure":false,"filesAdded":0,"filesRemoved":0,"filesRemovedList":[],"filesUnmatched":0,"filesUpdated":0,"matched":0,"total":0,"unchecked":0,"uncheckedKeysByFile":[],"unmatched":0,"updated":0},"startTime":1762367701110,"success":true,"testResults":[{"assertionResults":[{"ancestorTitles":["Cambiar Estado del Reporte"],"duration":202,"failing":false,"failureDetails":[],"failureMessages":[],"fullName":"Cambiar Estado del Reporte muestra los detalles del reporte correctamente","invocations":1,"location":null,"numPassingAsserts":3,"retryReasons":[],"startAt":1762367704292,"status":"passed","title":"muestra los detalles del reporte correctamente"},{"ancestorTitles":["Cambiar Estado del Reporte"],"duration":104,"failing":false,"failureDetails":[],"failureMessages":[],"fullName":"Cambiar Estado del Reporte permite a la autoridad cambiar el estado del reporte","invocations":1,"location":null,"numPassingAsserts":4,"retryReasons":[],"startAt":1762367704495,"status":"passed","title":"permite a la autoridad cambiar el estado del reporte"},{"ancestorTitles":["Cambiar Estado del Reporte"],"duration":52,"failing":false,"failureDetails":[],"failureMessages":[],"fullName":"Cambiar Estado del Reporte no muestra opciones de cambio de estado para usuarios normales","invocations":1,"location":null,"numPassingAsserts":2,"retryReasons":[],"startAt":1762367704599,"status":"passed","title":"no muestra opciones de cambio de estado para usuarios normales"},{"ancestorTitles":["Cambiar Estado del Reporte"],"duration":140,"failing":false,"failureDetails":[],"failureMessages":[],"fullName":"Cambiar Estado del Reporte muestra error si la actualización de estado falla","invocations":1,"location":null,"numPassingAsserts":2,"retryReasons":[],"startAt":1762367704652,"status":"passed","title":"muestra error si la actualización de estado falla"}],"endTime":1762367704794,"message":"","name":"D:\\TRABAJOS 10MO\\SeguridadAPP\\SeguridadCiudadanaApp\\__tests__\\changeReportStatus.test.js","startTime":1762367701224,"status":"passed","summary":""}],"wasInterrupted":false}
