{"numFailedTestSuites":0,"numFailedTests":0,"numPassedTestSuites":2,"numPassedTests":3,"numPendingTestSuites":0,"numPendingTests":0,"numRuntimeErrorTestSuites":0,"numTodoTests":0,"numTotalTestSuites":2,"numTotalTests":3,"openHandles":[],"snapshot":{"added":0,"didUpdate":false,"failure":false,"filesAdded":0,"filesRemoved":0,"filesRemovedList":[],"filesUnmatched":0,"filesUpdated":0,"matched":0,"total":0,"unchecked":0,"uncheckedKeysByFile":[],"unmatched":0,"updated":0},"startTime":1762452310629,"success":true,"testResults":[{"assertionResults":[{"ancestorTitles":["AuthLoadingScreen - persistencia de sesión"],"duration":90,"failing":false,"failureDetails":[],"failureMessages":[],"fullName":"AuthLoadingScreen - persistencia de sesión navega a Home cuando el usuario autenticado tiene rol ciudadano (coincidente con almacenamiento)","invocations":1,"location":null,"numPassingAsserts":1,"retryReasons":[],"startAt":1762452312627,"status":"passed","title":"navega a Home cuando el usuario autenticado tiene rol ciudadano (coincidente con almacenamiento)"},{"ancestorTitles":["AuthLoadingScreen - persistencia de sesión"],"duration":61,"failing":false,"failureDetails":[],"failureMessages":[],"fullName":"AuthLoadingScreen - persistencia de sesión navega a AuthorityDashboard cuando el rol es autoridad (coincide con almacenamiento)","invocations":1,"location":null,"numPassingAsserts":1,"retryReasons":[],"startAt":1762452312718,"status":"passed","title":"navega a AuthorityDashboard cuando el rol es autoridad (coincide con almacenamiento)"}],"endTime":1762452312781,"message":"","name":"D:\\TRABAJOS 10MO\\SeguridadAPP\\SeguridadCiudadanaApp\\__tests__\\sessionPersistence.test.js","startTime":1762452310744,"status":"passed","summary":""},{"assertionResults":[{"ancestorTitles":["AuthLoadingScreen - rol inconsistente"],"duration":67,"failing":false,"failureDetails":[],"failureMessages":[],"fullName":"AuthLoadingScreen - rol inconsistente signOut y reset a RoleSelector cuando el rol almacenado no coincide con Firestore","invocations":1,"location":null,"numPassingAsserts":3,"retryReasons":[],"startAt":1762452313231,"status":"passed","title":"signOut y reset a RoleSelector cuando el rol almacenado no coincide con Firestore"}],"endTime":1762452313299,"message":"","name":"D:\\TRABAJOS 10MO\\SeguridadAPP\\SeguridadCiudadanaApp\\__tests__\\sessionRoleMismatch.test.js","startTime":1762452312795,"status":"passed","summary":""}],"wasInterrupted":false}
