{"numFailedTestSuites":0,"numFailedTests":0,"numPassedTestSuites":1,"numPassedTests":4,"numPendingTestSuites":0,"numPendingTests":0,"numRuntimeErrorTestSuites":0,"numTodoTests":0,"numTotalTestSuites":1,"numTotalTests":4,"openHandles":[],"snapshot":{"added":0,"didUpdate":false,"failure":false,"filesAdded":0,"filesRemoved":0,"filesRemovedList":[],"filesUnmatched":0,"filesUpdated":0,"matched":0,"total":0,"unchecked":0,"uncheckedKeysByFile":[],"unmatched":0,"updated":0},"startTime":1762456883240,"success":true,"testResults":[{"assertionResults":[{"ancestorTitles":["Flujo de Autenticación - Integración"],"duration":96,"failing":false,"failureDetails":[],"failureMessages":[],"fullName":"Flujo de Autenticación - Integración Login exitoso con MFA habilitado navega a MFAEmailVerify","invocations":1,"location":null,"numPassingAsserts":3,"retryReasons":[],"startAt":1762456886030,"status":"passed","title":"Login exitoso con MFA habilitado navega a MFAEmailVerify"},{"ancestorTitles":["Flujo de Autenticación - Integración"],"duration":60,"failing":false,"failureDetails":[],"failureMessages":[],"fullName":"Flujo de Autenticación - Integración Rol incorrecto: cierra sesión y muestra error (sin navegación)","invocations":1,"location":null,"numPassingAsserts":5,"retryReasons":[],"startAt":1762456886127,"status":"passed","title":"Rol incorrecto: cierra sesión y muestra error (sin navegación)"},{"ancestorTitles":["Flujo de Autenticación - Integración"],"duration":62,"failing":false,"failureDetails":[],"failureMessages":[],"fullName":"Flujo de Autenticación - Integración Sin conexión: bloquea login y muestra advertencia","invocations":1,"location":null,"numPassingAsserts":2,"retryReasons":[],"startAt":1762456886187,"status":"passed","title":"Sin conexión: bloquea login y muestra advertencia"},{"ancestorTitles":["Flujo de Autenticación - Integración"],"duration":63,"failing":false,"failureDetails":[],"failureMessages":[],"fullName":"Flujo de Autenticación - Integración Contraseña incorrecta: muestra error y no navega","invocations":1,"location":null,"numPassingAsserts":2,"retryReasons":[],"startAt":1762456886249,"status":"passed","title":"Contraseña incorrecta: muestra error y no navega"}],"endTime":1762456886313,"message":"","name":"D:\\TRABAJOS 10MO\\SeguridadAPP\\SeguridadCiudadanaApp\\__tests__\\authFlow.integration.test.js","startTime":1762456883355,"status":"passed","summary":""}],"wasInterrupted":false}
