{"numFailedTestSuites":0,"numFailedTests":0,"numPassedTestSuites":35,"numPassedTests":87,"numPendingTestSuites":0,"numPendingTests":1,"numRuntimeErrorTestSuites":0,"numTodoTests":0,"numTotalTestSuites":35,"numTotalTests":88,"openHandles":[],"snapshot":{"added":0,"didUpdate":false,"failure":false,"filesAdded":0,"filesRemoved":0,"filesRemovedList":[],"filesUnmatched":0,"filesUpdated":0,"matched":0,"total":0,"unchecked":0,"uncheckedKeysByFile":[],"unmatched":0,"updated":0},"startTime":1762718940065,"success":true,"testResults":[{"assertionResults":[{"ancestorTitles":["RNF-8 Tolerancia a Errores - Aceptación"],"duration":31,"failing":false,"failureDetails":[],"failureMessages":[],"fullName":"RNF-8 Tolerancia a Errores - Aceptación robustOnSnapshot reintenta ante ERR_ABORTED y entrega datos","invocations":1,"location":null,"numPassingAsserts":4,"retryReasons":[],"startAt":1762718947185,"status":"passed","title":"robustOnSnapshot reintenta ante ERR_ABORTED y entrega datos"},{"ancestorTitles":["RNF-8 Tolerancia a Errores - Aceptación"],"duration":20,"failing":false,"failureDetails":[],"failureMessages":[],"fullName":"RNF-8 Tolerancia a Errores - Aceptación robustOnSnapshot delega a onError en errores no transitorios","invocations":1,"location":null,"numPassingAsserts":4,"retryReasons":[],"startAt":1762718947217,"status":"passed","title":"robustOnSnapshot delega a onError en errores no transitorios"}],"endTime":1762718947240,"message":"","name":"D:\\Proyectos\\SeguridadAPP\\SeguridadCiudadanaApp\\__tests__\\rnf8.acceptance.test.js","startTime":1762718941314,"status":"passed","summary":""},{"assertionResults":[{"ancestorTitles":["RNF-10 Accesibilidad - Aceptación"],"duration":53,"failing":false,"failureDetails":[],"failureMessages":[],"fullName":"RNF-10 Accesibilidad - Aceptación RoleSelectorScreen expone labels y roles accesibles en CTAs","invocations":1,"location":null,"numPassingAsserts":3,"retryReasons":[],"startAt":1762718947356,"status":"passed","title":"RoleSelectorScreen expone labels y roles accesibles en CTAs"}],"endTime":1762718947417,"message":"","name":"D:\\Proyectos\\SeguridadAPP\\SeguridadCiudadanaApp\\__tests__\\rnf10.accessibility.acceptance.test.js","startTime":1762718941266,"status":"passed","summary":""},{"assertionResults":[{"ancestorTitles":["Pruebas de Registro de Usuario"],"duration":14,"failing":false,"failureDetails":[],"failureMessages":[],"fullName":"Pruebas de Registro de Usuario debe mostrar error cuando los campos están vacíos","invocations":1,"location":null,"numPassingAsserts":2,"retryReasons":[],"startAt":1762718947661,"status":"passed","title":"debe mostrar error cuando los campos están vacíos"},{"ancestorTitles":["Pruebas de Registro de Usuario"],"duration":8,"failing":false,"failureDetails":[],"failureMessages":[],"fullName":"Pruebas de Registro de Usuario debe mostrar error cuando las contraseñas no coinciden","invocations":1,"location":null,"numPassingAsserts":2,"retryReasons":[],"startAt":1762718947676,"status":"passed","title":"debe mostrar error cuando las contraseñas no coinciden"},{"ancestorTitles":["Pruebas de Registro de Usuario"],"duration":4,"failing":false,"failureDetails":[],"failureMessages":[],"fullName":"Pruebas de Registro de Usuario debe registrar al usuario correctamente","invocations":1,"location":null,"numPassingAsserts":3,"retryReasons":[],"startAt":1762718947685,"status":"passed","title":"debe registrar al usuario correctamente"},{"ancestorTitles":["Pruebas de Registro de Usuario"],"duration":3,"failing":false,"failureDetails":[],"failureMessages":[],"fullName":"Pruebas de Registro de Usuario debe manejar errores durante el registro","invocations":1,"location":null,"numPassingAsserts":3,"retryReasons":[],"startAt":1762718947690,"status":"passed","title":"debe manejar errores durante el registro"}],"endTime":1762718947696,"message":"","name":"D:\\Proyectos\\SeguridadAPP\\SeguridadCiudadanaApp\\__tests__\\userRegistration.test.js","startTime":1762718941282,"status":"passed","summary":""},{"assertionResults":[{"ancestorTitles":["RNF-7 Escalabilidad - Aceptación"],"duration":297,"failing":false,"failureDetails":[],"failureMessages":[],"fullName":"RNF-7 Escalabilidad - Aceptación ExportService aplica filtro por zone cuando se especifica","invocations":1,"location":null,"numPassingAsserts":3,"retryReasons":[],"startAt":1762718947149,"status":"passed","title":"ExportService aplica filtro por zone cuando se especifica"},{"ancestorTitles":["RNF-7 Escalabilidad - Aceptación"],"duration":261,"failing":false,"failureDetails":[],"failureMessages":[],"fullName":"RNF-7 Escalabilidad - Aceptación ExportService no fuerza zona cuando no se especifica (flexible multi-distrito)","invocations":1,"location":null,"numPassingAsserts":2,"retryReasons":[],"startAt":1762718947447,"status":"passed","title":"ExportService no fuerza zona cuando no se especifica (flexible multi-distrito)"}],"endTime":1762718947711,"message":"","name":"D:\\Proyectos\\SeguridadAPP\\SeguridadCiudadanaApp\\__tests__\\rnf7.acceptance.test.js","startTime":1762718941255,"status":"passed","summary":""},{"assertionResults":[{"ancestorTitles":["Create Report - Integración"],"duration":394,"failing":false,"failureDetails":[],"failureMessages":[],"fullName":"Create Report - Integración 1) Envío exitoso sin imagen","invocations":1,"location":null,"numPassingAsserts":6,"retryReasons":[],"startAt":1762718946725,"status":"passed","title":"1) Envío exitoso sin imagen"},{"ancestorTitles":["Create Report - Integración"],"duration":275,"failing":false,"failureDetails":[],"failureMessages":[],"fullName":"Create Report - Integración 2) Ubicación ausente: muestra UI y permite envío (location=null)","invocations":1,"location":null,"numPassingAsserts":4,"retryReasons":[],"startAt":1762718947120,"status":"passed","title":"2) Ubicación ausente: muestra UI y permite envío (location=null)"},{"ancestorTitles":["Create Report - Integración"],"duration":360,"failing":false,"failureDetails":[],"failureMessages":[],"fullName":"Create Report - Integración 3) Envío con imagen desde galería (web: upload a Storage)","invocations":1,"location":null,"numPassingAsserts":5,"retryReasons":[],"startAt":1762718947395,"status":"passed","title":"3) Envío con imagen desde galería (web: upload a Storage)"}],"endTime":1762718947759,"message":"","name":"D:\\Proyectos\\SeguridadAPP\\SeguridadCiudadanaApp\\__tests__\\createReport.integration.test.js","startTime":1762718941165,"status":"passed","summary":""},{"assertionResults":[{"ancestorTitles":["Flujo Completo de Usuario - Prueba de Aceptación"],"duration":17,"failing":false,"failureDetails":[],"failureMessages":[],"fullName":"Flujo Completo de Usuario - Prueba de Aceptación Flujo completo: registro, login, crear reporte, ver reportes y logout","invocations":1,"location":null,"numPassingAsserts":10,"retryReasons":[],"startAt":1762718947736,"status":"passed","title":"Flujo completo: registro, login, crear reporte, ver reportes y logout"},{"ancestorTitles":["Flujo Completo de Usuario - Prueba de Aceptación"],"duration":3,"failing":false,"failureDetails":[],"failureMessages":[],"fullName":"Flujo Completo de Usuario - Prueba de Aceptación Manejo de errores en el flujo de usuario","invocations":1,"location":null,"numPassingAsserts":2,"retryReasons":[],"startAt":1762718947754,"status":"passed","title":"Manejo de errores en el flujo de usuario"}],"endTime":1762718947759,"message":"","name":"D:\\Proyectos\\SeguridadAPP\\SeguridadCiudadanaApp\\__tests__\\userFlow.acceptance.test.js","startTime":1762718941316,"status":"passed","summary":""},{"assertionResults":[{"ancestorTitles":["Acceso a Reportes por Fecha y Tipo"],"duration":140,"failing":false,"failureDetails":[],"failureMessages":[],"fullName":"Acceso a Reportes por Fecha y Tipo filtra reportes por tipo correctamente","invocations":1,"location":null,"numPassingAsserts":3,"retryReasons":[],"startAt":1762718947740,"status":"passed","title":"filtra reportes por tipo correctamente"},{"ancestorTitles":["Acceso a Reportes por Fecha y Tipo"],"duration":78,"failing":false,"failureDetails":[],"failureMessages":[],"fullName":"Acceso a Reportes por Fecha y Tipo filtra reportes por rango de fechas correctamente","invocations":1,"location":null,"numPassingAsserts":3,"retryReasons":[],"startAt":1762718947881,"status":"passed","title":"filtra reportes por rango de fechas correctamente"},{"ancestorTitles":["Acceso a Reportes por Fecha y Tipo"],"duration":68,"failing":false,"failureDetails":[],"failureMessages":[],"fullName":"Acceso a Reportes por Fecha y Tipo muestra mensaje cuando no hay resultados","invocations":1,"location":null,"numPassingAsserts":1,"retryReasons":[],"startAt":1762718947960,"status":"passed","title":"muestra mensaje cuando no hay resultados"}],"endTime":1762718948031,"message":"","name":"D:\\Proyectos\\SeguridadAPP\\SeguridadCiudadanaApp\\__tests__\\reportFilters.test.js","startTime":1762718941264,"status":"passed","summary":""},{"assertionResults":[{"ancestorTitles":["Pruebas de rendimiento"],"duration":57,"failing":false,"failureDetails":[],"failureMessages":[],"fullName":"Pruebas de rendimiento debe registrar métricas con el util y recuperarlas","invocations":1,"location":null,"numPassingAsserts":1,"retryReasons":[],"startAt":1762718947597,"status":"passed","title":"debe registrar métricas con el util y recuperarlas"},{"ancestorTitles":["Pruebas de rendimiento"],"duration":467,"failing":false,"failureDetails":[],"failureMessages":[],"fullName":"Pruebas de rendimiento debe medir el tiempo de ejecución de una operación","invocations":1,"location":null,"numPassingAsserts":1,"retryReasons":[],"startAt":1762718947655,"status":"passed","title":"debe medir el tiempo de ejecución de una operación"},{"ancestorTitles":["Pruebas de rendimiento"],"duration":90,"failing":false,"failureDetails":[],"failureMessages":[],"fullName":"Pruebas de rendimiento debe manejar grandes conjuntos de datos","invocations":1,"location":null,"numPassingAsserts":1,"retryReasons":[],"startAt":1762718948122,"status":"passed","title":"debe manejar grandes conjuntos de datos"},{"ancestorTitles":["Pruebas de rendimiento"],"duration":10,"failing":false,"failureDetails":[],"failureMessages":[],"fullName":"Pruebas de rendimiento debe manejar la creación masiva de reportes","invocations":1,"location":null,"numPassingAsserts":3,"retryReasons":[],"startAt":1762718948212,"status":"passed","title":"debe manejar la creación masiva de reportes"},{"ancestorTitles":["Pruebas de rendimiento"],"duration":59,"failing":false,"failureDetails":[],"failureMessages":[],"fullName":"Pruebas de rendimiento debe manejar múltiples usuarios accediendo simultáneamente","invocations":1,"location":null,"numPassingAsserts":2,"retryReasons":[],"startAt":1762718948222,"status":"passed","title":"debe manejar múltiples usuarios accediendo simultáneamente"}],"endTime":1762718948292,"message":"","name":"D:\\Proyectos\\SeguridadAPP\\SeguridadCiudadanaApp\\__tests__\\performance.test.js","startTime":1762718941312,"status":"passed","summary":""},{"assertionResults":[{"ancestorTitles":["RNF-3 Usabilidad - Aceptación"],"duration":47,"failing":false,"failureDetails":[],"failureMessages":[],"fullName":"RNF-3 Usabilidad - Aceptación Login: CTA principal visible y validación muestra error claro con campos vacíos","invocations":1,"location":null,"numPassingAsserts":2,"retryReasons":[],"startAt":1762718948200,"status":"passed","title":"Login: CTA principal visible y validación muestra error claro con campos vacíos"},{"ancestorTitles":["RNF-3 Usabilidad - Aceptación"],"duration":55,"failing":false,"failureDetails":[],"failureMessages":[],"fullName":"RNF-3 Usabilidad - Aceptación Reportes: CTA \"Enviar Reporte\" visible y confirmación antes de enviar","invocations":1,"location":null,"numPassingAsserts":3,"retryReasons":[],"startAt":1762718948248,"status":"passed","title":"Reportes: CTA \"Enviar Reporte\" visible y confirmación antes de enviar"}],"endTime":1762718948306,"message":"","name":"D:\\Proyectos\\SeguridadAPP\\SeguridadCiudadanaApp\\__tests__\\rnf3.acceptance.test.js","startTime":1762718941301,"status":"passed","summary":""},{"assertionResults":[{"ancestorTitles":["RNF-1 Aceptación (<= 3000ms)"],"duration":123,"failing":false,"failureDetails":[],"failureMessages":[],"fullName":"RNF-1 Aceptación (<= 3000ms) Envío de reporte (ReportScreen) registra métrica y cumple umbral","invocations":1,"location":null,"numPassingAsserts":2,"retryReasons":[],"startAt":1762718948214,"status":"passed","title":"Envío de reporte (ReportScreen) registra métrica y cumple umbral"},{"ancestorTitles":["RNF-1 Aceptación (<= 3000ms)"],"duration":24,"failing":false,"failureDetails":[],"failureMessages":[],"fullName":"RNF-1 Aceptación (<= 3000ms) Carga de notificaciones (NotificationsScreen) registra métrica y cumple umbral","invocations":1,"location":null,"numPassingAsserts":2,"retryReasons":[],"startAt":1762718948338,"status":"passed","title":"Carga de notificaciones (NotificationsScreen) registra métrica y cumple umbral"},{"ancestorTitles":["RNF-1 Aceptación (<= 3000ms)"],"duration":5,"failing":false,"failureDetails":[],"failureMessages":[],"fullName":"RNF-1 Aceptación (<= 3000ms) Carga inicial del mapa (AllReportsMapScreen) registra métrica y cumple umbral","invocations":1,"location":null,"numPassingAsserts":2,"retryReasons":[],"startAt":1762718948362,"status":"passed","title":"Carga inicial del mapa (AllReportsMapScreen) registra métrica y cumple umbral"}],"endTime":1762718948382,"message":"","name":"D:\\Proyectos\\SeguridadAPP\\SeguridadCiudadanaApp\\__tests__\\rnf1.acceptance.test.js","startTime":1762718941300,"status":"passed","summary":""},{"assertionResults":[{"ancestorTitles":["Pruebas de Inicio de Sesión"],"duration":16,"failing":false,"failureDetails":[],"failureMessages":[],"fullName":"Pruebas de Inicio de Sesión debe mostrar error cuando los campos están vacíos","invocations":1,"location":null,"numPassingAsserts":2,"retryReasons":[],"startAt":1762718948350,"status":"passed","title":"debe mostrar error cuando los campos están vacíos"},{"ancestorTitles":["Pruebas de Inicio de Sesión"],"duration":29,"failing":false,"failureDetails":[],"failureMessages":[],"fullName":"Pruebas de Inicio de Sesión debe iniciar sesión correctamente","invocations":1,"location":null,"numPassingAsserts":3,"retryReasons":[],"startAt":1762718948367,"status":"passed","title":"debe iniciar sesión correctamente"},{"ancestorTitles":["Pruebas de Inicio de Sesión"],"duration":3,"failing":false,"failureDetails":[],"failureMessages":[],"fullName":"Pruebas de Inicio de Sesión debe manejar errores durante el inicio de sesión","invocations":1,"location":null,"numPassingAsserts":3,"retryReasons":[],"startAt":1762718948396,"status":"passed","title":"debe manejar errores durante el inicio de sesión"}],"endTime":1762718948403,"message":"","name":"D:\\Proyectos\\SeguridadAPP\\SeguridadCiudadanaApp\\__tests__\\login.test.js","startTime":1762718941305,"status":"passed","summary":""},{"assertionResults":[{"ancestorTitles":["Ver Reportes Ciudadanos"],"duration":150,"failing":false,"failureDetails":[],"failureMessages":[],"fullName":"Ver Reportes Ciudadanos carga y muestra los reportes en el mapa","invocations":1,"location":null,"numPassingAsserts":1,"retryReasons":[],"startAt":1762718948007,"status":"passed","title":"carga y muestra los reportes en el mapa"},{"ancestorTitles":["Ver Reportes Ciudadanos"],"duration":124,"failing":false,"failureDetails":[],"failureMessages":[],"fullName":"Ver Reportes Ciudadanos muestra detalles del reporte al presionar un marcador","invocations":1,"location":null,"numPassingAsserts":1,"retryReasons":[],"startAt":1762718948158,"status":"passed","title":"muestra detalles del reporte al presionar un marcador"},{"ancestorTitles":["Ver Reportes Ciudadanos"],"duration":96,"failing":false,"failureDetails":[],"failureMessages":[],"fullName":"Ver Reportes Ciudadanos navega al detalle del reporte al presionar en ver más","invocations":1,"location":null,"numPassingAsserts":1,"retryReasons":[],"startAt":1762718948283,"status":"passed","title":"navega al detalle del reporte al presionar en ver más"}],"endTime":1762718948383,"message":"","name":"D:\\Proyectos\\SeguridadAPP\\SeguridadCiudadanaApp\\__tests__\\viewCitizenReports.test.js","startTime":1762718941284,"status":"passed","summary":""},{"assertionResults":[{"ancestorTitles":["Cierre de Sesión"],"duration":139,"failing":false,"failureDetails":[],"failureMessages":[],"fullName":"Cierre de Sesión muestra la información del perfil correctamente","invocations":1,"location":null,"numPassingAsserts":1,"retryReasons":[],"startAt":1762718948254,"status":"passed","title":"muestra la información del perfil correctamente"},{"ancestorTitles":["Cierre de Sesión"],"duration":42,"failing":false,"failureDetails":[],"failureMessages":[],"fullName":"Cierre de Sesión cierra sesión correctamente al presionar el botón","invocations":1,"location":null,"numPassingAsserts":2,"retryReasons":[],"startAt":1762718948394,"status":"passed","title":"cierra sesión correctamente al presionar el botón"},{"ancestorTitles":["Cierre de Sesión"],"duration":48,"failing":false,"failureDetails":[],"failureMessages":[],"fullName":"Cierre de Sesión muestra mensaje de error si falla el cierre de sesión","invocations":1,"location":null,"numPassingAsserts":1,"retryReasons":[],"startAt":1762718948436,"status":"passed","title":"muestra mensaje de error si falla el cierre de sesión"},{"ancestorTitles":["Cierre de Sesión"],"duration":null,"failing":false,"failureDetails":[],"failureMessages":[],"fullName":"Cierre de Sesión muestra diálogo de confirmación antes de cerrar sesión","invocations":1,"location":null,"numPassingAsserts":0,"retryReasons":[],"startAt":1762718948484,"status":"pending","title":"muestra diálogo de confirmación antes de cerrar sesión"}],"endTime":1762718948488,"message":"","name":"D:\\Proyectos\\SeguridadAPP\\SeguridadCiudadanaApp\\__tests__\\logout.test.js","startTime":1762718941132,"status":"focused","summary":""},{"assertionResults":[{"ancestorTitles":["RNF-5 Confiabilidad - Aceptación"],"duration":94,"failing":false,"failureDetails":[],"failureMessages":[],"fullName":"RNF-5 Confiabilidad - Aceptación Degradación offline: no crashea y muestra error al enviar","invocations":1,"location":null,"numPassingAsserts":2,"retryReasons":[],"startAt":1762718948662,"status":"passed","title":"Degradación offline: no crashea y muestra error al enviar"},{"ancestorTitles":["RNF-5 Confiabilidad - Aceptación"],"duration":138,"failing":false,"failureDetails":[],"failureMessages":[],"fullName":"RNF-5 Confiabilidad - Aceptación Recuperación tras reconexión: reintento exitoso muestra éxito","invocations":1,"location":null,"numPassingAsserts":4,"retryReasons":[],"startAt":1762718948758,"status":"passed","title":"Recuperación tras reconexión: reintento exitoso muestra éxito"}],"endTime":1762718948899,"message":"","name":"D:\\Proyectos\\SeguridadAPP\\SeguridadCiudadanaApp\\__tests__\\rnf5.acceptance.test.js","startTime":1762718941316,"status":"passed","summary":""},{"assertionResults":[{"ancestorTitles":["AuthLoadingScreen - persistencia de sesión"],"duration":474,"failing":false,"failureDetails":[],"failureMessages":[],"fullName":"AuthLoadingScreen - persistencia de sesión navega a Home cuando el usuario autenticado tiene rol ciudadano (coincidente con almacenamiento)","invocations":1,"location":null,"numPassingAsserts":1,"retryReasons":[],"startAt":1762718948475,"status":"passed","title":"navega a Home cuando el usuario autenticado tiene rol ciudadano (coincidente con almacenamiento)"},{"ancestorTitles":["AuthLoadingScreen - persistencia de sesión"],"duration":76,"failing":false,"failureDetails":[],"failureMessages":[],"fullName":"AuthLoadingScreen - persistencia de sesión navega a AuthorityDashboard cuando el rol es autoridad (coincide con almacenamiento)","invocations":1,"location":null,"numPassingAsserts":1,"retryReasons":[],"startAt":1762718948950,"status":"passed","title":"navega a AuthorityDashboard cuando el rol es autoridad (coincide con almacenamiento)"}],"endTime":1762718949029,"message":"","name":"D:\\Proyectos\\SeguridadAPP\\SeguridadCiudadanaApp\\__tests__\\sessionPersistence.test.js","startTime":1762718941285,"status":"passed","summary":""},{"assertionResults":[{"ancestorTitles":["Funciones de geolocalización"],"duration":7,"failing":false,"failureDetails":[],"failureMessages":[],"fullName":"Funciones de geolocalización handleLocateMe debería solicitar permisos y obtener ubicación","invocations":1,"location":null,"numPassingAsserts":4,"retryReasons":[],"startAt":1762718949023,"status":"passed","title":"handleLocateMe debería solicitar permisos y obtener ubicación"},{"ancestorTitles":["Funciones de geolocalización"],"duration":3,"failing":false,"failureDetails":[],"failureMessages":[],"fullName":"Funciones de geolocalización handleLocateMe debería manejar permisos denegados","invocations":1,"location":null,"numPassingAsserts":4,"retryReasons":[],"startAt":1762718949032,"status":"passed","title":"handleLocateMe debería manejar permisos denegados"},{"ancestorTitles":["Funciones de geolocalización"],"duration":3,"failing":false,"failureDetails":[],"failureMessages":[],"fullName":"Funciones de geolocalización handleLocateMe debería manejar errores al obtener ubicación","invocations":1,"location":null,"numPassingAsserts":4,"retryReasons":[],"startAt":1762718949036,"status":"passed","title":"handleLocateMe debería manejar errores al obtener ubicación"}],"endTime":1762718949041,"message":"","name":"D:\\Proyectos\\SeguridadAPP\\SeguridadCiudadanaApp\\__tests__\\geolocation.test.js","startTime":1762718947729,"status":"passed","summary":""},{"assertionResults":[{"ancestorTitles":["Flujo de Autenticación - Integración"],"duration":223,"failing":false,"failureDetails":[],"failureMessages":[],"fullName":"Flujo de Autenticación - Integración Login exitoso con MFA habilitado navega a MFAEmailVerify","invocations":1,"location":null,"numPassingAsserts":3,"retryReasons":[],"startAt":1762718948603,"status":"passed","title":"Login exitoso con MFA habilitado navega a MFAEmailVerify"},{"ancestorTitles":["Flujo de Autenticación - Integración"],"duration":73,"failing":false,"failureDetails":[],"failureMessages":[],"fullName":"Flujo de Autenticación - Integración Rol incorrecto: cierra sesión y muestra error (sin navegación)","invocations":1,"location":null,"numPassingAsserts":5,"retryReasons":[],"startAt":1762718948828,"status":"passed","title":"Rol incorrecto: cierra sesión y muestra error (sin navegación)"},{"ancestorTitles":["Flujo de Autenticación - Integración"],"duration":82,"failing":false,"failureDetails":[],"failureMessages":[],"fullName":"Flujo de Autenticación - Integración Sin conexión: bloquea login y muestra advertencia","invocations":1,"location":null,"numPassingAsserts":2,"retryReasons":[],"startAt":1762718948901,"status":"passed","title":"Sin conexión: bloquea login y muestra advertencia"},{"ancestorTitles":["Flujo de Autenticación - Integración"],"duration":74,"failing":false,"failureDetails":[],"failureMessages":[],"fullName":"Flujo de Autenticación - Integración Contraseña incorrecta: muestra error y no navega","invocations":1,"location":null,"numPassingAsserts":2,"retryReasons":[],"startAt":1762718948984,"status":"passed","title":"Contraseña incorrecta: muestra error y no navega"}],"endTime":1762718949066,"message":"","name":"D:\\Proyectos\\SeguridadAPP\\SeguridadCiudadanaApp\\__tests__\\authFlow.integration.test.js","startTime":1762718941303,"status":"passed","summary":""},{"assertionResults":[{"ancestorTitles":["Confirmación y Mensajes"],"duration":59,"failing":false,"failureDetails":[],"failureMessages":[],"fullName":"Confirmación y Mensajes muestra mensaje de éxito correctamente","invocations":1,"location":null,"numPassingAsserts":2,"retryReasons":[],"startAt":1762718949010,"status":"passed","title":"muestra mensaje de éxito correctamente"},{"ancestorTitles":["Confirmación y Mensajes"],"duration":6,"failing":false,"failureDetails":[],"failureMessages":[],"fullName":"Confirmación y Mensajes muestra mensaje de error correctamente","invocations":1,"location":null,"numPassingAsserts":2,"retryReasons":[],"startAt":1762718949070,"status":"passed","title":"muestra mensaje de error correctamente"},{"ancestorTitles":["Confirmación y Mensajes"],"duration":11,"failing":false,"failureDetails":[],"failureMessages":[],"fullName":"Confirmación y Mensajes llama a onDismiss cuando se cierra el mensaje","invocations":1,"location":null,"numPassingAsserts":1,"retryReasons":[],"startAt":1762718949076,"status":"passed","title":"llama a onDismiss cuando se cierra el mensaje"},{"ancestorTitles":["Confirmación y Mensajes"],"duration":2,"failing":false,"failureDetails":[],"failureMessages":[],"fullName":"Confirmación y Mensajes no renderiza nada cuando visible es false","invocations":1,"location":null,"numPassingAsserts":1,"retryReasons":[],"startAt":1762718949087,"status":"passed","title":"no renderiza nada cuando visible es false"}],"endTime":1762718949096,"message":"","name":"D:\\Proyectos\\SeguridadAPP\\SeguridadCiudadanaApp\\__tests__\\feedback.test.js","startTime":1762718947804,"status":"passed","summary":""},{"assertionResults":[{"ancestorTitles":["RNF-2 Seguridad - Aceptación"],"duration":17,"failing":false,"failureDetails":[],"failureMessages":[],"fullName":"RNF-2 Seguridad - Aceptación Usa SecureStore para claves sensibles (user) y no AsyncStorage","invocations":1,"location":null,"numPassingAsserts":6,"retryReasons":[],"startAt":1762718948860,"status":"passed","title":"Usa SecureStore para claves sensibles (user) y no AsyncStorage"},{"ancestorTitles":["RNF-2 Seguridad - Aceptación"],"duration":326,"failing":false,"failureDetails":[],"failureMessages":[],"fullName":"RNF-2 Seguridad - Aceptación Configuración de producción usa HTTPS y lo exige","invocations":1,"location":null,"numPassingAsserts":3,"retryReasons":[],"startAt":1762718948878,"status":"passed","title":"Configuración de producción usa HTTPS y lo exige"}],"endTime":1762718949206,"message":"","name":"D:\\Proyectos\\SeguridadAPP\\SeguridadCiudadanaApp\\__tests__\\rnf2.acceptance.test.js","startTime":1762718947821,"status":"passed","summary":""},{"assertionResults":[{"ancestorTitles":["Cambiar Estado del Reporte"],"duration":484,"failing":false,"failureDetails":[],"failureMessages":[],"fullName":"Cambiar Estado del Reporte muestra los detalles del reporte correctamente","invocations":1,"location":null,"numPassingAsserts":3,"retryReasons":[],"startAt":1762718948410,"status":"passed","title":"muestra los detalles del reporte correctamente"},{"ancestorTitles":["Cambiar Estado del Reporte"],"duration":127,"failing":false,"failureDetails":[],"failureMessages":[],"fullName":"Cambiar Estado del Reporte permite a la autoridad cambiar el estado del reporte","invocations":1,"location":null,"numPassingAsserts":4,"retryReasons":[],"startAt":1762718948896,"status":"passed","title":"permite a la autoridad cambiar el estado del reporte"},{"ancestorTitles":["Cambiar Estado del Reporte"],"duration":70,"failing":false,"failureDetails":[],"failureMessages":[],"fullName":"Cambiar Estado del Reporte no muestra opciones de cambio de estado para usuarios normales","invocations":1,"location":null,"numPassingAsserts":2,"retryReasons":[],"startAt":1762718949023,"status":"passed","title":"no muestra opciones de cambio de estado para usuarios normales"},{"ancestorTitles":["Cambiar Estado del Reporte"],"duration":142,"failing":false,"failureDetails":[],"failureMessages":[],"fullName":"Cambiar Estado del Reporte muestra error si la actualización de estado falla","invocations":1,"location":null,"numPassingAsserts":2,"retryReasons":[],"startAt":1762718949093,"status":"passed","title":"muestra error si la actualización de estado falla"}],"endTime":1762718949239,"message":"","name":"D:\\Proyectos\\SeguridadAPP\\SeguridadCiudadanaApp\\__tests__\\changeReportStatus.test.js","startTime":1762718941256,"status":"passed","summary":""},{"assertionResults":[{"ancestorTitles":["Notificación Cambio de Estado"],"duration":123,"failing":false,"failureDetails":[],"failureMessages":[],"fullName":"Notificación Cambio de Estado envía notificación cuando cambia el estado de un reporte","invocations":1,"location":null,"numPassingAsserts":1,"retryReasons":[],"startAt":1762718949204,"status":"passed","title":"envía notificación cuando cambia el estado de un reporte"},{"ancestorTitles":["Notificación Cambio de Estado"],"duration":3,"failing":false,"failureDetails":[],"failureMessages":[],"fullName":"Notificación Cambio de Estado registra el dispositivo para recibir notificaciones","invocations":1,"location":null,"numPassingAsserts":2,"retryReasons":[],"startAt":1762718949328,"status":"passed","title":"registra el dispositivo para recibir notificaciones"}],"endTime":1762718949334,"message":"","name":"D:\\Proyectos\\SeguridadAPP\\SeguridadCiudadanaApp\\__tests__\\notifications.test.js","startTime":1762718947458,"status":"passed","summary":""},{"assertionResults":[{"ancestorTitles":["AllReportsMapScreen (RF-6)"],"duration":387,"failing":false,"failureDetails":[],"failureMessages":[],"fullName":"AllReportsMapScreen (RF-6) renderiza controles y permite alternar heatmap","invocations":1,"location":null,"numPassingAsserts":4,"retryReasons":[],"startAt":1762718949043,"status":"passed","title":"renderiza controles y permite alternar heatmap"}],"endTime":1762718949434,"message":"","name":"D:\\Proyectos\\SeguridadAPP\\SeguridadCiudadanaApp\\__tests__\\allReportsMapScreen.test.js","startTime":1762718941243,"status":"passed","summary":""},{"assertionResults":[{"ancestorTitles":["RNF-9 Seguridad de Sesiones - Aceptación (almacenamiento)"],"duration":19,"failing":false,"failureDetails":[],"failureMessages":[],"fullName":"RNF-9 Seguridad de Sesiones - Aceptación (almacenamiento) secureStorage.removeItem borra datos sensibles en SecureStore y AsyncStorage","invocations":1,"location":null,"numPassingAsserts":2,"retryReasons":[],"startAt":1762718949121,"status":"passed","title":"secureStorage.removeItem borra datos sensibles en SecureStore y AsyncStorage"},{"ancestorTitles":["RNF-9 Seguridad de Sesiones - Aceptación (almacenamiento)"],"duration":314,"failing":false,"failureDetails":[],"failureMessages":[],"fullName":"RNF-9 Seguridad de Sesiones - Aceptación (almacenamiento) Claves sensibles definidas incluyen token de sesión en appConfig","invocations":1,"location":null,"numPassingAsserts":1,"retryReasons":[],"startAt":1762718949141,"status":"passed","title":"Claves sensibles definidas incluyen token de sesión en appConfig"}],"endTime":1762718949458,"message":"","name":"D:\\Proyectos\\SeguridadAPP\\SeguridadCiudadanaApp\\__tests__\\rnf9.acceptance.test.js","startTime":1762718948063,"status":"passed","summary":""},{"assertionResults":[{"ancestorTitles":["Pruebas de seguridad"],"duration":4,"failing":false,"failureDetails":[],"failureMessages":[],"fullName":"Pruebas de seguridad debe verificar aspectos básicos de seguridad","invocations":1,"location":null,"numPassingAsserts":1,"retryReasons":[],"startAt":1762718949468,"status":"passed","title":"debe verificar aspectos básicos de seguridad"},{"ancestorTitles":["Pruebas de seguridad"],"duration":2,"failing":false,"failureDetails":[],"failureMessages":[],"fullName":"Pruebas de seguridad debe validar contraseñas seguras","invocations":1,"location":null,"numPassingAsserts":4,"retryReasons":[],"startAt":1762718949473,"status":"passed","title":"debe validar contraseñas seguras"}],"endTime":1762718949477,"message":"","name":"D:\\Proyectos\\SeguridadAPP\\SeguridadCiudadanaApp\\__tests__\\security.test.js","startTime":1762718948440,"status":"passed","summary":""},{"assertionResults":[{"ancestorTitles":["Hook useLocation"],"duration":5,"failing":false,"failureDetails":[],"failureMessages":[],"fullName":"Hook useLocation debería funcionar correctamente","invocations":1,"location":null,"numPassingAsserts":1,"retryReasons":[],"startAt":1762718949501,"status":"passed","title":"debería funcionar correctamente"}],"endTime":1762718949509,"message":"","name":"D:\\Proyectos\\SeguridadAPP\\SeguridadCiudadanaApp\\__tests__\\useLocation.test.js","startTime":1762718948480,"status":"passed","summary":""},{"assertionResults":[{"ancestorTitles":["Pruebas de UI/UX","Componentes básicos"],"duration":3,"failing":false,"failureDetails":[],"failureMessages":[],"fullName":"Pruebas de UI/UX Componentes básicos Verificación de estilos y dimensiones","invocations":1,"location":null,"numPassingAsserts":1,"retryReasons":[],"startAt":1762718949542,"status":"passed","title":"Verificación de estilos y dimensiones"},{"ancestorTitles":["Pruebas de UI/UX","Componentes básicos"],"duration":1,"failing":false,"failureDetails":[],"failureMessages":[],"fullName":"Pruebas de UI/UX Componentes básicos Verificación de responsive design","invocations":1,"location":null,"numPassingAsserts":3,"retryReasons":[],"startAt":1762718949547,"status":"passed","title":"Verificación de responsive design"}],"endTime":1762718949550,"message":"","name":"D:\\Proyectos\\SeguridadAPP\\SeguridadCiudadanaApp\\__tests__\\ui.test.js","startTime":1762718948507,"status":"passed","summary":""},{"assertionResults":[{"ancestorTitles":["useForm hook"],"duration":4,"failing":false,"failureDetails":[],"failureMessages":[],"fullName":"useForm hook Verificación básica de formularios","invocations":1,"location":null,"numPassingAsserts":1,"retryReasons":[],"startAt":1762718949568,"status":"passed","title":"Verificación básica de formularios"},{"ancestorTitles":["useForm hook"],"duration":1,"failing":false,"failureDetails":[],"failureMessages":[],"fullName":"useForm hook Simulación de manejo de formulario","invocations":1,"location":null,"numPassingAsserts":1,"retryReasons":[],"startAt":1762718949573,"status":"passed","title":"Simulación de manejo de formulario"}],"endTime":1762718949576,"message":"","name":"D:\\Proyectos\\SeguridadAPP\\SeguridadCiudadanaApp\\__tests__\\useForm.test.js","startTime":1762718948533,"status":"passed","summary":""},{"assertionResults":[{"ancestorTitles":["Validaciones"],"duration":3,"failing":false,"failureDetails":[],"failureMessages":[],"fullName":"Validaciones Verificación básica de validaciones","invocations":1,"location":null,"numPassingAsserts":1,"retryReasons":[],"startAt":1762718949576,"status":"passed","title":"Verificación básica de validaciones"},{"ancestorTitles":["Validaciones"],"duration":2,"failing":false,"failureDetails":[],"failureMessages":[],"fullName":"Validaciones Validación de correo electrónico","invocations":1,"location":null,"numPassingAsserts":2,"retryReasons":[],"startAt":1762718949580,"status":"passed","title":"Validación de correo electrónico"}],"endTime":1762718949584,"message":"","name":"D:\\Proyectos\\SeguridadAPP\\SeguridadCiudadanaApp\\__tests__\\validations.test.js","startTime":1762718948521,"status":"passed","summary":""},{"assertionResults":[{"ancestorTitles":["Pruebas de componentes"],"duration":2,"failing":false,"failureDetails":[],"failureMessages":[],"fullName":"Pruebas de componentes Verificación básica de componentes","invocations":1,"location":null,"numPassingAsserts":1,"retryReasons":[],"startAt":1762718949622,"status":"passed","title":"Verificación básica de componentes"},{"ancestorTitles":["Pruebas de componentes"],"duration":1,"failing":false,"failureDetails":[],"failureMessages":[],"fullName":"Pruebas de componentes Simulación de botón de emergencia","invocations":1,"location":null,"numPassingAsserts":2,"retryReasons":[],"startAt":1762718949625,"status":"passed","title":"Simulación de botón de emergencia"}],"endTime":1762718949628,"message":"","name":"D:\\Proyectos\\SeguridadAPP\\SeguridadCiudadanaApp\\__tests__\\components.test.js","startTime":1762718948631,"status":"passed","summary":""},{"assertionResults":[{"ancestorTitles":["AuthLoadingScreen - rol inconsistente"],"duration":242,"failing":false,"failureDetails":[],"failureMessages":[],"fullName":"AuthLoadingScreen - rol inconsistente signOut y reset a RoleSelector cuando el rol almacenado no coincide con Firestore","invocations":1,"location":null,"numPassingAsserts":3,"retryReasons":[],"startAt":1762718949439,"status":"passed","title":"signOut y reset a RoleSelector cuando el rol almacenado no coincide con Firestore"}],"endTime":1762718949683,"message":"","name":"D:\\Proyectos\\SeguridadAPP\\SeguridadCiudadanaApp\\__tests__\\sessionRoleMismatch.test.js","startTime":1762718947760,"status":"passed","summary":""},{"assertionResults":[{"ancestorTitles":["RNF-6 Portabilidad - Aceptación"],"duration":3,"failing":false,"failureDetails":[],"failureMessages":[],"fullName":"RNF-6 Portabilidad - Aceptación minSdkVersion >= 26 en configuración de Android","invocations":1,"location":null,"numPassingAsserts":2,"retryReasons":[],"startAt":1762718949790,"status":"passed","title":"minSdkVersion >= 26 en configuración de Android"}],"endTime":1762718949795,"message":"","name":"D:\\Proyectos\\SeguridadAPP\\SeguridadCiudadanaApp\\__tests__\\rnf6.acceptance.test.js","startTime":1762718948934,"status":"passed","summary":""},{"assertionResults":[{"ancestorTitles":["IncidentHeatmapScreen (RF-6)"],"duration":254,"failing":false,"failureDetails":[],"failureMessages":[],"fullName":"IncidentHeatmapScreen (RF-6) renderiza HeatmapWebView con HTML del heatmap y muestra zonas","invocations":1,"location":null,"numPassingAsserts":4,"retryReasons":[],"startAt":1762718949479,"status":"passed","title":"renderiza HeatmapWebView con HTML del heatmap y muestra zonas"},{"ancestorTitles":["IncidentHeatmapScreen (RF-6)"],"duration":78,"failing":false,"failureDetails":[],"failureMessages":[],"fullName":"IncidentHeatmapScreen (RF-6) abre el modal de detalles al tocar una zona","invocations":1,"location":null,"numPassingAsserts":2,"retryReasons":[],"startAt":1762718949734,"status":"passed","title":"abre el modal de detalles al tocar una zona"}],"endTime":1762718949813,"message":"","name":"D:\\Proyectos\\SeguridadAPP\\SeguridadCiudadanaApp\\__tests__\\incidentHeatmapScreen.test.js","startTime":1762718947292,"status":"passed","summary":""},{"assertionResults":[{"ancestorTitles":["RNF-4 Mantenibilidad - Aceptación"],"duration":4,"failing":false,"failureDetails":[],"failureMessages":[],"fullName":"RNF-4 Mantenibilidad - Aceptación Estructura modular presente","invocations":1,"location":null,"numPassingAsserts":1,"retryReasons":[],"startAt":1762718949841,"status":"passed","title":"Estructura modular presente"},{"ancestorTitles":["RNF-4 Mantenibilidad - Aceptación"],"duration":1,"failing":false,"failureDetails":[],"failureMessages":[],"fullName":"RNF-4 Mantenibilidad - Aceptación TypeScript configurado y presente en devDependencies","invocations":1,"location":null,"numPassingAsserts":2,"retryReasons":[],"startAt":1762718949846,"status":"passed","title":"TypeScript configurado y presente en devDependencies"},{"ancestorTitles":["RNF-4 Mantenibilidad - Aceptación"],"duration":1,"failing":false,"failureDetails":[],"failureMessages":[],"fullName":"RNF-4 Mantenibilidad - Aceptación Configuración de pruebas lista y script test definido","invocations":1,"location":null,"numPassingAsserts":2,"retryReasons":[],"startAt":1762718949847,"status":"passed","title":"Configuración de pruebas lista y script test definido"},{"ancestorTitles":["RNF-4 Mantenibilidad - Aceptación"],"duration":2,"failing":false,"failureDetails":[],"failureMessages":[],"fullName":"RNF-4 Mantenibilidad - Aceptación Suite de pruebas con volumen mínimo","invocations":1,"location":null,"numPassingAsserts":2,"retryReasons":[],"startAt":1762718949848,"status":"passed","title":"Suite de pruebas con volumen mínimo"}],"endTime":1762718949851,"message":"","name":"D:\\Proyectos\\SeguridadAPP\\SeguridadCiudadanaApp\\__tests__\\rnf4.acceptance.test.js","startTime":1762718949088,"status":"passed","summary":""},{"assertionResults":[{"ancestorTitles":["Flujo de Reportes - Integración"],"duration":2,"failing":false,"failureDetails":[],"failureMessages":[],"fullName":"Flujo de Reportes - Integración Verificación básica de reportes","invocations":1,"location":null,"numPassingAsserts":1,"retryReasons":[],"startAt":1762718949864,"status":"passed","title":"Verificación básica de reportes"},{"ancestorTitles":["Flujo de Reportes - Integración"],"duration":1,"failing":false,"failureDetails":[],"failureMessages":[],"fullName":"Flujo de Reportes - Integración Simulación de creación de reporte","invocations":1,"location":null,"numPassingAsserts":1,"retryReasons":[],"startAt":1762718949867,"status":"passed","title":"Simulación de creación de reporte"}],"endTime":1762718949869,"message":"","name":"D:\\Proyectos\\SeguridadAPP\\SeguridadCiudadanaApp\\__tests__\\reportFlow.integration.test.js","startTime":1762718949060,"status":"passed","summary":""},{"assertionResults":[{"ancestorTitles":["Ver Mis Reportes"],"duration":265,"failing":false,"failureDetails":[],"failureMessages":[],"fullName":"Ver Mis Reportes muestra la lista de reportes del usuario correctamente","invocations":1,"location":null,"numPassingAsserts":4,"retryReasons":[],"startAt":1762718949973,"status":"passed","title":"muestra la lista de reportes del usuario correctamente"},{"ancestorTitles":["Ver Mis Reportes"],"duration":68,"failing":false,"failureDetails":[],"failureMessages":[],"fullName":"Ver Mis Reportes navega al detalle del reporte al hacer clic en un reporte","invocations":1,"location":null,"numPassingAsserts":1,"retryReasons":[],"startAt":1762718950239,"status":"passed","title":"navega al detalle del reporte al hacer clic en un reporte"},{"ancestorTitles":["Ver Mis Reportes"],"duration":60,"failing":false,"failureDetails":[],"failureMessages":[],"fullName":"Ver Mis Reportes muestra mensaje cuando no hay reportes","invocations":1,"location":null,"numPassingAsserts":1,"retryReasons":[],"startAt":1762718950307,"status":"passed","title":"muestra mensaje cuando no hay reportes"},{"ancestorTitles":["Ver Mis Reportes"],"duration":23,"failing":false,"failureDetails":[],"failureMessages":[],"fullName":"Ver Mis Reportes muestra indicador de carga mientras se obtienen los reportes","invocations":1,"location":null,"numPassingAsserts":1,"retryReasons":[],"startAt":1762718950367,"status":"passed","title":"muestra indicador de carga mientras se obtienen los reportes"}],"endTime":1762718950392,"message":"","name":"D:\\Proyectos\\SeguridadAPP\\SeguridadCiudadanaApp\\__tests__\\viewMyReports.test.js","startTime":1762718941322,"status":"passed","summary":""}],"wasInterrupted":false}
