{"numFailedTestSuites":0,"numFailedTests":0,"numPassedTestSuites":35,"numPassedTests":87,"numPendingTestSuites":0,"numPendingTests":1,"numRuntimeErrorTestSuites":0,"numTodoTests":0,"numTotalTestSuites":35,"numTotalTests":88,"openHandles":[],"snapshot":{"added":0,"didUpdate":false,"failure":false,"filesAdded":0,"filesRemoved":0,"filesRemovedList":[],"filesUnmatched":0,"filesUpdated":0,"matched":0,"total":0,"unchecked":0,"uncheckedKeysByFile":[],"unmatched":0,"updated":0},"startTime":1762750020022,"success":true,"testResults":[{"assertionResults":[{"ancestorTitles":["Flujo Completo de Usuario - Prueba de Aceptación"],"duration":10,"failing":false,"failureDetails":[],"failureMessages":[],"fullName":"Flujo Completo de Usuario - Prueba de Aceptación Flujo completo: registro, login, crear reporte, ver reportes y logout","invocations":1,"location":null,"numPassingAsserts":10,"retryReasons":[],"startAt":1762750028722,"status":"passed","title":"Flujo completo: registro, login, crear reporte, ver reportes y logout"},{"ancestorTitles":["Flujo Completo de Usuario - Prueba de Aceptación"],"duration":1,"failing":false,"failureDetails":[],"failureMessages":[],"fullName":"Flujo Completo de Usuario - Prueba de Aceptación Manejo de errores en el flujo de usuario","invocations":1,"location":null,"numPassingAsserts":2,"retryReasons":[],"startAt":1762750028733,"status":"passed","title":"Manejo de errores en el flujo de usuario"}],"endTime":1762750028736,"message":"","name":"D:\\Proyectos\\SeguridadAPP\\SeguridadCiudadanaApp\\__tests__\\userFlow.acceptance.test.js","startTime":1762750021610,"status":"passed","summary":""},{"assertionResults":[{"ancestorTitles":["RNF-8 Tolerancia a Errores - Aceptación"],"duration":32,"failing":false,"failureDetails":[],"failureMessages":[],"fullName":"RNF-8 Tolerancia a Errores - Aceptación robustOnSnapshot reintenta ante ERR_ABORTED y entrega datos","invocations":1,"location":null,"numPassingAsserts":4,"retryReasons":[],"startAt":1762750028832,"status":"passed","title":"robustOnSnapshot reintenta ante ERR_ABORTED y entrega datos"},{"ancestorTitles":["RNF-8 Tolerancia a Errores - Aceptación"],"duration":10,"failing":false,"failureDetails":[],"failureMessages":[],"fullName":"RNF-8 Tolerancia a Errores - Aceptación robustOnSnapshot delega a onError en errores no transitorios","invocations":1,"location":null,"numPassingAsserts":4,"retryReasons":[],"startAt":1762750028865,"status":"passed","title":"robustOnSnapshot delega a onError en errores no transitorios"}],"endTime":1762750028877,"message":"","name":"D:\\Proyectos\\SeguridadAPP\\SeguridadCiudadanaApp\\__tests__\\rnf8.acceptance.test.js","startTime":1762750021606,"status":"passed","summary":""},{"assertionResults":[{"ancestorTitles":["RNF-7 Escalabilidad - Aceptación"],"duration":210,"failing":false,"failureDetails":[],"failureMessages":[],"fullName":"RNF-7 Escalabilidad - Aceptación ExportService aplica filtro por zone cuando se especifica","invocations":1,"location":null,"numPassingAsserts":3,"retryReasons":[],"startAt":1762750028773,"status":"passed","title":"ExportService aplica filtro por zone cuando se especifica"},{"ancestorTitles":["RNF-7 Escalabilidad - Aceptación"],"duration":146,"failing":false,"failureDetails":[],"failureMessages":[],"fullName":"RNF-7 Escalabilidad - Aceptación ExportService no fuerza zona cuando no se especifica (flexible multi-distrito)","invocations":1,"location":null,"numPassingAsserts":2,"retryReasons":[],"startAt":1762750028984,"status":"passed","title":"ExportService no fuerza zona cuando no se especifica (flexible multi-distrito)"}],"endTime":1762750029132,"message":"","name":"D:\\Proyectos\\SeguridadAPP\\SeguridadCiudadanaApp\\__tests__\\rnf7.acceptance.test.js","startTime":1762750021603,"status":"passed","summary":""},{"assertionResults":[{"ancestorTitles":["Pruebas de rendimiento"],"duration":149,"failing":false,"failureDetails":[],"failureMessages":[],"fullName":"Pruebas de rendimiento debe registrar métricas con el util y recuperarlas","invocations":1,"location":null,"numPassingAsserts":1,"retryReasons":[],"startAt":1762750028631,"status":"passed","title":"debe registrar métricas con el util y recuperarlas"},{"ancestorTitles":["Pruebas de rendimiento"],"duration":271,"failing":false,"failureDetails":[],"failureMessages":[],"fullName":"Pruebas de rendimiento debe medir el tiempo de ejecución de una operación","invocations":1,"location":null,"numPassingAsserts":1,"retryReasons":[],"startAt":1762750028781,"status":"passed","title":"debe medir el tiempo de ejecución de una operación"},{"ancestorTitles":["Pruebas de rendimiento"],"duration":44,"failing":false,"failureDetails":[],"failureMessages":[],"fullName":"Pruebas de rendimiento debe manejar grandes conjuntos de datos","invocations":1,"location":null,"numPassingAsserts":1,"retryReasons":[],"startAt":1762750029052,"status":"passed","title":"debe manejar grandes conjuntos de datos"},{"ancestorTitles":["Pruebas de rendimiento"],"duration":5,"failing":false,"failureDetails":[],"failureMessages":[],"fullName":"Pruebas de rendimiento debe manejar la creación masiva de reportes","invocations":1,"location":null,"numPassingAsserts":3,"retryReasons":[],"startAt":1762750029097,"status":"passed","title":"debe manejar la creación masiva de reportes"},{"ancestorTitles":["Pruebas de rendimiento"],"duration":66,"failing":false,"failureDetails":[],"failureMessages":[],"fullName":"Pruebas de rendimiento debe manejar múltiples usuarios accediendo simultáneamente","invocations":1,"location":null,"numPassingAsserts":2,"retryReasons":[],"startAt":1762750029102,"status":"passed","title":"debe manejar múltiples usuarios accediendo simultáneamente"}],"endTime":1762750029171,"message":"","name":"D:\\Proyectos\\SeguridadAPP\\SeguridadCiudadanaApp\\__tests__\\performance.test.js","startTime":1762750021610,"status":"passed","summary":""},{"assertionResults":[{"ancestorTitles":["Pruebas de Inicio de Sesión"],"duration":13,"failing":false,"failureDetails":[],"failureMessages":[],"fullName":"Pruebas de Inicio de Sesión debe mostrar error cuando los campos están vacíos","invocations":1,"location":null,"numPassingAsserts":2,"retryReasons":[],"startAt":1762750029904,"status":"passed","title":"debe mostrar error cuando los campos están vacíos"},{"ancestorTitles":["Pruebas de Inicio de Sesión"],"duration":5,"failing":false,"failureDetails":[],"failureMessages":[],"fullName":"Pruebas de Inicio de Sesión debe iniciar sesión correctamente","invocations":1,"location":null,"numPassingAsserts":3,"retryReasons":[],"startAt":1762750029918,"status":"passed","title":"debe iniciar sesión correctamente"},{"ancestorTitles":["Pruebas de Inicio de Sesión"],"duration":3,"failing":false,"failureDetails":[],"failureMessages":[],"fullName":"Pruebas de Inicio de Sesión debe manejar errores durante el inicio de sesión","invocations":1,"location":null,"numPassingAsserts":3,"retryReasons":[],"startAt":1762750029924,"status":"passed","title":"debe manejar errores durante el inicio de sesión"}],"endTime":1762750029938,"message":"","name":"D:\\Proyectos\\SeguridadAPP\\SeguridadCiudadanaApp\\__tests__\\login.test.js","startTime":1762750021608,"status":"passed","summary":""},{"assertionResults":[{"ancestorTitles":["RNF-10 Accesibilidad - Aceptación"],"duration":52,"failing":false,"failureDetails":[],"failureMessages":[],"fullName":"RNF-10 Accesibilidad - Aceptación RoleSelectorScreen expone labels y roles accesibles en CTAs","invocations":1,"location":null,"numPassingAsserts":3,"retryReasons":[],"startAt":1762750029903,"status":"passed","title":"RoleSelectorScreen expone labels y roles accesibles en CTAs"}],"endTime":1762750029981,"message":"","name":"D:\\Proyectos\\SeguridadAPP\\SeguridadCiudadanaApp\\__tests__\\rnf10.accessibility.acceptance.test.js","startTime":1762750021603,"status":"passed","summary":""},{"assertionResults":[{"ancestorTitles":["RNF-3 Usabilidad - Aceptación"],"duration":57,"failing":false,"failureDetails":[],"failureMessages":[],"fullName":"RNF-3 Usabilidad - Aceptación Login: CTA principal visible y validación muestra error claro con campos vacíos","invocations":1,"location":null,"numPassingAsserts":2,"retryReasons":[],"startAt":1762750029911,"status":"passed","title":"Login: CTA principal visible y validación muestra error claro con campos vacíos"},{"ancestorTitles":["RNF-3 Usabilidad - Aceptación"],"duration":38,"failing":false,"failureDetails":[],"failureMessages":[],"fullName":"RNF-3 Usabilidad - Aceptación Reportes: CTA \"Enviar Reporte\" visible y confirmación antes de enviar","invocations":1,"location":null,"numPassingAsserts":3,"retryReasons":[],"startAt":1762750029971,"status":"passed","title":"Reportes: CTA \"Enviar Reporte\" visible y confirmación antes de enviar"}],"endTime":1762750030013,"message":"","name":"D:\\Proyectos\\SeguridadAPP\\SeguridadCiudadanaApp\\__tests__\\rnf3.acceptance.test.js","startTime":1762750021612,"status":"passed","summary":""},{"assertionResults":[{"ancestorTitles":["Pruebas de Registro de Usuario"],"duration":22,"failing":false,"failureDetails":[],"failureMessages":[],"fullName":"Pruebas de Registro de Usuario debe mostrar error cuando los campos están vacíos","invocations":1,"location":null,"numPassingAsserts":2,"retryReasons":[],"startAt":1762750030000,"status":"passed","title":"debe mostrar error cuando los campos están vacíos"},{"ancestorTitles":["Pruebas de Registro de Usuario"],"duration":9,"failing":false,"failureDetails":[],"failureMessages":[],"fullName":"Pruebas de Registro de Usuario debe mostrar error cuando las contraseñas no coinciden","invocations":1,"location":null,"numPassingAsserts":2,"retryReasons":[],"startAt":1762750030023,"status":"passed","title":"debe mostrar error cuando las contraseñas no coinciden"},{"ancestorTitles":["Pruebas de Registro de Usuario"],"duration":4,"failing":false,"failureDetails":[],"failureMessages":[],"fullName":"Pruebas de Registro de Usuario debe registrar al usuario correctamente","invocations":1,"location":null,"numPassingAsserts":3,"retryReasons":[],"startAt":1762750030032,"status":"passed","title":"debe registrar al usuario correctamente"},{"ancestorTitles":["Pruebas de Registro de Usuario"],"duration":4,"failing":false,"failureDetails":[],"failureMessages":[],"fullName":"Pruebas de Registro de Usuario debe manejar errores durante el registro","invocations":1,"location":null,"numPassingAsserts":3,"retryReasons":[],"startAt":1762750030037,"status":"passed","title":"debe manejar errores durante el registro"}],"endTime":1762750030044,"message":"","name":"D:\\Proyectos\\SeguridadAPP\\SeguridadCiudadanaApp\\__tests__\\userRegistration.test.js","startTime":1762750021610,"status":"passed","summary":""},{"assertionResults":[{"ancestorTitles":["RNF-1 Aceptación (<= 3000ms)"],"duration":112,"failing":false,"failureDetails":[],"failureMessages":[],"fullName":"RNF-1 Aceptación (<= 3000ms) Envío de reporte (ReportScreen) registra métrica y cumple umbral","invocations":1,"location":null,"numPassingAsserts":2,"retryReasons":[],"startAt":1762750029934,"status":"passed","title":"Envío de reporte (ReportScreen) registra métrica y cumple umbral"},{"ancestorTitles":["RNF-1 Aceptación (<= 3000ms)"],"duration":26,"failing":false,"failureDetails":[],"failureMessages":[],"fullName":"RNF-1 Aceptación (<= 3000ms) Carga de notificaciones (NotificationsScreen) registra métrica y cumple umbral","invocations":1,"location":null,"numPassingAsserts":2,"retryReasons":[],"startAt":1762750030047,"status":"passed","title":"Carga de notificaciones (NotificationsScreen) registra métrica y cumple umbral"},{"ancestorTitles":["RNF-1 Aceptación (<= 3000ms)"],"duration":4,"failing":false,"failureDetails":[],"failureMessages":[],"fullName":"RNF-1 Aceptación (<= 3000ms) Carga inicial del mapa (AllReportsMapScreen) registra métrica y cumple umbral","invocations":1,"location":null,"numPassingAsserts":2,"retryReasons":[],"startAt":1762750030073,"status":"passed","title":"Carga inicial del mapa (AllReportsMapScreen) registra métrica y cumple umbral"}],"endTime":1762750030080,"message":"","name":"D:\\Proyectos\\SeguridadAPP\\SeguridadCiudadanaApp\\__tests__\\rnf1.acceptance.test.js","startTime":1762750021599,"status":"passed","summary":""},{"assertionResults":[{"ancestorTitles":["RNF-5 Confiabilidad - Aceptación"],"duration":109,"failing":false,"failureDetails":[],"failureMessages":[],"fullName":"RNF-5 Confiabilidad - Aceptación Degradación offline: no crashea y muestra error al enviar","invocations":1,"location":null,"numPassingAsserts":2,"retryReasons":[],"startAt":1762750029899,"status":"passed","title":"Degradación offline: no crashea y muestra error al enviar"},{"ancestorTitles":["RNF-5 Confiabilidad - Aceptación"],"duration":132,"failing":false,"failureDetails":[],"failureMessages":[],"fullName":"RNF-5 Confiabilidad - Aceptación Recuperación tras reconexión: reintento exitoso muestra éxito","invocations":1,"location":null,"numPassingAsserts":4,"retryReasons":[],"startAt":1762750030009,"status":"passed","title":"Recuperación tras reconexión: reintento exitoso muestra éxito"}],"endTime":1762750030143,"message":"","name":"D:\\Proyectos\\SeguridadAPP\\SeguridadCiudadanaApp\\__tests__\\rnf5.acceptance.test.js","startTime":1762750021609,"status":"passed","summary":""},{"assertionResults":[{"ancestorTitles":["Acceso a Reportes por Fecha y Tipo"],"duration":138,"failing":false,"failureDetails":[],"failureMessages":[],"fullName":"Acceso a Reportes por Fecha y Tipo filtra reportes por tipo correctamente","invocations":1,"location":null,"numPassingAsserts":3,"retryReasons":[],"startAt":1762750029897,"status":"passed","title":"filtra reportes por tipo correctamente"},{"ancestorTitles":["Acceso a Reportes por Fecha y Tipo"],"duration":79,"failing":false,"failureDetails":[],"failureMessages":[],"fullName":"Acceso a Reportes por Fecha y Tipo filtra reportes por rango de fechas correctamente","invocations":1,"location":null,"numPassingAsserts":3,"retryReasons":[],"startAt":1762750030036,"status":"passed","title":"filtra reportes por rango de fechas correctamente"},{"ancestorTitles":["Acceso a Reportes por Fecha y Tipo"],"duration":60,"failing":false,"failureDetails":[],"failureMessages":[],"fullName":"Acceso a Reportes por Fecha y Tipo muestra mensaje cuando no hay resultados","invocations":1,"location":null,"numPassingAsserts":1,"retryReasons":[],"startAt":1762750030116,"status":"passed","title":"muestra mensaje cuando no hay resultados"}],"endTime":1762750030179,"message":"","name":"D:\\Proyectos\\SeguridadAPP\\SeguridadCiudadanaApp\\__tests__\\reportFilters.test.js","startTime":1762750021609,"status":"passed","summary":""},{"assertionResults":[{"ancestorTitles":["RNF-9 Seguridad de Sesiones - Aceptación (almacenamiento)"],"duration":16,"failing":false,"failureDetails":[],"failureMessages":[],"fullName":"RNF-9 Seguridad de Sesiones - Aceptación (almacenamiento) secureStorage.removeItem borra datos sensibles en SecureStore y AsyncStorage","invocations":1,"location":null,"numPassingAsserts":2,"retryReasons":[],"startAt":1762750029910,"status":"passed","title":"secureStorage.removeItem borra datos sensibles en SecureStore y AsyncStorage"},{"ancestorTitles":["RNF-9 Seguridad de Sesiones - Aceptación (almacenamiento)"],"duration":288,"failing":false,"failureDetails":[],"failureMessages":[],"fullName":"RNF-9 Seguridad de Sesiones - Aceptación (almacenamiento) Claves sensibles definidas incluyen token de sesión en appConfig","invocations":1,"location":null,"numPassingAsserts":1,"retryReasons":[],"startAt":1762750029927,"status":"passed","title":"Claves sensibles definidas incluyen token de sesión en appConfig"}],"endTime":1762750030217,"message":"","name":"D:\\Proyectos\\SeguridadAPP\\SeguridadCiudadanaApp\\__tests__\\rnf9.acceptance.test.js","startTime":1762750029300,"status":"passed","summary":""},{"assertionResults":[{"ancestorTitles":["Flujo de Autenticación - Integración"],"duration":133,"failing":false,"failureDetails":[],"failureMessages":[],"fullName":"Flujo de Autenticación - Integración Login exitoso con MFA habilitado navega a MFAEmailVerify","invocations":1,"location":null,"numPassingAsserts":3,"retryReasons":[],"startAt":1762750030011,"status":"passed","title":"Login exitoso con MFA habilitado navega a MFAEmailVerify"},{"ancestorTitles":["Flujo de Autenticación - Integración"],"duration":71,"failing":false,"failureDetails":[],"failureMessages":[],"fullName":"Flujo de Autenticación - Integración Rol incorrecto: cierra sesión y muestra error (sin navegación)","invocations":1,"location":null,"numPassingAsserts":5,"retryReasons":[],"startAt":1762750030145,"status":"passed","title":"Rol incorrecto: cierra sesión y muestra error (sin navegación)"},{"ancestorTitles":["Flujo de Autenticación - Integración"],"duration":71,"failing":false,"failureDetails":[],"failureMessages":[],"fullName":"Flujo de Autenticación - Integración Sin conexión: bloquea login y muestra advertencia","invocations":1,"location":null,"numPassingAsserts":2,"retryReasons":[],"startAt":1762750030217,"status":"passed","title":"Sin conexión: bloquea login y muestra advertencia"},{"ancestorTitles":["Flujo de Autenticación - Integración"],"duration":88,"failing":false,"failureDetails":[],"failureMessages":[],"fullName":"Flujo de Autenticación - Integración Contraseña incorrecta: muestra error y no navega","invocations":1,"location":null,"numPassingAsserts":2,"retryReasons":[],"startAt":1762750030289,"status":"passed","title":"Contraseña incorrecta: muestra error y no navega"}],"endTime":1762750030385,"message":"","name":"D:\\Proyectos\\SeguridadAPP\\SeguridadCiudadanaApp\\__tests__\\authFlow.integration.test.js","startTime":1762750021608,"status":"passed","summary":""},{"assertionResults":[{"ancestorTitles":["AuthLoadingScreen - rol inconsistente"],"duration":421,"failing":false,"failureDetails":[],"failureMessages":[],"fullName":"AuthLoadingScreen - rol inconsistente signOut y reset a RoleSelector cuando el rol almacenado no coincide con Firestore","invocations":1,"location":null,"numPassingAsserts":3,"retryReasons":[],"startAt":1762750029988,"status":"passed","title":"signOut y reset a RoleSelector cuando el rol almacenado no coincide con Firestore"}],"endTime":1762750030413,"message":"","name":"D:\\Proyectos\\SeguridadAPP\\SeguridadCiudadanaApp\\__tests__\\sessionRoleMismatch.test.js","startTime":1762750028903,"status":"passed","summary":""},{"assertionResults":[{"ancestorTitles":["AllReportsMapScreen (RF-6)"],"duration":595,"failing":false,"failureDetails":[],"failureMessages":[],"fullName":"AllReportsMapScreen (RF-6) renderiza controles y permite alternar heatmap","invocations":1,"location":null,"numPassingAsserts":4,"retryReasons":[],"startAt":1762750029873,"status":"passed","title":"renderiza controles y permite alternar heatmap"}],"endTime":1762750030473,"message":"","name":"D:\\Proyectos\\SeguridadAPP\\SeguridadCiudadanaApp\\__tests__\\allReportsMapScreen.test.js","startTime":1762750021600,"status":"passed","summary":""},{"assertionResults":[{"ancestorTitles":["AuthLoadingScreen - persistencia de sesión"],"duration":417,"failing":false,"failureDetails":[],"failureMessages":[],"fullName":"AuthLoadingScreen - persistencia de sesión navega a Home cuando el usuario autenticado tiene rol ciudadano (coincidente con almacenamiento)","invocations":1,"location":null,"numPassingAsserts":1,"retryReasons":[],"startAt":1762750029986,"status":"passed","title":"navega a Home cuando el usuario autenticado tiene rol ciudadano (coincidente con almacenamiento)"},{"ancestorTitles":["AuthLoadingScreen - persistencia de sesión"],"duration":74,"failing":false,"failureDetails":[],"failureMessages":[],"fullName":"AuthLoadingScreen - persistencia de sesión navega a AuthorityDashboard cuando el rol es autoridad (coincide con almacenamiento)","invocations":1,"location":null,"numPassingAsserts":1,"retryReasons":[],"startAt":1762750030404,"status":"passed","title":"navega a AuthorityDashboard cuando el rol es autoridad (coincide con almacenamiento)"}],"endTime":1762750030487,"message":"","name":"D:\\Proyectos\\SeguridadAPP\\SeguridadCiudadanaApp\\__tests__\\sessionPersistence.test.js","startTime":1762750021610,"status":"passed","summary":""},{"assertionResults":[{"ancestorTitles":["Notificación Cambio de Estado"],"duration":138,"failing":false,"failureDetails":[],"failureMessages":[],"fullName":"Notificación Cambio de Estado envía notificación cuando cambia el estado de un reporte","invocations":1,"location":null,"numPassingAsserts":1,"retryReasons":[],"startAt":1762750030709,"status":"passed","title":"envía notificación cuando cambia el estado de un reporte"},{"ancestorTitles":["Notificación Cambio de Estado"],"duration":3,"failing":false,"failureDetails":[],"failureMessages":[],"fullName":"Notificación Cambio de Estado registra el dispositivo para recibir notificaciones","invocations":1,"location":null,"numPassingAsserts":2,"retryReasons":[],"startAt":1762750030848,"status":"passed","title":"registra el dispositivo para recibir notificaciones"}],"endTime":1762750030853,"message":"","name":"D:\\Proyectos\\SeguridadAPP\\SeguridadCiudadanaApp\\__tests__\\notifications.test.js","startTime":1762750029161,"status":"passed","summary":""},{"assertionResults":[{"ancestorTitles":["Create Report - Integración"],"duration":414,"failing":false,"failureDetails":[],"failureMessages":[],"fullName":"Create Report - Integración 1) Envío exitoso sin imagen","invocations":1,"location":null,"numPassingAsserts":6,"retryReasons":[],"startAt":1762750029901,"status":"passed","title":"1) Envío exitoso sin imagen"},{"ancestorTitles":["Create Report - Integración"],"duration":270,"failing":false,"failureDetails":[],"failureMessages":[],"fullName":"Create Report - Integración 2) Ubicación ausente: muestra UI y permite envío (location=null)","invocations":1,"location":null,"numPassingAsserts":4,"retryReasons":[],"startAt":1762750030316,"status":"passed","title":"2) Ubicación ausente: muestra UI y permite envío (location=null)"},{"ancestorTitles":["Create Report - Integración"],"duration":384,"failing":false,"failureDetails":[],"failureMessages":[],"fullName":"Create Report - Integración 3) Envío con imagen desde galería (web: upload a Storage)","invocations":1,"location":null,"numPassingAsserts":5,"retryReasons":[],"startAt":1762750030587,"status":"passed","title":"3) Envío con imagen desde galería (web: upload a Storage)"}],"endTime":1762750030973,"message":"","name":"D:\\Proyectos\\SeguridadAPP\\SeguridadCiudadanaApp\\__tests__\\createReport.integration.test.js","startTime":1762750021610,"status":"passed","summary":""},{"assertionResults":[{"ancestorTitles":["Validaciones"],"duration":4,"failing":false,"failureDetails":[],"failureMessages":[],"fullName":"Validaciones Verificación básica de validaciones","invocations":1,"location":null,"numPassingAsserts":1,"retryReasons":[],"startAt":1762750030986,"status":"passed","title":"Verificación básica de validaciones"},{"ancestorTitles":["Validaciones"],"duration":1,"failing":false,"failureDetails":[],"failureMessages":[],"fullName":"Validaciones Validación de correo electrónico","invocations":1,"location":null,"numPassingAsserts":2,"retryReasons":[],"startAt":1762750030992,"status":"passed","title":"Validación de correo electrónico"}],"endTime":1762750030996,"message":"","name":"D:\\Proyectos\\SeguridadAPP\\SeguridadCiudadanaApp\\__tests__\\validations.test.js","startTime":1762750030092,"status":"passed","summary":""},{"assertionResults":[{"ancestorTitles":["Pruebas de UI/UX","Componentes básicos"],"duration":5,"failing":false,"failureDetails":[],"failureMessages":[],"fullName":"Pruebas de UI/UX Componentes básicos Verificación de estilos y dimensiones","invocations":1,"location":null,"numPassingAsserts":1,"retryReasons":[],"startAt":1762750031088,"status":"passed","title":"Verificación de estilos y dimensiones"},{"ancestorTitles":["Pruebas de UI/UX","Componentes básicos"],"duration":3,"failing":false,"failureDetails":[],"failureMessages":[],"fullName":"Pruebas de UI/UX Componentes básicos Verificación de responsive design","invocations":1,"location":null,"numPassingAsserts":3,"retryReasons":[],"startAt":1762750031098,"status":"passed","title":"Verificación de responsive design"}],"endTime":1762750031103,"message":"","name":"D:\\Proyectos\\SeguridadAPP\\SeguridadCiudadanaApp\\__tests__\\ui.test.js","startTime":1762750030119,"status":"passed","summary":""},{"assertionResults":[{"ancestorTitles":["Hook useLocation"],"duration":4,"failing":false,"failureDetails":[],"failureMessages":[],"fullName":"Hook useLocation debería funcionar correctamente","invocations":1,"location":null,"numPassingAsserts":1,"retryReasons":[],"startAt":1762750031128,"status":"passed","title":"debería funcionar correctamente"}],"endTime":1762750031134,"message":"","name":"D:\\Proyectos\\SeguridadAPP\\SeguridadCiudadanaApp\\__tests__\\useLocation.test.js","startTime":1762750030239,"status":"passed","summary":""},{"assertionResults":[{"ancestorTitles":["Pruebas de seguridad"],"duration":3,"failing":false,"failureDetails":[],"failureMessages":[],"fullName":"Pruebas de seguridad debe verificar aspectos básicos de seguridad","invocations":1,"location":null,"numPassingAsserts":1,"retryReasons":[],"startAt":1762750031153,"status":"passed","title":"debe verificar aspectos básicos de seguridad"},{"ancestorTitles":["Pruebas de seguridad"],"duration":2,"failing":false,"failureDetails":[],"failureMessages":[],"fullName":"Pruebas de seguridad debe validar contraseñas seguras","invocations":1,"location":null,"numPassingAsserts":4,"retryReasons":[],"startAt":1762750031157,"status":"passed","title":"debe validar contraseñas seguras"}],"endTime":1762750031161,"message":"","name":"D:\\Proyectos\\SeguridadAPP\\SeguridadCiudadanaApp\\__tests__\\security.test.js","startTime":1762750030210,"status":"passed","summary":""},{"assertionResults":[{"ancestorTitles":["Funciones de geolocalización"],"duration":8,"failing":false,"failureDetails":[],"failureMessages":[],"fullName":"Funciones de geolocalización handleLocateMe debería solicitar permisos y obtener ubicación","invocations":1,"location":null,"numPassingAsserts":4,"retryReasons":[],"startAt":1762750031158,"status":"passed","title":"handleLocateMe debería solicitar permisos y obtener ubicación"},{"ancestorTitles":["Funciones de geolocalización"],"duration":2,"failing":false,"failureDetails":[],"failureMessages":[],"fullName":"Funciones de geolocalización handleLocateMe debería manejar permisos denegados","invocations":1,"location":null,"numPassingAsserts":4,"retryReasons":[],"startAt":1762750031167,"status":"passed","title":"handleLocateMe debería manejar permisos denegados"},{"ancestorTitles":["Funciones de geolocalización"],"duration":3,"failing":false,"failureDetails":[],"failureMessages":[],"fullName":"Funciones de geolocalización handleLocateMe debería manejar errores al obtener ubicación","invocations":1,"location":null,"numPassingAsserts":4,"retryReasons":[],"startAt":1762750031170,"status":"passed","title":"handleLocateMe debería manejar errores al obtener ubicación"}],"endTime":1762750031175,"message":"","name":"D:\\Proyectos\\SeguridadAPP\\SeguridadCiudadanaApp\\__tests__\\geolocation.test.js","startTime":1762750030025,"status":"passed","summary":""},{"assertionResults":[{"ancestorTitles":["useForm hook"],"duration":4,"failing":false,"failureDetails":[],"failureMessages":[],"fullName":"useForm hook Verificación básica de formularios","invocations":1,"location":null,"numPassingAsserts":1,"retryReasons":[],"startAt":1762750031182,"status":"passed","title":"Verificación básica de formularios"},{"ancestorTitles":["useForm hook"],"duration":1,"failing":false,"failureDetails":[],"failureMessages":[],"fullName":"useForm hook Simulación de manejo de formulario","invocations":1,"location":null,"numPassingAsserts":1,"retryReasons":[],"startAt":1762750031187,"status":"passed","title":"Simulación de manejo de formulario"}],"endTime":1762750031190,"message":"","name":"D:\\Proyectos\\SeguridadAPP\\SeguridadCiudadanaApp\\__tests__\\useForm.test.js","startTime":1762750030168,"status":"passed","summary":""},{"assertionResults":[{"ancestorTitles":["IncidentHeatmapScreen (RF-6)"],"duration":385,"failing":false,"failureDetails":[],"failureMessages":[],"fullName":"IncidentHeatmapScreen (RF-6) renderiza HeatmapWebView con HTML del heatmap y muestra zonas","invocations":1,"location":null,"numPassingAsserts":4,"retryReasons":[],"startAt":1762750030711,"status":"passed","title":"renderiza HeatmapWebView con HTML del heatmap y muestra zonas"},{"ancestorTitles":["IncidentHeatmapScreen (RF-6)"],"duration":98,"failing":false,"failureDetails":[],"failureMessages":[],"fullName":"IncidentHeatmapScreen (RF-6) abre el modal de detalles al tocar una zona","invocations":1,"location":null,"numPassingAsserts":2,"retryReasons":[],"startAt":1762750031097,"status":"passed","title":"abre el modal de detalles al tocar una zona"}],"endTime":1762750031196,"message":"","name":"D:\\Proyectos\\SeguridadAPP\\SeguridadCiudadanaApp\\__tests__\\incidentHeatmapScreen.test.js","startTime":1762750028769,"status":"passed","summary":""},{"assertionResults":[{"ancestorTitles":["Confirmación y Mensajes"],"duration":37,"failing":false,"failureDetails":[],"failureMessages":[],"fullName":"Confirmación y Mensajes muestra mensaje de éxito correctamente","invocations":1,"location":null,"numPassingAsserts":2,"retryReasons":[],"startAt":1762750031194,"status":"passed","title":"muestra mensaje de éxito correctamente"},{"ancestorTitles":["Confirmación y Mensajes"],"duration":4,"failing":false,"failureDetails":[],"failureMessages":[],"fullName":"Confirmación y Mensajes muestra mensaje de error correctamente","invocations":1,"location":null,"numPassingAsserts":2,"retryReasons":[],"startAt":1762750031231,"status":"passed","title":"muestra mensaje de error correctamente"},{"ancestorTitles":["Confirmación y Mensajes"],"duration":5,"failing":false,"failureDetails":[],"failureMessages":[],"fullName":"Confirmación y Mensajes llama a onDismiss cuando se cierra el mensaje","invocations":1,"location":null,"numPassingAsserts":1,"retryReasons":[],"startAt":1762750031235,"status":"passed","title":"llama a onDismiss cuando se cierra el mensaje"},{"ancestorTitles":["Confirmación y Mensajes"],"duration":2,"failing":false,"failureDetails":[],"failureMessages":[],"fullName":"Confirmación y Mensajes no renderiza nada cuando visible es false","invocations":1,"location":null,"numPassingAsserts":1,"retryReasons":[],"startAt":1762750031240,"status":"passed","title":"no renderiza nada cuando visible es false"}],"endTime":1762750031244,"message":"","name":"D:\\Proyectos\\SeguridadAPP\\SeguridadCiudadanaApp\\__tests__\\feedback.test.js","startTime":1762750030046,"status":"passed","summary":""},{"assertionResults":[{"ancestorTitles":["RNF-2 Seguridad - Aceptación"],"duration":16,"failing":false,"failureDetails":[],"failureMessages":[],"fullName":"RNF-2 Seguridad - Aceptación Usa SecureStore para claves sensibles (user) y no AsyncStorage","invocations":1,"location":null,"numPassingAsserts":6,"retryReasons":[],"startAt":1762750031053,"status":"passed","title":"Usa SecureStore para claves sensibles (user) y no AsyncStorage"},{"ancestorTitles":["RNF-2 Seguridad - Aceptación"],"duration":224,"failing":false,"failureDetails":[],"failureMessages":[],"fullName":"RNF-2 Seguridad - Aceptación Configuración de producción usa HTTPS y lo exige","invocations":1,"location":null,"numPassingAsserts":3,"retryReasons":[],"startAt":1762750031070,"status":"passed","title":"Configuración de producción usa HTTPS y lo exige"}],"endTime":1762750031298,"message":"","name":"D:\\Proyectos\\SeguridadAPP\\SeguridadCiudadanaApp\\__tests__\\rnf2.acceptance.test.js","startTime":1762750030007,"status":"passed","summary":""},{"assertionResults":[{"ancestorTitles":["Pruebas de componentes"],"duration":2,"failing":false,"failureDetails":[],"failureMessages":[],"fullName":"Pruebas de componentes Verificación básica de componentes","invocations":1,"location":null,"numPassingAsserts":1,"retryReasons":[],"startAt":1762750031307,"status":"passed","title":"Verificación básica de componentes"},{"ancestorTitles":["Pruebas de componentes"],"duration":0,"failing":false,"failureDetails":[],"failureMessages":[],"fullName":"Pruebas de componentes Simulación de botón de emergencia","invocations":1,"location":null,"numPassingAsserts":2,"retryReasons":[],"startAt":1762750031310,"status":"passed","title":"Simulación de botón de emergencia"}],"endTime":1762750031311,"message":"","name":"D:\\Proyectos\\SeguridadAPP\\SeguridadCiudadanaApp\\__tests__\\components.test.js","startTime":1762750030412,"status":"passed","summary":""},{"assertionResults":[{"ancestorTitles":["RNF-6 Portabilidad - Aceptación"],"duration":4,"failing":false,"failureDetails":[],"failureMessages":[],"fullName":"RNF-6 Portabilidad - Aceptación minSdkVersion >= 26 en configuración de Android","invocations":1,"location":null,"numPassingAsserts":2,"retryReasons":[],"startAt":1762750031369,"status":"passed","title":"minSdkVersion >= 26 en configuración de Android"}],"endTime":1762750031374,"message":"","name":"D:\\Proyectos\\SeguridadAPP\\SeguridadCiudadanaApp\\__tests__\\rnf6.acceptance.test.js","startTime":1762750030463,"status":"passed","summary":""},{"assertionResults":[{"ancestorTitles":["Ver Reportes Ciudadanos"],"duration":125,"failing":false,"failureDetails":[],"failureMessages":[],"fullName":"Ver Reportes Ciudadanos carga y muestra los reportes en el mapa","invocations":1,"location":null,"numPassingAsserts":1,"retryReasons":[],"startAt":1762750031113,"status":"passed","title":"carga y muestra los reportes en el mapa"},{"ancestorTitles":["Ver Reportes Ciudadanos"],"duration":75,"failing":false,"failureDetails":[],"failureMessages":[],"fullName":"Ver Reportes Ciudadanos muestra detalles del reporte al presionar un marcador","invocations":1,"location":null,"numPassingAsserts":1,"retryReasons":[],"startAt":1762750031239,"status":"passed","title":"muestra detalles del reporte al presionar un marcador"},{"ancestorTitles":["Ver Reportes Ciudadanos"],"duration":65,"failing":false,"failureDetails":[],"failureMessages":[],"fullName":"Ver Reportes Ciudadanos navega al detalle del reporte al presionar en ver más","invocations":1,"location":null,"numPassingAsserts":1,"retryReasons":[],"startAt":1762750031314,"status":"passed","title":"navega al detalle del reporte al presionar en ver más"}],"endTime":1762750031382,"message":"","name":"D:\\Proyectos\\SeguridadAPP\\SeguridadCiudadanaApp\\__tests__\\viewCitizenReports.test.js","startTime":1762750021609,"status":"passed","summary":""},{"assertionResults":[{"ancestorTitles":["Flujo de Reportes - Integración"],"duration":3,"failing":false,"failureDetails":[],"failureMessages":[],"fullName":"Flujo de Reportes - Integración Verificación básica de reportes","invocations":1,"location":null,"numPassingAsserts":1,"retryReasons":[],"startAt":1762750031377,"status":"passed","title":"Verificación básica de reportes"},{"ancestorTitles":["Flujo de Reportes - Integración"],"duration":1,"failing":false,"failureDetails":[],"failureMessages":[],"fullName":"Flujo de Reportes - Integración Simulación de creación de reporte","invocations":1,"location":null,"numPassingAsserts":1,"retryReasons":[],"startAt":1762750031381,"status":"passed","title":"Simulación de creación de reporte"}],"endTime":1762750031383,"message":"","name":"D:\\Proyectos\\SeguridadAPP\\SeguridadCiudadanaApp\\__tests__\\reportFlow.integration.test.js","startTime":1762750030525,"status":"passed","summary":""},{"assertionResults":[{"ancestorTitles":["RNF-4 Mantenibilidad - Aceptación"],"duration":4,"failing":false,"failureDetails":[],"failureMessages":[],"fullName":"RNF-4 Mantenibilidad - Aceptación Estructura modular presente","invocations":1,"location":null,"numPassingAsserts":1,"retryReasons":[],"startAt":1762750031402,"status":"passed","title":"Estructura modular presente"},{"ancestorTitles":["RNF-4 Mantenibilidad - Aceptación"],"duration":2,"failing":false,"failureDetails":[],"failureMessages":[],"fullName":"RNF-4 Mantenibilidad - Aceptación TypeScript configurado y presente en devDependencies","invocations":1,"location":null,"numPassingAsserts":2,"retryReasons":[],"startAt":1762750031406,"status":"passed","title":"TypeScript configurado y presente en devDependencies"},{"ancestorTitles":["RNF-4 Mantenibilidad - Aceptación"],"duration":1,"failing":false,"failureDetails":[],"failureMessages":[],"fullName":"RNF-4 Mantenibilidad - Aceptación Configuración de pruebas lista y script test definido","invocations":1,"location":null,"numPassingAsserts":2,"retryReasons":[],"startAt":1762750031408,"status":"passed","title":"Configuración de pruebas lista y script test definido"},{"ancestorTitles":["RNF-4 Mantenibilidad - Aceptación"],"duration":1,"failing":false,"failureDetails":[],"failureMessages":[],"fullName":"RNF-4 Mantenibilidad - Aceptación Suite de pruebas con volumen mínimo","invocations":1,"location":null,"numPassingAsserts":2,"retryReasons":[],"startAt":1762750031410,"status":"passed","title":"Suite de pruebas con volumen mínimo"}],"endTime":1762750031412,"message":"","name":"D:\\Proyectos\\SeguridadAPP\\SeguridadCiudadanaApp\\__tests__\\rnf4.acceptance.test.js","startTime":1762750030527,"status":"passed","summary":""},{"assertionResults":[{"ancestorTitles":["Cambiar Estado del Reporte"],"duration":215,"failing":false,"failureDetails":[],"failureMessages":[],"fullName":"Cambiar Estado del Reporte muestra los detalles del reporte correctamente","invocations":1,"location":null,"numPassingAsserts":3,"retryReasons":[],"startAt":1762750031613,"status":"passed","title":"muestra los detalles del reporte correctamente"},{"ancestorTitles":["Cambiar Estado del Reporte"],"duration":86,"failing":false,"failureDetails":[],"failureMessages":[],"fullName":"Cambiar Estado del Reporte permite a la autoridad cambiar el estado del reporte","invocations":1,"location":null,"numPassingAsserts":4,"retryReasons":[],"startAt":1762750031828,"status":"passed","title":"permite a la autoridad cambiar el estado del reporte"},{"ancestorTitles":["Cambiar Estado del Reporte"],"duration":58,"failing":false,"failureDetails":[],"failureMessages":[],"fullName":"Cambiar Estado del Reporte no muestra opciones de cambio de estado para usuarios normales","invocations":1,"location":null,"numPassingAsserts":2,"retryReasons":[],"startAt":1762750031914,"status":"passed","title":"no muestra opciones de cambio de estado para usuarios normales"},{"ancestorTitles":["Cambiar Estado del Reporte"],"duration":126,"failing":false,"failureDetails":[],"failureMessages":[],"fullName":"Cambiar Estado del Reporte muestra error si la actualización de estado falla","invocations":1,"location":null,"numPassingAsserts":2,"retryReasons":[],"startAt":1762750031972,"status":"passed","title":"muestra error si la actualización de estado falla"}],"endTime":1762750032100,"message":"","name":"D:\\Proyectos\\SeguridadAPP\\SeguridadCiudadanaApp\\__tests__\\changeReportStatus.test.js","startTime":1762750021608,"status":"passed","summary":""},{"assertionResults":[{"ancestorTitles":["Cierre de Sesión"],"duration":50,"failing":false,"failureDetails":[],"failureMessages":[],"fullName":"Cierre de Sesión muestra la información del perfil correctamente","invocations":1,"location":null,"numPassingAsserts":1,"retryReasons":[],"startAt":1762750032539,"status":"passed","title":"muestra la información del perfil correctamente"},{"ancestorTitles":["Cierre de Sesión"],"duration":17,"failing":false,"failureDetails":[],"failureMessages":[],"fullName":"Cierre de Sesión cierra sesión correctamente al presionar el botón","invocations":1,"location":null,"numPassingAsserts":2,"retryReasons":[],"startAt":1762750032590,"status":"passed","title":"cierra sesión correctamente al presionar el botón"},{"ancestorTitles":["Cierre de Sesión"],"duration":20,"failing":false,"failureDetails":[],"failureMessages":[],"fullName":"Cierre de Sesión muestra mensaje de error si falla el cierre de sesión","invocations":1,"location":null,"numPassingAsserts":1,"retryReasons":[],"startAt":1762750032607,"status":"passed","title":"muestra mensaje de error si falla el cierre de sesión"},{"ancestorTitles":["Cierre de Sesión"],"duration":null,"failing":false,"failureDetails":[],"failureMessages":[],"fullName":"Cierre de Sesión muestra diálogo de confirmación antes de cerrar sesión","invocations":1,"location":null,"numPassingAsserts":0,"retryReasons":[],"startAt":1762750032627,"status":"pending","title":"muestra diálogo de confirmación antes de cerrar sesión"}],"endTime":1762750032629,"message":"","name":"D:\\Proyectos\\SeguridadAPP\\SeguridadCiudadanaApp\\__tests__\\logout.test.js","startTime":1762750021611,"status":"focused","summary":""},{"assertionResults":[{"ancestorTitles":["Ver Mis Reportes"],"duration":255,"failing":false,"failureDetails":[],"failureMessages":[],"fullName":"Ver Mis Reportes muestra la lista de reportes del usuario correctamente","invocations":1,"location":null,"numPassingAsserts":4,"retryReasons":[],"startAt":1762750032575,"status":"passed","title":"muestra la lista de reportes del usuario correctamente"},{"ancestorTitles":["Ver Mis Reportes"],"duration":64,"failing":false,"failureDetails":[],"failureMessages":[],"fullName":"Ver Mis Reportes navega al detalle del reporte al hacer clic en un reporte","invocations":1,"location":null,"numPassingAsserts":1,"retryReasons":[],"startAt":1762750032830,"status":"passed","title":"navega al detalle del reporte al hacer clic en un reporte"},{"ancestorTitles":["Ver Mis Reportes"],"duration":60,"failing":false,"failureDetails":[],"failureMessages":[],"fullName":"Ver Mis Reportes muestra mensaje cuando no hay reportes","invocations":1,"location":null,"numPassingAsserts":1,"retryReasons":[],"startAt":1762750032895,"status":"passed","title":"muestra mensaje cuando no hay reportes"},{"ancestorTitles":["Ver Mis Reportes"],"duration":24,"failing":false,"failureDetails":[],"failureMessages":[],"fullName":"Ver Mis Reportes muestra indicador de carga mientras se obtienen los reportes","invocations":1,"location":null,"numPassingAsserts":1,"retryReasons":[],"startAt":1762750032955,"status":"passed","title":"muestra indicador de carga mientras se obtienen los reportes"}],"endTime":1762750032980,"message":"","name":"D:\\Proyectos\\SeguridadAPP\\SeguridadCiudadanaApp\\__tests__\\viewMyReports.test.js","startTime":1762750021604,"status":"passed","summary":""}],"wasInterrupted":false}
