{"numFailedTestSuites":0,"numFailedTests":0,"numPassedTestSuites":30,"numPassedTests":76,"numPendingTestSuites":0,"numPendingTests":1,"numRuntimeErrorTestSuites":0,"numTodoTests":0,"numTotalTestSuites":30,"numTotalTests":77,"openHandles":[],"snapshot":{"added":0,"didUpdate":false,"failure":false,"filesAdded":0,"filesRemoved":0,"filesRemovedList":[],"filesUnmatched":0,"filesUpdated":0,"matched":0,"total":0,"unchecked":0,"uncheckedKeysByFile":[],"unmatched":0,"updated":0},"startTime":1762368038163,"success":true,"testResults":[{"assertionResults":[{"ancestorTitles":["RNF-5 Confiabilidad - Aceptación"],"duration":88,"failing":false,"failureDetails":[],"failureMessages":[],"fullName":"RNF-5 Confiabilidad - Aceptación Degradación offline: no crashea y muestra error al enviar","invocations":1,"location":null,"numPassingAsserts":2,"retryReasons":[],"startAt":1762368043172,"status":"passed","title":"Degradación offline: no crashea y muestra error al enviar"},{"ancestorTitles":["RNF-5 Confiabilidad - Aceptación"],"duration":125,"failing":false,"failureDetails":[],"failureMessages":[],"fullName":"RNF-5 Confiabilidad - Aceptación Recuperación tras reconexión: reintento exitoso muestra éxito","invocations":1,"location":null,"numPassingAsserts":4,"retryReasons":[],"startAt":1762368043261,"status":"passed","title":"Recuperación tras reconexión: reintento exitoso muestra éxito"}],"endTime":1762368043388,"message":"","name":"D:\\TRABAJOS 10MO\\SeguridadAPP\\SeguridadCiudadanaApp\\__tests__\\rnf5.acceptance.test.js","startTime":1762368039017,"status":"passed","summary":""},{"assertionResults":[{"ancestorTitles":["Confirmación y Mensajes"],"duration":50,"failing":false,"failureDetails":[],"failureMessages":[],"fullName":"Confirmación y Mensajes muestra mensaje de éxito correctamente","invocations":1,"location":null,"numPassingAsserts":2,"retryReasons":[],"startAt":1762368043402,"status":"passed","title":"muestra mensaje de éxito correctamente"},{"ancestorTitles":["Confirmación y Mensajes"],"duration":7,"failing":false,"failureDetails":[],"failureMessages":[],"fullName":"Confirmación y Mensajes muestra mensaje de error correctamente","invocations":1,"location":null,"numPassingAsserts":2,"retryReasons":[],"startAt":1762368043453,"status":"passed","title":"muestra mensaje de error correctamente"},{"ancestorTitles":["Confirmación y Mensajes"],"duration":12,"failing":false,"failureDetails":[],"failureMessages":[],"fullName":"Confirmación y Mensajes llama a onDismiss cuando se cierra el mensaje","invocations":1,"location":null,"numPassingAsserts":1,"retryReasons":[],"startAt":1762368043460,"status":"passed","title":"llama a onDismiss cuando se cierra el mensaje"},{"ancestorTitles":["Confirmación y Mensajes"],"duration":2,"failing":false,"failureDetails":[],"failureMessages":[],"fullName":"Confirmación y Mensajes no renderiza nada cuando visible es false","invocations":1,"location":null,"numPassingAsserts":1,"retryReasons":[],"startAt":1762368043472,"status":"passed","title":"no renderiza nada cuando visible es false"}],"endTime":1762368043476,"message":"","name":"D:\\TRABAJOS 10MO\\SeguridadAPP\\SeguridadCiudadanaApp\\__tests__\\feedback.test.js","startTime":1762368039029,"status":"passed","summary":""},{"assertionResults":[{"ancestorTitles":["Validaciones"],"duration":8,"failing":false,"failureDetails":[],"failureMessages":[],"fullName":"Validaciones Verificación básica de validaciones","invocations":1,"location":null,"numPassingAsserts":1,"retryReasons":[],"startAt":1762368043547,"status":"passed","title":"Verificación básica de validaciones"},{"ancestorTitles":["Validaciones"],"duration":2,"failing":false,"failureDetails":[],"failureMessages":[],"fullName":"Validaciones Validación de correo electrónico","invocations":1,"location":null,"numPassingAsserts":2,"retryReasons":[],"startAt":1762368043556,"status":"passed","title":"Validación de correo electrónico"}],"endTime":1762368043560,"message":"","name":"D:\\TRABAJOS 10MO\\SeguridadAPP\\SeguridadCiudadanaApp\\__tests__\\validations.test.js","startTime":1762368039150,"status":"passed","summary":""},{"assertionResults":[{"ancestorTitles":["Acceso a Reportes por Fecha y Tipo"],"duration":114,"failing":false,"failureDetails":[],"failureMessages":[],"fullName":"Acceso a Reportes por Fecha y Tipo filtra reportes por tipo correctamente","invocations":1,"location":null,"numPassingAsserts":3,"retryReasons":[],"startAt":1762368043448,"status":"passed","title":"filtra reportes por tipo correctamente"},{"ancestorTitles":["Acceso a Reportes por Fecha y Tipo"],"duration":78,"failing":false,"failureDetails":[],"failureMessages":[],"fullName":"Acceso a Reportes por Fecha y Tipo filtra reportes por rango de fechas correctamente","invocations":1,"location":null,"numPassingAsserts":3,"retryReasons":[],"startAt":1762368043563,"status":"passed","title":"filtra reportes por rango de fechas correctamente"},{"ancestorTitles":["Acceso a Reportes por Fecha y Tipo"],"duration":65,"failing":false,"failureDetails":[],"failureMessages":[],"fullName":"Acceso a Reportes por Fecha y Tipo muestra mensaje cuando no hay resultados","invocations":1,"location":null,"numPassingAsserts":1,"retryReasons":[],"startAt":1762368043641,"status":"passed","title":"muestra mensaje cuando no hay resultados"}],"endTime":1762368043709,"message":"","name":"D:\\TRABAJOS 10MO\\SeguridadAPP\\SeguridadCiudadanaApp\\__tests__\\reportFilters.test.js","startTime":1762368039029,"status":"passed","summary":""},{"assertionResults":[{"ancestorTitles":["RNF-9 Seguridad de Sesiones - Aceptación (almacenamiento)"],"duration":24,"failing":false,"failureDetails":[],"failureMessages":[],"fullName":"RNF-9 Seguridad de Sesiones - Aceptación (almacenamiento) secureStorage.removeItem borra datos sensibles en SecureStore y AsyncStorage","invocations":1,"location":null,"numPassingAsserts":2,"retryReasons":[],"startAt":1762368043494,"status":"passed","title":"secureStorage.removeItem borra datos sensibles en SecureStore y AsyncStorage"},{"ancestorTitles":["RNF-9 Seguridad de Sesiones - Aceptación (almacenamiento)"],"duration":235,"failing":false,"failureDetails":[],"failureMessages":[],"fullName":"RNF-9 Seguridad de Sesiones - Aceptación (almacenamiento) Claves sensibles definidas incluyen token de sesión en appConfig","invocations":1,"location":null,"numPassingAsserts":1,"retryReasons":[],"startAt":1762368043519,"status":"passed","title":"Claves sensibles definidas incluyen token de sesión en appConfig"}],"endTime":1762368043756,"message":"","name":"D:\\TRABAJOS 10MO\\SeguridadAPP\\SeguridadCiudadanaApp\\__tests__\\rnf9.acceptance.test.js","startTime":1762368039135,"status":"passed","summary":""},{"assertionResults":[{"ancestorTitles":["Pruebas de Inicio de Sesión"],"duration":22,"failing":false,"failureDetails":[],"failureMessages":[],"fullName":"Pruebas de Inicio de Sesión debe mostrar error cuando los campos están vacíos","invocations":1,"location":null,"numPassingAsserts":2,"retryReasons":[],"startAt":1762368043743,"status":"passed","title":"debe mostrar error cuando los campos están vacíos"},{"ancestorTitles":["Pruebas de Inicio de Sesión"],"duration":12,"failing":false,"failureDetails":[],"failureMessages":[],"fullName":"Pruebas de Inicio de Sesión debe iniciar sesión correctamente","invocations":1,"location":null,"numPassingAsserts":3,"retryReasons":[],"startAt":1762368043768,"status":"passed","title":"debe iniciar sesión correctamente"},{"ancestorTitles":["Pruebas de Inicio de Sesión"],"duration":4,"failing":false,"failureDetails":[],"failureMessages":[],"fullName":"Pruebas de Inicio de Sesión debe manejar errores durante el inicio de sesión","invocations":1,"location":null,"numPassingAsserts":3,"retryReasons":[],"startAt":1762368043780,"status":"passed","title":"debe manejar errores durante el inicio de sesión"}],"endTime":1762368043787,"message":"","name":"D:\\TRABAJOS 10MO\\SeguridadAPP\\SeguridadCiudadanaApp\\__tests__\\login.test.js","startTime":1762368039117,"status":"passed","summary":""},{"assertionResults":[{"ancestorTitles":["Pruebas de Registro de Usuario"],"duration":11,"failing":false,"failureDetails":[],"failureMessages":[],"fullName":"Pruebas de Registro de Usuario debe mostrar error cuando los campos están vacíos","invocations":1,"location":null,"numPassingAsserts":2,"retryReasons":[],"startAt":1762368043733,"status":"passed","title":"debe mostrar error cuando los campos están vacíos"},{"ancestorTitles":["Pruebas de Registro de Usuario"],"duration":27,"failing":false,"failureDetails":[],"failureMessages":[],"fullName":"Pruebas de Registro de Usuario debe mostrar error cuando las contraseñas no coinciden","invocations":1,"location":null,"numPassingAsserts":2,"retryReasons":[],"startAt":1762368043745,"status":"passed","title":"debe mostrar error cuando las contraseñas no coinciden"},{"ancestorTitles":["Pruebas de Registro de Usuario"],"duration":13,"failing":false,"failureDetails":[],"failureMessages":[],"fullName":"Pruebas de Registro de Usuario debe registrar al usuario correctamente","invocations":1,"location":null,"numPassingAsserts":3,"retryReasons":[],"startAt":1762368043772,"status":"passed","title":"debe registrar al usuario correctamente"},{"ancestorTitles":["Pruebas de Registro de Usuario"],"duration":9,"failing":false,"failureDetails":[],"failureMessages":[],"fullName":"Pruebas de Registro de Usuario debe manejar errores durante el registro","invocations":1,"location":null,"numPassingAsserts":3,"retryReasons":[],"startAt":1762368043798,"status":"passed","title":"debe manejar errores durante el registro"}],"endTime":1762368043810,"message":"","name":"D:\\TRABAJOS 10MO\\SeguridadAPP\\SeguridadCiudadanaApp\\__tests__\\userRegistration.test.js","startTime":1762368039100,"status":"passed","summary":""},{"assertionResults":[{"ancestorTitles":["Funciones de geolocalización"],"duration":14,"failing":false,"failureDetails":[],"failureMessages":[],"fullName":"Funciones de geolocalización handleLocateMe debería solicitar permisos y obtener ubicación","invocations":1,"location":null,"numPassingAsserts":4,"retryReasons":[],"startAt":1762368043732,"status":"passed","title":"handleLocateMe debería solicitar permisos y obtener ubicación"},{"ancestorTitles":["Funciones de geolocalización"],"duration":56,"failing":false,"failureDetails":[],"failureMessages":[],"fullName":"Funciones de geolocalización handleLocateMe debería manejar permisos denegados","invocations":1,"location":null,"numPassingAsserts":4,"retryReasons":[],"startAt":1762368043747,"status":"passed","title":"handleLocateMe debería manejar permisos denegados"},{"ancestorTitles":["Funciones de geolocalización"],"duration":5,"failing":false,"failureDetails":[],"failureMessages":[],"fullName":"Funciones de geolocalización handleLocateMe debería manejar errores al obtener ubicación","invocations":1,"location":null,"numPassingAsserts":4,"retryReasons":[],"startAt":1762368043803,"status":"passed","title":"handleLocateMe debería manejar errores al obtener ubicación"}],"endTime":1762368043812,"message":"","name":"D:\\TRABAJOS 10MO\\SeguridadAPP\\SeguridadCiudadanaApp\\__tests__\\geolocation.test.js","startTime":1762368039099,"status":"passed","summary":""},{"assertionResults":[{"ancestorTitles":["Pruebas de rendimiento"],"duration":39,"failing":false,"failureDetails":[],"failureMessages":[],"fullName":"Pruebas de rendimiento debe registrar métricas con el util y recuperarlas","invocations":1,"location":null,"numPassingAsserts":1,"retryReasons":[],"startAt":1762368043287,"status":"passed","title":"debe registrar métricas con el util y recuperarlas"},{"ancestorTitles":["Pruebas de rendimiento"],"duration":348,"failing":false,"failureDetails":[],"failureMessages":[],"fullName":"Pruebas de rendimiento debe medir el tiempo de ejecución de una operación","invocations":1,"location":null,"numPassingAsserts":1,"retryReasons":[],"startAt":1762368043327,"status":"passed","title":"debe medir el tiempo de ejecución de una operación"},{"ancestorTitles":["Pruebas de rendimiento"],"duration":71,"failing":false,"failureDetails":[],"failureMessages":[],"fullName":"Pruebas de rendimiento debe manejar grandes conjuntos de datos","invocations":1,"location":null,"numPassingAsserts":1,"retryReasons":[],"startAt":1762368043675,"status":"passed","title":"debe manejar grandes conjuntos de datos"},{"ancestorTitles":["Pruebas de rendimiento"],"duration":40,"failing":false,"failureDetails":[],"failureMessages":[],"fullName":"Pruebas de rendimiento debe manejar la creación masiva de reportes","invocations":1,"location":null,"numPassingAsserts":3,"retryReasons":[],"startAt":1762368043746,"status":"passed","title":"debe manejar la creación masiva de reportes"},{"ancestorTitles":["Pruebas de rendimiento"],"duration":52,"failing":false,"failureDetails":[],"failureMessages":[],"fullName":"Pruebas de rendimiento debe manejar múltiples usuarios accediendo simultáneamente","invocations":1,"location":null,"numPassingAsserts":2,"retryReasons":[],"startAt":1762368043786,"status":"passed","title":"debe manejar múltiples usuarios accediendo simultáneamente"}],"endTime":1762368043841,"message":"","name":"D:\\TRABAJOS 10MO\\SeguridadAPP\\SeguridadCiudadanaApp\\__tests__\\performance.test.js","startTime":1762368039129,"status":"passed","summary":""},{"assertionResults":[{"ancestorTitles":["RNF-2 Seguridad - Aceptación"],"duration":23,"failing":false,"failureDetails":[],"failureMessages":[],"fullName":"RNF-2 Seguridad - Aceptación Usa SecureStore para claves sensibles (user) y no AsyncStorage","invocations":1,"location":null,"numPassingAsserts":6,"retryReasons":[],"startAt":1762368043541,"status":"passed","title":"Usa SecureStore para claves sensibles (user) y no AsyncStorage"},{"ancestorTitles":["RNF-2 Seguridad - Aceptación"],"duration":287,"failing":false,"failureDetails":[],"failureMessages":[],"fullName":"RNF-2 Seguridad - Aceptación Configuración de producción usa HTTPS y lo exige","invocations":1,"location":null,"numPassingAsserts":3,"retryReasons":[],"startAt":1762368043565,"status":"passed","title":"Configuración de producción usa HTTPS y lo exige"}],"endTime":1762368043855,"message":"","name":"D:\\TRABAJOS 10MO\\SeguridadAPP\\SeguridadCiudadanaApp\\__tests__\\rnf2.acceptance.test.js","startTime":1762368039151,"status":"passed","summary":""},{"assertionResults":[{"ancestorTitles":["RNF-7 Escalabilidad - Aceptación"],"duration":227,"failing":false,"failureDetails":[],"failureMessages":[],"fullName":"RNF-7 Escalabilidad - Aceptación ExportService aplica filtro por zone cuando se especifica","invocations":1,"location":null,"numPassingAsserts":3,"retryReasons":[],"startAt":1762368043382,"status":"passed","title":"ExportService aplica filtro por zone cuando se especifica"},{"ancestorTitles":["RNF-7 Escalabilidad - Aceptación"],"duration":259,"failing":false,"failureDetails":[],"failureMessages":[],"fullName":"RNF-7 Escalabilidad - Aceptación ExportService no fuerza zona cuando no se especifica (flexible multi-distrito)","invocations":1,"location":null,"numPassingAsserts":2,"retryReasons":[],"startAt":1762368043609,"status":"passed","title":"ExportService no fuerza zona cuando no se especifica (flexible multi-distrito)"}],"endTime":1762368043889,"message":"","name":"D:\\TRABAJOS 10MO\\SeguridadAPP\\SeguridadCiudadanaApp\\__tests__\\rnf7.acceptance.test.js","startTime":1762368039130,"status":"passed","summary":""},{"assertionResults":[{"ancestorTitles":["RNF-10 Accesibilidad - Aceptación"],"duration":52,"failing":false,"failureDetails":[],"failureMessages":[],"fullName":"RNF-10 Accesibilidad - Aceptación RoleSelectorScreen expone labels y roles accesibles en CTAs","invocations":1,"location":null,"numPassingAsserts":3,"retryReasons":[],"startAt":1762368043940,"status":"passed","title":"RoleSelectorScreen expone labels y roles accesibles en CTAs"}],"endTime":1762368043995,"message":"","name":"D:\\TRABAJOS 10MO\\SeguridadAPP\\SeguridadCiudadanaApp\\__tests__\\rnf10.accessibility.acceptance.test.js","startTime":1762368039113,"status":"passed","summary":""},{"assertionResults":[{"ancestorTitles":["RNF-3 Usabilidad - Aceptación"],"duration":45,"failing":false,"failureDetails":[],"failureMessages":[],"fullName":"RNF-3 Usabilidad - Aceptación Login: CTA principal visible y validación muestra error claro con campos vacíos","invocations":1,"location":null,"numPassingAsserts":2,"retryReasons":[],"startAt":1762368044086,"status":"passed","title":"Login: CTA principal visible y validación muestra error claro con campos vacíos"},{"ancestorTitles":["RNF-3 Usabilidad - Aceptación"],"duration":32,"failing":false,"failureDetails":[],"failureMessages":[],"fullName":"RNF-3 Usabilidad - Aceptación Reportes: CTA \"Enviar Reporte\" visible y confirmación antes de enviar","invocations":1,"location":null,"numPassingAsserts":3,"retryReasons":[],"startAt":1762368044132,"status":"passed","title":"Reportes: CTA \"Enviar Reporte\" visible y confirmación antes de enviar"}],"endTime":1762368044167,"message":"","name":"D:\\TRABAJOS 10MO\\SeguridadAPP\\SeguridadCiudadanaApp\\__tests__\\rnf3.acceptance.test.js","startTime":1762368039144,"status":"passed","summary":""},{"assertionResults":[{"ancestorTitles":["RNF-4 Mantenibilidad - Aceptación"],"duration":5,"failing":false,"failureDetails":[],"failureMessages":[],"fullName":"RNF-4 Mantenibilidad - Aceptación Estructura modular presente","invocations":1,"location":null,"numPassingAsserts":1,"retryReasons":[],"startAt":1762368044178,"status":"passed","title":"Estructura modular presente"},{"ancestorTitles":["RNF-4 Mantenibilidad - Aceptación"],"duration":2,"failing":false,"failureDetails":[],"failureMessages":[],"fullName":"RNF-4 Mantenibilidad - Aceptación TypeScript configurado y presente en devDependencies","invocations":1,"location":null,"numPassingAsserts":2,"retryReasons":[],"startAt":1762368044184,"status":"passed","title":"TypeScript configurado y presente en devDependencies"},{"ancestorTitles":["RNF-4 Mantenibilidad - Aceptación"],"duration":1,"failing":false,"failureDetails":[],"failureMessages":[],"fullName":"RNF-4 Mantenibilidad - Aceptación Configuración de pruebas lista y script test definido","invocations":1,"location":null,"numPassingAsserts":2,"retryReasons":[],"startAt":1762368044186,"status":"passed","title":"Configuración de pruebas lista y script test definido"},{"ancestorTitles":["RNF-4 Mantenibilidad - Aceptación"],"duration":1,"failing":false,"failureDetails":[],"failureMessages":[],"fullName":"RNF-4 Mantenibilidad - Aceptación Suite de pruebas con volumen mínimo","invocations":1,"location":null,"numPassingAsserts":2,"retryReasons":[],"startAt":1762368044188,"status":"passed","title":"Suite de pruebas con volumen mínimo"}],"endTime":1762368044192,"message":"","name":"D:\\TRABAJOS 10MO\\SeguridadAPP\\SeguridadCiudadanaApp\\__tests__\\rnf4.acceptance.test.js","startTime":1762368043413,"status":"passed","summary":""},{"assertionResults":[{"ancestorTitles":["Flujo Completo de Usuario - Prueba de Aceptación"],"duration":7,"failing":false,"failureDetails":[],"failureMessages":[],"fullName":"Flujo Completo de Usuario - Prueba de Aceptación Flujo completo: registro, login, crear reporte, ver reportes y logout","invocations":1,"location":null,"numPassingAsserts":10,"retryReasons":[],"startAt":1762368044254,"status":"passed","title":"Flujo completo: registro, login, crear reporte, ver reportes y logout"},{"ancestorTitles":["Flujo Completo de Usuario - Prueba de Aceptación"],"duration":2,"failing":false,"failureDetails":[],"failureMessages":[],"fullName":"Flujo Completo de Usuario - Prueba de Aceptación Manejo de errores en el flujo de usuario","invocations":1,"location":null,"numPassingAsserts":2,"retryReasons":[],"startAt":1762368044262,"status":"passed","title":"Manejo de errores en el flujo de usuario"}],"endTime":1762368044266,"message":"","name":"D:\\TRABAJOS 10MO\\SeguridadAPP\\SeguridadCiudadanaApp\\__tests__\\userFlow.acceptance.test.js","startTime":1762368043499,"status":"passed","summary":""},{"assertionResults":[{"ancestorTitles":["Notificación Cambio de Estado"],"duration":128,"failing":false,"failureDetails":[],"failureMessages":[],"fullName":"Notificación Cambio de Estado envía notificación cuando cambia el estado de un reporte","invocations":1,"location":null,"numPassingAsserts":1,"retryReasons":[],"startAt":1762368044132,"status":"passed","title":"envía notificación cuando cambia el estado de un reporte"},{"ancestorTitles":["Notificación Cambio de Estado"],"duration":2,"failing":false,"failureDetails":[],"failureMessages":[],"fullName":"Notificación Cambio de Estado registra el dispositivo para recibir notificaciones","invocations":1,"location":null,"numPassingAsserts":2,"retryReasons":[],"startAt":1762368044263,"status":"passed","title":"registra el dispositivo para recibir notificaciones"}],"endTime":1762368044269,"message":"","name":"D:\\TRABAJOS 10MO\\SeguridadAPP\\SeguridadCiudadanaApp\\__tests__\\notifications.test.js","startTime":1762368039090,"status":"passed","summary":""},{"assertionResults":[{"ancestorTitles":["RNF-1 Aceptación (<= 3000ms)"],"duration":83,"failing":false,"failureDetails":[],"failureMessages":[],"fullName":"RNF-1 Aceptación (<= 3000ms) Envío de reporte (ReportScreen) registra métrica y cumple umbral","invocations":1,"location":null,"numPassingAsserts":2,"retryReasons":[],"startAt":1762368044150,"status":"passed","title":"Envío de reporte (ReportScreen) registra métrica y cumple umbral"},{"ancestorTitles":["RNF-1 Aceptación (<= 3000ms)"],"duration":14,"failing":false,"failureDetails":[],"failureMessages":[],"fullName":"RNF-1 Aceptación (<= 3000ms) Carga de notificaciones (NotificationsScreen) registra métrica y cumple umbral","invocations":1,"location":null,"numPassingAsserts":2,"retryReasons":[],"startAt":1762368044234,"status":"passed","title":"Carga de notificaciones (NotificationsScreen) registra métrica y cumple umbral"},{"ancestorTitles":["RNF-1 Aceptación (<= 3000ms)"],"duration":22,"failing":false,"failureDetails":[],"failureMessages":[],"fullName":"RNF-1 Aceptación (<= 3000ms) Carga inicial del mapa (AllReportsMapScreen) registra métrica y cumple umbral","invocations":1,"location":null,"numPassingAsserts":2,"retryReasons":[],"startAt":1762368044249,"status":"passed","title":"Carga inicial del mapa (AllReportsMapScreen) registra métrica y cumple umbral"}],"endTime":1762368044273,"message":"","name":"D:\\TRABAJOS 10MO\\SeguridadAPP\\SeguridadCiudadanaApp\\__tests__\\rnf1.acceptance.test.js","startTime":1762368039149,"status":"passed","summary":""},{"assertionResults":[{"ancestorTitles":["Pruebas de seguridad"],"duration":4,"failing":false,"failureDetails":[],"failureMessages":[],"fullName":"Pruebas de seguridad debe verificar aspectos básicos de seguridad","invocations":1,"location":null,"numPassingAsserts":1,"retryReasons":[],"startAt":1762368044432,"status":"passed","title":"debe verificar aspectos básicos de seguridad"},{"ancestorTitles":["Pruebas de seguridad"],"duration":2,"failing":false,"failureDetails":[],"failureMessages":[],"fullName":"Pruebas de seguridad debe validar contraseñas seguras","invocations":1,"location":null,"numPassingAsserts":4,"retryReasons":[],"startAt":1762368044436,"status":"passed","title":"debe validar contraseñas seguras"}],"endTime":1762368044440,"message":"","name":"D:\\TRABAJOS 10MO\\SeguridadAPP\\SeguridadCiudadanaApp\\__tests__\\security.test.js","startTime":1762368043597,"status":"passed","summary":""},{"assertionResults":[{"ancestorTitles":["Flujo de Reportes - Integración"],"duration":3,"failing":false,"failureDetails":[],"failureMessages":[],"fullName":"Flujo de Reportes - Integración Verificación básica de reportes","invocations":1,"location":null,"numPassingAsserts":1,"retryReasons":[],"startAt":1762368044518,"status":"passed","title":"Verificación básica de reportes"},{"ancestorTitles":["Flujo de Reportes - Integración"],"duration":0,"failing":false,"failureDetails":[],"failureMessages":[],"fullName":"Flujo de Reportes - Integración Simulación de creación de reporte","invocations":1,"location":null,"numPassingAsserts":1,"retryReasons":[],"startAt":1762368044522,"status":"passed","title":"Simulación de creación de reporte"}],"endTime":1762368044524,"message":"","name":"D:\\TRABAJOS 10MO\\SeguridadAPP\\SeguridadCiudadanaApp\\__tests__\\reportFlow.integration.test.js","startTime":1762368043733,"status":"passed","summary":""},{"assertionResults":[{"ancestorTitles":["RNF-8 Tolerancia a Errores - Aceptación"],"duration":14,"failing":false,"failureDetails":[],"failureMessages":[],"fullName":"RNF-8 Tolerancia a Errores - Aceptación robustOnSnapshot reintenta ante ERR_ABORTED y entrega datos","invocations":1,"location":null,"numPassingAsserts":4,"retryReasons":[],"startAt":1762368044550,"status":"passed","title":"robustOnSnapshot reintenta ante ERR_ABORTED y entrega datos"},{"ancestorTitles":["RNF-8 Tolerancia a Errores - Aceptación"],"duration":8,"failing":false,"failureDetails":[],"failureMessages":[],"fullName":"RNF-8 Tolerancia a Errores - Aceptación robustOnSnapshot delega a onError en errores no transitorios","invocations":1,"location":null,"numPassingAsserts":4,"retryReasons":[],"startAt":1762368044565,"status":"passed","title":"robustOnSnapshot delega a onError en errores no transitorios"}],"endTime":1762368044574,"message":"","name":"D:\\TRABAJOS 10MO\\SeguridadAPP\\SeguridadCiudadanaApp\\__tests__\\rnf8.acceptance.test.js","startTime":1762368043812,"status":"passed","summary":""},{"assertionResults":[{"ancestorTitles":["Pruebas de UI/UX","Componentes básicos"],"duration":2,"failing":false,"failureDetails":[],"failureMessages":[],"fullName":"Pruebas de UI/UX Componentes básicos Verificación de estilos y dimensiones","invocations":1,"location":null,"numPassingAsserts":1,"retryReasons":[],"startAt":1762368044581,"status":"passed","title":"Verificación de estilos y dimensiones"},{"ancestorTitles":["Pruebas de UI/UX","Componentes básicos"],"duration":1,"failing":false,"failureDetails":[],"failureMessages":[],"fullName":"Pruebas de UI/UX Componentes básicos Verificación de responsive design","invocations":1,"location":null,"numPassingAsserts":3,"retryReasons":[],"startAt":1762368044583,"status":"passed","title":"Verificación de responsive design"}],"endTime":1762368044585,"message":"","name":"D:\\TRABAJOS 10MO\\SeguridadAPP\\SeguridadCiudadanaApp\\__tests__\\ui.test.js","startTime":1762368043850,"status":"passed","summary":""},{"assertionResults":[{"ancestorTitles":["useForm hook"],"duration":3,"failing":false,"failureDetails":[],"failureMessages":[],"fullName":"useForm hook Verificación básica de formularios","invocations":1,"location":null,"numPassingAsserts":1,"retryReasons":[],"startAt":1762368044585,"status":"passed","title":"Verificación básica de formularios"},{"ancestorTitles":["useForm hook"],"duration":1,"failing":false,"failureDetails":[],"failureMessages":[],"fullName":"useForm hook Simulación de manejo de formulario","invocations":1,"location":null,"numPassingAsserts":1,"retryReasons":[],"startAt":1762368044589,"status":"passed","title":"Simulación de manejo de formulario"}],"endTime":1762368044591,"message":"","name":"D:\\TRABAJOS 10MO\\SeguridadAPP\\SeguridadCiudadanaApp\\__tests__\\useForm.test.js","startTime":1762368043848,"status":"passed","summary":""},{"assertionResults":[{"ancestorTitles":["RNF-6 Portabilidad - Aceptación"],"duration":5,"failing":false,"failureDetails":[],"failureMessages":[],"fullName":"RNF-6 Portabilidad - Aceptación minSdkVersion >= 26 en configuración de Android","invocations":1,"location":null,"numPassingAsserts":2,"retryReasons":[],"startAt":1762368044591,"status":"passed","title":"minSdkVersion >= 26 en configuración de Android"}],"endTime":1762368044598,"message":"","name":"D:\\TRABAJOS 10MO\\SeguridadAPP\\SeguridadCiudadanaApp\\__tests__\\rnf6.acceptance.test.js","startTime":1762368043844,"status":"passed","summary":""},{"assertionResults":[{"ancestorTitles":["Ver Reportes Ciudadanos"],"duration":116,"failing":false,"failureDetails":[],"failureMessages":[],"fullName":"Ver Reportes Ciudadanos carga y muestra los reportes en el mapa","invocations":1,"location":null,"numPassingAsserts":1,"retryReasons":[],"startAt":1762368044370,"status":"passed","title":"carga y muestra los reportes en el mapa"},{"ancestorTitles":["Ver Reportes Ciudadanos"],"duration":86,"failing":false,"failureDetails":[],"failureMessages":[],"fullName":"Ver Reportes Ciudadanos muestra detalles del reporte al presionar un marcador","invocations":1,"location":null,"numPassingAsserts":1,"retryReasons":[],"startAt":1762368044487,"status":"passed","title":"muestra detalles del reporte al presionar un marcador"},{"ancestorTitles":["Ver Reportes Ciudadanos"],"duration":65,"failing":false,"failureDetails":[],"failureMessages":[],"fullName":"Ver Reportes Ciudadanos navega al detalle del reporte al presionar en ver más","invocations":1,"location":null,"numPassingAsserts":1,"retryReasons":[],"startAt":1762368044573,"status":"passed","title":"navega al detalle del reporte al presionar en ver más"}],"endTime":1762368044639,"message":"","name":"D:\\TRABAJOS 10MO\\SeguridadAPP\\SeguridadCiudadanaApp\\__tests__\\viewCitizenReports.test.js","startTime":1762368039108,"status":"passed","summary":""},{"assertionResults":[{"ancestorTitles":["Pruebas de componentes"],"duration":2,"failing":false,"failureDetails":[],"failureMessages":[],"fullName":"Pruebas de componentes Verificación básica de componentes","invocations":1,"location":null,"numPassingAsserts":1,"retryReasons":[],"startAt":1762368044641,"status":"passed","title":"Verificación básica de componentes"},{"ancestorTitles":["Pruebas de componentes"],"duration":1,"failing":false,"failureDetails":[],"failureMessages":[],"fullName":"Pruebas de componentes Simulación de botón de emergencia","invocations":1,"location":null,"numPassingAsserts":2,"retryReasons":[],"startAt":1762368044643,"status":"passed","title":"Simulación de botón de emergencia"}],"endTime":1762368044645,"message":"","name":"D:\\TRABAJOS 10MO\\SeguridadAPP\\SeguridadCiudadanaApp\\__tests__\\components.test.js","startTime":1762368043968,"status":"passed","summary":""},{"assertionResults":[{"ancestorTitles":["Hook useLocation"],"duration":2,"failing":false,"failureDetails":[],"failureMessages":[],"fullName":"Hook useLocation debería funcionar correctamente","invocations":1,"location":null,"numPassingAsserts":1,"retryReasons":[],"startAt":1762368044662,"status":"passed","title":"debería funcionar correctamente"}],"endTime":1762368044665,"message":"","name":"D:\\TRABAJOS 10MO\\SeguridadAPP\\SeguridadCiudadanaApp\\__tests__\\useLocation.test.js","startTime":1762368043974,"status":"passed","summary":""},{"assertionResults":[{"ancestorTitles":["Flujo de Autenticación - Integración"],"duration":2,"failing":false,"failureDetails":[],"failureMessages":[],"fullName":"Flujo de Autenticación - Integración Verificación básica de flujo de autenticación","invocations":1,"location":null,"numPassingAsserts":1,"retryReasons":[],"startAt":1762368044675,"status":"passed","title":"Verificación básica de flujo de autenticación"},{"ancestorTitles":["Flujo de Autenticación - Integración"],"duration":1,"failing":false,"failureDetails":[],"failureMessages":[],"fullName":"Flujo de Autenticación - Integración Simulación de inicio de sesión exitoso","invocations":1,"location":null,"numPassingAsserts":1,"retryReasons":[],"startAt":1762368044678,"status":"passed","title":"Simulación de inicio de sesión exitoso"}],"endTime":1762368044680,"message":"","name":"D:\\TRABAJOS 10MO\\SeguridadAPP\\SeguridadCiudadanaApp\\__tests__\\authFlow.integration.test.js","startTime":1762368043994,"status":"passed","summary":""},{"assertionResults":[{"ancestorTitles":["Ver Mis Reportes"],"duration":213,"failing":false,"failureDetails":[],"failureMessages":[],"fullName":"Ver Mis Reportes muestra la lista de reportes del usuario correctamente","invocations":1,"location":null,"numPassingAsserts":4,"retryReasons":[],"startAt":1762368044643,"status":"passed","title":"muestra la lista de reportes del usuario correctamente"},{"ancestorTitles":["Ver Mis Reportes"],"duration":64,"failing":false,"failureDetails":[],"failureMessages":[],"fullName":"Ver Mis Reportes navega al detalle del reporte al hacer clic en un reporte","invocations":1,"location":null,"numPassingAsserts":1,"retryReasons":[],"startAt":1762368044857,"status":"passed","title":"navega al detalle del reporte al hacer clic en un reporte"},{"ancestorTitles":["Ver Mis Reportes"],"duration":61,"failing":false,"failureDetails":[],"failureMessages":[],"fullName":"Ver Mis Reportes muestra mensaje cuando no hay reportes","invocations":1,"location":null,"numPassingAsserts":1,"retryReasons":[],"startAt":1762368044921,"status":"passed","title":"muestra mensaje cuando no hay reportes"},{"ancestorTitles":["Ver Mis Reportes"],"duration":22,"failing":false,"failureDetails":[],"failureMessages":[],"fullName":"Ver Mis Reportes muestra indicador de carga mientras se obtienen los reportes","invocations":1,"location":null,"numPassingAsserts":1,"retryReasons":[],"startAt":1762368044982,"status":"passed","title":"muestra indicador de carga mientras se obtienen los reportes"}],"endTime":1762368045005,"message":"","name":"D:\\TRABAJOS 10MO\\SeguridadAPP\\SeguridadCiudadanaApp\\__tests__\\viewMyReports.test.js","startTime":1762368039072,"status":"passed","summary":""},{"assertionResults":[{"ancestorTitles":["Cierre de Sesión"],"duration":45,"failing":false,"failureDetails":[],"failureMessages":[],"fullName":"Cierre de Sesión muestra la información del perfil correctamente","invocations":1,"location":null,"numPassingAsserts":1,"retryReasons":[],"startAt":1762368044933,"status":"passed","title":"muestra la información del perfil correctamente"},{"ancestorTitles":["Cierre de Sesión"],"duration":18,"failing":false,"failureDetails":[],"failureMessages":[],"fullName":"Cierre de Sesión cierra sesión correctamente al presionar el botón","invocations":1,"location":null,"numPassingAsserts":2,"retryReasons":[],"startAt":1762368044979,"status":"passed","title":"cierra sesión correctamente al presionar el botón"},{"ancestorTitles":["Cierre de Sesión"],"duration":19,"failing":false,"failureDetails":[],"failureMessages":[],"fullName":"Cierre de Sesión muestra mensaje de error si falla el cierre de sesión","invocations":1,"location":null,"numPassingAsserts":1,"retryReasons":[],"startAt":1762368044997,"status":"passed","title":"muestra mensaje de error si falla el cierre de sesión"},{"ancestorTitles":["Cierre de Sesión"],"duration":null,"failing":false,"failureDetails":[],"failureMessages":[],"fullName":"Cierre de Sesión muestra diálogo de confirmación antes de cerrar sesión","invocations":1,"location":null,"numPassingAsserts":0,"retryReasons":[],"startAt":1762368045016,"status":"pending","title":"muestra diálogo de confirmación antes de cerrar sesión"}],"endTime":1762368045018,"message":"","name":"D:\\TRABAJOS 10MO\\SeguridadAPP\\SeguridadCiudadanaApp\\__tests__\\logout.test.js","startTime":1762368039137,"status":"focused","summary":""},{"assertionResults":[{"ancestorTitles":["Cambiar Estado del Reporte"],"duration":164,"failing":false,"failureDetails":[],"failureMessages":[],"fullName":"Cambiar Estado del Reporte muestra los detalles del reporte correctamente","invocations":1,"location":null,"numPassingAsserts":3,"retryReasons":[],"startAt":1762368044761,"status":"passed","title":"muestra los detalles del reporte correctamente"},{"ancestorTitles":["Cambiar Estado del Reporte"],"duration":79,"failing":false,"failureDetails":[],"failureMessages":[],"fullName":"Cambiar Estado del Reporte permite a la autoridad cambiar el estado del reporte","invocations":1,"location":null,"numPassingAsserts":4,"retryReasons":[],"startAt":1762368044925,"status":"passed","title":"permite a la autoridad cambiar el estado del reporte"},{"ancestorTitles":["Cambiar Estado del Reporte"],"duration":56,"failing":false,"failureDetails":[],"failureMessages":[],"fullName":"Cambiar Estado del Reporte no muestra opciones de cambio de estado para usuarios normales","invocations":1,"location":null,"numPassingAsserts":2,"retryReasons":[],"startAt":1762368045005,"status":"passed","title":"no muestra opciones de cambio de estado para usuarios normales"},{"ancestorTitles":["Cambiar Estado del Reporte"],"duration":124,"failing":false,"failureDetails":[],"failureMessages":[],"fullName":"Cambiar Estado del Reporte muestra error si la actualización de estado falla","invocations":1,"location":null,"numPassingAsserts":2,"retryReasons":[],"startAt":1762368045061,"status":"passed","title":"muestra error si la actualización de estado falla"}],"endTime":1762368045187,"message":"","name":"D:\\TRABAJOS 10MO\\SeguridadAPP\\SeguridadCiudadanaApp\\__tests__\\changeReportStatus.test.js","startTime":1762368039151,"status":"passed","summary":""}],"wasInterrupted":false}
