{"numFailedTestSuites":0,"numFailedTests":0,"numPassedTestSuites":33,"numPassedTests":84,"numPendingTestSuites":0,"numPendingTests":1,"numRuntimeErrorTestSuites":0,"numTodoTests":0,"numTotalTestSuites":33,"numTotalTests":85,"openHandles":[],"snapshot":{"added":0,"didUpdate":false,"failure":false,"filesAdded":0,"filesRemoved":0,"filesRemovedList":[],"filesUnmatched":0,"filesUpdated":0,"matched":0,"total":0,"unchecked":0,"uncheckedKeysByFile":[],"unmatched":0,"updated":0},"startTime":1762456463267,"success":true,"testResults":[{"assertionResults":[{"ancestorTitles":["Ver Mis Reportes"],"duration":200,"failing":false,"failureDetails":[],"failureMessages":[],"fullName":"Ver Mis Reportes muestra la lista de reportes del usuario correctamente","invocations":1,"location":null,"numPassingAsserts":4,"retryReasons":[],"startAt":1762456465986,"status":"passed","title":"muestra la lista de reportes del usuario correctamente"},{"ancestorTitles":["Ver Mis Reportes"],"duration":66,"failing":false,"failureDetails":[],"failureMessages":[],"fullName":"Ver Mis Reportes navega al detalle del reporte al hacer clic en un reporte","invocations":1,"location":null,"numPassingAsserts":1,"retryReasons":[],"startAt":1762456466186,"status":"passed","title":"navega al detalle del reporte al hacer clic en un reporte"},{"ancestorTitles":["Ver Mis Reportes"],"duration":59,"failing":false,"failureDetails":[],"failureMessages":[],"fullName":"Ver Mis Reportes muestra mensaje cuando no hay reportes","invocations":1,"location":null,"numPassingAsserts":1,"retryReasons":[],"startAt":1762456466252,"status":"passed","title":"muestra mensaje cuando no hay reportes"},{"ancestorTitles":["Ver Mis Reportes"],"duration":20,"failing":false,"failureDetails":[],"failureMessages":[],"fullName":"Ver Mis Reportes muestra indicador de carga mientras se obtienen los reportes","invocations":1,"location":null,"numPassingAsserts":1,"retryReasons":[],"startAt":1762456466312,"status":"passed","title":"muestra indicador de carga mientras se obtienen los reportes"}],"endTime":1762456466334,"message":"","name":"D:\\TRABAJOS 10MO\\SeguridadAPP\\SeguridadCiudadanaApp\\__tests__\\viewMyReports.test.js","startTime":1762456463390,"status":"passed","summary":""},{"assertionResults":[{"ancestorTitles":["Cambiar Estado del Reporte"],"duration":77,"failing":false,"failureDetails":[],"failureMessages":[],"fullName":"Cambiar Estado del Reporte muestra los detalles del reporte correctamente","invocations":1,"location":null,"numPassingAsserts":3,"retryReasons":[],"startAt":1762456466988,"status":"passed","title":"muestra los detalles del reporte correctamente"},{"ancestorTitles":["Cambiar Estado del Reporte"],"duration":80,"failing":false,"failureDetails":[],"failureMessages":[],"fullName":"Cambiar Estado del Reporte permite a la autoridad cambiar el estado del reporte","invocations":1,"location":null,"numPassingAsserts":4,"retryReasons":[],"startAt":1762456467066,"status":"passed","title":"permite a la autoridad cambiar el estado del reporte"},{"ancestorTitles":["Cambiar Estado del Reporte"],"duration":59,"failing":false,"failureDetails":[],"failureMessages":[],"fullName":"Cambiar Estado del Reporte no muestra opciones de cambio de estado para usuarios normales","invocations":1,"location":null,"numPassingAsserts":2,"retryReasons":[],"startAt":1762456467146,"status":"passed","title":"no muestra opciones de cambio de estado para usuarios normales"},{"ancestorTitles":["Cambiar Estado del Reporte"],"duration":125,"failing":false,"failureDetails":[],"failureMessages":[],"fullName":"Cambiar Estado del Reporte muestra error si la actualización de estado falla","invocations":1,"location":null,"numPassingAsserts":2,"retryReasons":[],"startAt":1762456467205,"status":"passed","title":"muestra error si la actualización de estado falla"}],"endTime":1762456467332,"message":"","name":"D:\\TRABAJOS 10MO\\SeguridadAPP\\SeguridadCiudadanaApp\\__tests__\\changeReportStatus.test.js","startTime":1762456466396,"status":"passed","summary":""},{"assertionResults":[{"ancestorTitles":["Cierre de Sesión"],"duration":30,"failing":false,"failureDetails":[],"failureMessages":[],"fullName":"Cierre de Sesión muestra la información del perfil correctamente","invocations":1,"location":null,"numPassingAsserts":1,"retryReasons":[],"startAt":1762456468005,"status":"passed","title":"muestra la información del perfil correctamente"},{"ancestorTitles":["Cierre de Sesión"],"duration":16,"failing":false,"failureDetails":[],"failureMessages":[],"fullName":"Cierre de Sesión cierra sesión correctamente al presionar el botón","invocations":1,"location":null,"numPassingAsserts":2,"retryReasons":[],"startAt":1762456468035,"status":"passed","title":"cierra sesión correctamente al presionar el botón"},{"ancestorTitles":["Cierre de Sesión"],"duration":17,"failing":false,"failureDetails":[],"failureMessages":[],"fullName":"Cierre de Sesión muestra mensaje de error si falla el cierre de sesión","invocations":1,"location":null,"numPassingAsserts":1,"retryReasons":[],"startAt":1762456468051,"status":"passed","title":"muestra mensaje de error si falla el cierre de sesión"},{"ancestorTitles":["Cierre de Sesión"],"duration":null,"failing":false,"failureDetails":[],"failureMessages":[],"fullName":"Cierre de Sesión muestra diálogo de confirmación antes de cerrar sesión","invocations":1,"location":null,"numPassingAsserts":0,"retryReasons":[],"startAt":1762456468068,"status":"pending","title":"muestra diálogo de confirmación antes de cerrar sesión"}],"endTime":1762456468069,"message":"","name":"D:\\TRABAJOS 10MO\\SeguridadAPP\\SeguridadCiudadanaApp\\__tests__\\logout.test.js","startTime":1762456467407,"status":"focused","summary":""},{"assertionResults":[{"ancestorTitles":["Ver Reportes Ciudadanos"],"duration":84,"failing":false,"failureDetails":[],"failureMessages":[],"fullName":"Ver Reportes Ciudadanos carga y muestra los reportes en el mapa","invocations":1,"location":null,"numPassingAsserts":1,"retryReasons":[],"startAt":1762456468580,"status":"passed","title":"carga y muestra los reportes en el mapa"},{"ancestorTitles":["Ver Reportes Ciudadanos"],"duration":66,"failing":false,"failureDetails":[],"failureMessages":[],"fullName":"Ver Reportes Ciudadanos muestra detalles del reporte al presionar un marcador","invocations":1,"location":null,"numPassingAsserts":1,"retryReasons":[],"startAt":1762456468665,"status":"passed","title":"muestra detalles del reporte al presionar un marcador"},{"ancestorTitles":["Ver Reportes Ciudadanos"],"duration":58,"failing":false,"failureDetails":[],"failureMessages":[],"fullName":"Ver Reportes Ciudadanos navega al detalle del reporte al presionar en ver más","invocations":1,"location":null,"numPassingAsserts":1,"retryReasons":[],"startAt":1762456468731,"status":"passed","title":"navega al detalle del reporte al presionar en ver más"}],"endTime":1762456468790,"message":"","name":"D:\\TRABAJOS 10MO\\SeguridadAPP\\SeguridadCiudadanaApp\\__tests__\\viewCitizenReports.test.js","startTime":1762456468085,"status":"passed","summary":""},{"assertionResults":[{"ancestorTitles":["Create Report - Integración"],"duration":203,"failing":false,"failureDetails":[],"failureMessages":[],"fullName":"Create Report - Integración 1) Envío exitoso sin imagen","invocations":1,"location":null,"numPassingAsserts":6,"retryReasons":[],"startAt":1762456469234,"status":"passed","title":"1) Envío exitoso sin imagen"},{"ancestorTitles":["Create Report - Integración"],"duration":106,"failing":false,"failureDetails":[],"failureMessages":[],"fullName":"Create Report - Integración 2) Ubicación ausente: muestra UI y permite envío (location=null)","invocations":1,"location":null,"numPassingAsserts":4,"retryReasons":[],"startAt":1762456469438,"status":"passed","title":"2) Ubicación ausente: muestra UI y permite envío (location=null)"},{"ancestorTitles":["Create Report - Integración"],"duration":176,"failing":false,"failureDetails":[],"failureMessages":[],"fullName":"Create Report - Integración 3) Envío con imagen desde galería (web: upload a Storage)","invocations":1,"location":null,"numPassingAsserts":5,"retryReasons":[],"startAt":1762456469545,"status":"passed","title":"3) Envío con imagen desde galería (web: upload a Storage)"}],"endTime":1762456469722,"message":"","name":"D:\\TRABAJOS 10MO\\SeguridadAPP\\SeguridadCiudadanaApp\\__tests__\\createReport.integration.test.js","startTime":1762456468801,"status":"passed","summary":""},{"assertionResults":[{"ancestorTitles":["Notificación Cambio de Estado"],"duration":122,"failing":false,"failureDetails":[],"failureMessages":[],"fullName":"Notificación Cambio de Estado envía notificación cuando cambia el estado de un reporte","invocations":1,"location":null,"numPassingAsserts":1,"retryReasons":[],"startAt":1762456470201,"status":"passed","title":"envía notificación cuando cambia el estado de un reporte"},{"ancestorTitles":["Notificación Cambio de Estado"],"duration":1,"failing":false,"failureDetails":[],"failureMessages":[],"fullName":"Notificación Cambio de Estado registra el dispositivo para recibir notificaciones","invocations":1,"location":null,"numPassingAsserts":2,"retryReasons":[],"startAt":1762456470324,"status":"passed","title":"registra el dispositivo para recibir notificaciones"}],"endTime":1762456470326,"message":"","name":"D:\\TRABAJOS 10MO\\SeguridadAPP\\SeguridadCiudadanaApp\\__tests__\\notifications.test.js","startTime":1762456469735,"status":"passed","summary":""},{"assertionResults":[{"ancestorTitles":["RNF-1 Aceptación (<= 3000ms)"],"duration":18,"failing":false,"failureDetails":[],"failureMessages":[],"fullName":"RNF-1 Aceptación (<= 3000ms) Envío de reporte (ReportScreen) registra métrica y cumple umbral","invocations":1,"location":null,"numPassingAsserts":2,"retryReasons":[],"startAt":1762456470784,"status":"passed","title":"Envío de reporte (ReportScreen) registra métrica y cumple umbral"},{"ancestorTitles":["RNF-1 Aceptación (<= 3000ms)"],"duration":5,"failing":false,"failureDetails":[],"failureMessages":[],"fullName":"RNF-1 Aceptación (<= 3000ms) Carga de notificaciones (NotificationsScreen) registra métrica y cumple umbral","invocations":1,"location":null,"numPassingAsserts":2,"retryReasons":[],"startAt":1762456470802,"status":"passed","title":"Carga de notificaciones (NotificationsScreen) registra métrica y cumple umbral"},{"ancestorTitles":["RNF-1 Aceptación (<= 3000ms)"],"duration":1,"failing":false,"failureDetails":[],"failureMessages":[],"fullName":"RNF-1 Aceptación (<= 3000ms) Carga inicial del mapa (AllReportsMapScreen) registra métrica y cumple umbral","invocations":1,"location":null,"numPassingAsserts":2,"retryReasons":[],"startAt":1762456470807,"status":"passed","title":"Carga inicial del mapa (AllReportsMapScreen) registra métrica y cumple umbral"}],"endTime":1762456470810,"message":"","name":"D:\\TRABAJOS 10MO\\SeguridadAPP\\SeguridadCiudadanaApp\\__tests__\\rnf1.acceptance.test.js","startTime":1762456470342,"status":"passed","summary":""},{"assertionResults":[{"ancestorTitles":["Confirmación y Mensajes"],"duration":16,"failing":false,"failureDetails":[],"failureMessages":[],"fullName":"Confirmación y Mensajes muestra mensaje de éxito correctamente","invocations":1,"location":null,"numPassingAsserts":2,"retryReasons":[],"startAt":1762456471255,"status":"passed","title":"muestra mensaje de éxito correctamente"},{"ancestorTitles":["Confirmación y Mensajes"],"duration":2,"failing":false,"failureDetails":[],"failureMessages":[],"fullName":"Confirmación y Mensajes muestra mensaje de error correctamente","invocations":1,"location":null,"numPassingAsserts":2,"retryReasons":[],"startAt":1762456471272,"status":"passed","title":"muestra mensaje de error correctamente"},{"ancestorTitles":["Confirmación y Mensajes"],"duration":3,"failing":false,"failureDetails":[],"failureMessages":[],"fullName":"Confirmación y Mensajes llama a onDismiss cuando se cierra el mensaje","invocations":1,"location":null,"numPassingAsserts":1,"retryReasons":[],"startAt":1762456471274,"status":"passed","title":"llama a onDismiss cuando se cierra el mensaje"},{"ancestorTitles":["Confirmación y Mensajes"],"duration":1,"failing":false,"failureDetails":[],"failureMessages":[],"fullName":"Confirmación y Mensajes no renderiza nada cuando visible es false","invocations":1,"location":null,"numPassingAsserts":1,"retryReasons":[],"startAt":1762456471277,"status":"passed","title":"no renderiza nada cuando visible es false"}],"endTime":1762456471279,"message":"","name":"D:\\TRABAJOS 10MO\\SeguridadAPP\\SeguridadCiudadanaApp\\__tests__\\feedback.test.js","startTime":1762456470823,"status":"passed","summary":""},{"assertionResults":[{"ancestorTitles":["Pruebas de Registro de Usuario"],"duration":5,"failing":false,"failureDetails":[],"failureMessages":[],"fullName":"Pruebas de Registro de Usuario debe mostrar error cuando los campos están vacíos","invocations":1,"location":null,"numPassingAsserts":2,"retryReasons":[],"startAt":1762456471720,"status":"passed","title":"debe mostrar error cuando los campos están vacíos"},{"ancestorTitles":["Pruebas de Registro de Usuario"],"duration":0,"failing":false,"failureDetails":[],"failureMessages":[],"fullName":"Pruebas de Registro de Usuario debe mostrar error cuando las contraseñas no coinciden","invocations":1,"location":null,"numPassingAsserts":2,"retryReasons":[],"startAt":1762456471726,"status":"passed","title":"debe mostrar error cuando las contraseñas no coinciden"},{"ancestorTitles":["Pruebas de Registro de Usuario"],"duration":2,"failing":false,"failureDetails":[],"failureMessages":[],"fullName":"Pruebas de Registro de Usuario debe registrar al usuario correctamente","invocations":1,"location":null,"numPassingAsserts":3,"retryReasons":[],"startAt":1762456471726,"status":"passed","title":"debe registrar al usuario correctamente"},{"ancestorTitles":["Pruebas de Registro de Usuario"],"duration":1,"failing":false,"failureDetails":[],"failureMessages":[],"fullName":"Pruebas de Registro de Usuario debe manejar errores durante el registro","invocations":1,"location":null,"numPassingAsserts":3,"retryReasons":[],"startAt":1762456471728,"status":"passed","title":"debe manejar errores durante el registro"}],"endTime":1762456471730,"message":"","name":"D:\\TRABAJOS 10MO\\SeguridadAPP\\SeguridadCiudadanaApp\\__tests__\\userRegistration.test.js","startTime":1762456471291,"status":"passed","summary":""},{"assertionResults":[{"ancestorTitles":["Pruebas de Inicio de Sesión"],"duration":5,"failing":false,"failureDetails":[],"failureMessages":[],"fullName":"Pruebas de Inicio de Sesión debe mostrar error cuando los campos están vacíos","invocations":1,"location":null,"numPassingAsserts":2,"retryReasons":[],"startAt":1762456472163,"status":"passed","title":"debe mostrar error cuando los campos están vacíos"},{"ancestorTitles":["Pruebas de Inicio de Sesión"],"duration":2,"failing":false,"failureDetails":[],"failureMessages":[],"fullName":"Pruebas de Inicio de Sesión debe iniciar sesión correctamente","invocations":1,"location":null,"numPassingAsserts":3,"retryReasons":[],"startAt":1762456472168,"status":"passed","title":"debe iniciar sesión correctamente"},{"ancestorTitles":["Pruebas de Inicio de Sesión"],"duration":1,"failing":false,"failureDetails":[],"failureMessages":[],"fullName":"Pruebas de Inicio de Sesión debe manejar errores durante el inicio de sesión","invocations":1,"location":null,"numPassingAsserts":3,"retryReasons":[],"startAt":1762456472170,"status":"passed","title":"debe manejar errores durante el inicio de sesión"}],"endTime":1762456472172,"message":"","name":"D:\\TRABAJOS 10MO\\SeguridadAPP\\SeguridadCiudadanaApp\\__tests__\\login.test.js","startTime":1762456471742,"status":"passed","summary":""},{"assertionResults":[{"ancestorTitles":["RNF-3 Usabilidad - Aceptación"],"duration":14,"failing":false,"failureDetails":[],"failureMessages":[],"fullName":"RNF-3 Usabilidad - Aceptación Login: CTA principal visible y validación muestra error claro con campos vacíos","invocations":1,"location":null,"numPassingAsserts":2,"retryReasons":[],"startAt":1762456472611,"status":"passed","title":"Login: CTA principal visible y validación muestra error claro con campos vacíos"},{"ancestorTitles":["RNF-3 Usabilidad - Aceptación"],"duration":4,"failing":false,"failureDetails":[],"failureMessages":[],"fullName":"RNF-3 Usabilidad - Aceptación Reportes: CTA \"Enviar Reporte\" visible y confirmación antes de enviar","invocations":1,"location":null,"numPassingAsserts":3,"retryReasons":[],"startAt":1762456472625,"status":"passed","title":"Reportes: CTA \"Enviar Reporte\" visible y confirmación antes de enviar"}],"endTime":1762456472630,"message":"","name":"D:\\TRABAJOS 10MO\\SeguridadAPP\\SeguridadCiudadanaApp\\__tests__\\rnf3.acceptance.test.js","startTime":1762456472185,"status":"passed","summary":""},{"assertionResults":[{"ancestorTitles":["RNF-2 Seguridad - Aceptación"],"duration":4,"failing":false,"failureDetails":[],"failureMessages":[],"fullName":"RNF-2 Seguridad - Aceptación Usa SecureStore para claves sensibles (user) y no AsyncStorage","invocations":1,"location":null,"numPassingAsserts":6,"retryReasons":[],"startAt":1762456473001,"status":"passed","title":"Usa SecureStore para claves sensibles (user) y no AsyncStorage"},{"ancestorTitles":["RNF-2 Seguridad - Aceptación"],"duration":100,"failing":false,"failureDetails":[],"failureMessages":[],"fullName":"RNF-2 Seguridad - Aceptación Configuración de producción usa HTTPS y lo exige","invocations":1,"location":null,"numPassingAsserts":3,"retryReasons":[],"startAt":1762456473008,"status":"passed","title":"Configuración de producción usa HTTPS y lo exige"}],"endTime":1762456473109,"message":"","name":"D:\\TRABAJOS 10MO\\SeguridadAPP\\SeguridadCiudadanaApp\\__tests__\\rnf2.acceptance.test.js","startTime":1762456472643,"status":"passed","summary":""},{"assertionResults":[{"ancestorTitles":["RNF-9 Seguridad de Sesiones - Aceptación (almacenamiento)"],"duration":4,"failing":false,"failureDetails":[],"failureMessages":[],"fullName":"RNF-9 Seguridad de Sesiones - Aceptación (almacenamiento) secureStorage.removeItem borra datos sensibles en SecureStore y AsyncStorage","invocations":1,"location":null,"numPassingAsserts":2,"retryReasons":[],"startAt":1762456473480,"status":"passed","title":"secureStorage.removeItem borra datos sensibles en SecureStore y AsyncStorage"},{"ancestorTitles":["RNF-9 Seguridad de Sesiones - Aceptación (almacenamiento)"],"duration":100,"failing":false,"failureDetails":[],"failureMessages":[],"fullName":"RNF-9 Seguridad de Sesiones - Aceptación (almacenamiento) Claves sensibles definidas incluyen token de sesión en appConfig","invocations":1,"location":null,"numPassingAsserts":1,"retryReasons":[],"startAt":1762456473484,"status":"passed","title":"Claves sensibles definidas incluyen token de sesión en appConfig"}],"endTime":1762456473585,"message":"","name":"D:\\TRABAJOS 10MO\\SeguridadAPP\\SeguridadCiudadanaApp\\__tests__\\rnf9.acceptance.test.js","startTime":1762456473124,"status":"passed","summary":""},{"assertionResults":[{"ancestorTitles":["RNF-7 Escalabilidad - Aceptación"],"duration":106,"failing":false,"failureDetails":[],"failureMessages":[],"fullName":"RNF-7 Escalabilidad - Aceptación ExportService aplica filtro por zone cuando se especifica","invocations":1,"location":null,"numPassingAsserts":3,"retryReasons":[],"startAt":1762456473958,"status":"passed","title":"ExportService aplica filtro por zone cuando se especifica"},{"ancestorTitles":["RNF-7 Escalabilidad - Aceptación"],"duration":100,"failing":false,"failureDetails":[],"failureMessages":[],"fullName":"RNF-7 Escalabilidad - Aceptación ExportService no fuerza zona cuando no se especifica (flexible multi-distrito)","invocations":1,"location":null,"numPassingAsserts":2,"retryReasons":[],"startAt":1762456474064,"status":"passed","title":"ExportService no fuerza zona cuando no se especifica (flexible multi-distrito)"}],"endTime":1762456474165,"message":"","name":"D:\\TRABAJOS 10MO\\SeguridadAPP\\SeguridadCiudadanaApp\\__tests__\\rnf7.acceptance.test.js","startTime":1762456473599,"status":"passed","summary":""},{"assertionResults":[{"ancestorTitles":["RNF-10 Accesibilidad - Aceptación"],"duration":14,"failing":false,"failureDetails":[],"failureMessages":[],"fullName":"RNF-10 Accesibilidad - Aceptación RoleSelectorScreen expone labels y roles accesibles en CTAs","invocations":1,"location":null,"numPassingAsserts":3,"retryReasons":[],"startAt":1762456474605,"status":"passed","title":"RoleSelectorScreen expone labels y roles accesibles en CTAs"}],"endTime":1762456474620,"message":"","name":"D:\\TRABAJOS 10MO\\SeguridadAPP\\SeguridadCiudadanaApp\\__tests__\\rnf10.accessibility.acceptance.test.js","startTime":1762456474178,"status":"passed","summary":""},{"assertionResults":[{"ancestorTitles":["Pruebas de rendimiento"],"duration":4,"failing":false,"failureDetails":[],"failureMessages":[],"fullName":"Pruebas de rendimiento debe registrar métricas con el util y recuperarlas","invocations":1,"location":null,"numPassingAsserts":1,"retryReasons":[],"startAt":1762456474992,"status":"passed","title":"debe registrar métricas con el util y recuperarlas"},{"ancestorTitles":["Pruebas de rendimiento"],"duration":153,"failing":false,"failureDetails":[],"failureMessages":[],"fullName":"Pruebas de rendimiento debe medir el tiempo de ejecución de una operación","invocations":1,"location":null,"numPassingAsserts":1,"retryReasons":[],"startAt":1762456474996,"status":"passed","title":"debe medir el tiempo de ejecución de una operación"},{"ancestorTitles":["Pruebas de rendimiento"],"duration":32,"failing":false,"failureDetails":[],"failureMessages":[],"fullName":"Pruebas de rendimiento debe manejar grandes conjuntos de datos","invocations":1,"location":null,"numPassingAsserts":1,"retryReasons":[],"startAt":1762456475149,"status":"passed","title":"debe manejar grandes conjuntos de datos"},{"ancestorTitles":["Pruebas de rendimiento"],"duration":4,"failing":false,"failureDetails":[],"failureMessages":[],"fullName":"Pruebas de rendimiento debe manejar la creación masiva de reportes","invocations":1,"location":null,"numPassingAsserts":3,"retryReasons":[],"startAt":1762456475181,"status":"passed","title":"debe manejar la creación masiva de reportes"},{"ancestorTitles":["Pruebas de rendimiento"],"duration":64,"failing":false,"failureDetails":[],"failureMessages":[],"fullName":"Pruebas de rendimiento debe manejar múltiples usuarios accediendo simultáneamente","invocations":1,"location":null,"numPassingAsserts":2,"retryReasons":[],"startAt":1762456475185,"status":"passed","title":"debe manejar múltiples usuarios accediendo simultáneamente"}],"endTime":1762456475250,"message":"","name":"D:\\TRABAJOS 10MO\\SeguridadAPP\\SeguridadCiudadanaApp\\__tests__\\performance.test.js","startTime":1762456474631,"status":"passed","summary":""},{"assertionResults":[{"ancestorTitles":["Funciones de geolocalización"],"duration":6,"failing":false,"failureDetails":[],"failureMessages":[],"fullName":"Funciones de geolocalización handleLocateMe debería solicitar permisos y obtener ubicación","invocations":1,"location":null,"numPassingAsserts":4,"retryReasons":[],"startAt":1762456475694,"status":"passed","title":"handleLocateMe debería solicitar permisos y obtener ubicación"},{"ancestorTitles":["Funciones de geolocalización"],"duration":1,"failing":false,"failureDetails":[],"failureMessages":[],"fullName":"Funciones de geolocalización handleLocateMe debería manejar permisos denegados","invocations":1,"location":null,"numPassingAsserts":4,"retryReasons":[],"startAt":1762456475701,"status":"passed","title":"handleLocateMe debería manejar permisos denegados"},{"ancestorTitles":["Funciones de geolocalización"],"duration":1,"failing":false,"failureDetails":[],"failureMessages":[],"fullName":"Funciones de geolocalización handleLocateMe debería manejar errores al obtener ubicación","invocations":1,"location":null,"numPassingAsserts":4,"retryReasons":[],"startAt":1762456475702,"status":"passed","title":"handleLocateMe debería manejar errores al obtener ubicación"}],"endTime":1762456475705,"message":"","name":"D:\\TRABAJOS 10MO\\SeguridadAPP\\SeguridadCiudadanaApp\\__tests__\\geolocation.test.js","startTime":1762456475264,"status":"passed","summary":""},{"assertionResults":[{"ancestorTitles":["AuthLoadingScreen - persistencia de sesión"],"duration":71,"failing":false,"failureDetails":[],"failureMessages":[],"fullName":"AuthLoadingScreen - persistencia de sesión navega a Home cuando el usuario autenticado tiene rol ciudadano (coincidente con almacenamiento)","invocations":1,"location":null,"numPassingAsserts":1,"retryReasons":[],"startAt":1762456476136,"status":"passed","title":"navega a Home cuando el usuario autenticado tiene rol ciudadano (coincidente con almacenamiento)"},{"ancestorTitles":["AuthLoadingScreen - persistencia de sesión"],"duration":60,"failing":false,"failureDetails":[],"failureMessages":[],"fullName":"AuthLoadingScreen - persistencia de sesión navega a AuthorityDashboard cuando el rol es autoridad (coincide con almacenamiento)","invocations":1,"location":null,"numPassingAsserts":1,"retryReasons":[],"startAt":1762456476208,"status":"passed","title":"navega a AuthorityDashboard cuando el rol es autoridad (coincide con almacenamiento)"}],"endTime":1762456476270,"message":"","name":"D:\\TRABAJOS 10MO\\SeguridadAPP\\SeguridadCiudadanaApp\\__tests__\\sessionPersistence.test.js","startTime":1762456475716,"status":"passed","summary":""},{"assertionResults":[{"ancestorTitles":["Acceso a Reportes por Fecha y Tipo"],"duration":84,"failing":false,"failureDetails":[],"failureMessages":[],"fullName":"Acceso a Reportes por Fecha y Tipo filtra reportes por tipo correctamente","invocations":1,"location":null,"numPassingAsserts":3,"retryReasons":[],"startAt":1762456476708,"status":"passed","title":"filtra reportes por tipo correctamente"},{"ancestorTitles":["Acceso a Reportes por Fecha y Tipo"],"duration":61,"failing":false,"failureDetails":[],"failureMessages":[],"fullName":"Acceso a Reportes por Fecha y Tipo filtra reportes por rango de fechas correctamente","invocations":1,"location":null,"numPassingAsserts":3,"retryReasons":[],"startAt":1762456476793,"status":"passed","title":"filtra reportes por rango de fechas correctamente"},{"ancestorTitles":["Acceso a Reportes por Fecha y Tipo"],"duration":61,"failing":false,"failureDetails":[],"failureMessages":[],"fullName":"Acceso a Reportes por Fecha y Tipo muestra mensaje cuando no hay resultados","invocations":1,"location":null,"numPassingAsserts":1,"retryReasons":[],"startAt":1762456476854,"status":"passed","title":"muestra mensaje cuando no hay resultados"}],"endTime":1762456476917,"message":"","name":"D:\\TRABAJOS 10MO\\SeguridadAPP\\SeguridadCiudadanaApp\\__tests__\\reportFilters.test.js","startTime":1762456476283,"status":"passed","summary":""},{"assertionResults":[{"ancestorTitles":["Flujo de Autenticación - Integración"],"duration":69,"failing":false,"failureDetails":[],"failureMessages":[],"fullName":"Flujo de Autenticación - Integración Login exitoso con MFA habilitado navega a MFAEmailVerify","invocations":1,"location":null,"numPassingAsserts":3,"retryReasons":[],"startAt":1762456477380,"status":"passed","title":"Login exitoso con MFA habilitado navega a MFAEmailVerify"},{"ancestorTitles":["Flujo de Autenticación - Integración"],"duration":62,"failing":false,"failureDetails":[],"failureMessages":[],"fullName":"Flujo de Autenticación - Integración Rol incorrecto: cierra sesión y muestra error (sin navegación)","invocations":1,"location":null,"numPassingAsserts":5,"retryReasons":[],"startAt":1762456477450,"status":"passed","title":"Rol incorrecto: cierra sesión y muestra error (sin navegación)"},{"ancestorTitles":["Flujo de Autenticación - Integración"],"duration":62,"failing":false,"failureDetails":[],"failureMessages":[],"fullName":"Flujo de Autenticación - Integración Sin conexión: bloquea login y muestra advertencia","invocations":1,"location":null,"numPassingAsserts":2,"retryReasons":[],"startAt":1762456477512,"status":"passed","title":"Sin conexión: bloquea login y muestra advertencia"},{"ancestorTitles":["Flujo de Autenticación - Integración"],"duration":62,"failing":false,"failureDetails":[],"failureMessages":[],"fullName":"Flujo de Autenticación - Integración Contraseña incorrecta: muestra error y no navega","invocations":1,"location":null,"numPassingAsserts":2,"retryReasons":[],"startAt":1762456477574,"status":"passed","title":"Contraseña incorrecta: muestra error y no navega"}],"endTime":1762456477638,"message":"","name":"D:\\TRABAJOS 10MO\\SeguridadAPP\\SeguridadCiudadanaApp\\__tests__\\authFlow.integration.test.js","startTime":1762456476928,"status":"passed","summary":""},{"assertionResults":[{"ancestorTitles":["RNF-5 Confiabilidad - Aceptación"],"duration":66,"failing":false,"failureDetails":[],"failureMessages":[],"fullName":"RNF-5 Confiabilidad - Aceptación Degradación offline: no crashea y muestra error al enviar","invocations":1,"location":null,"numPassingAsserts":2,"retryReasons":[],"startAt":1762456478091,"status":"passed","title":"Degradación offline: no crashea y muestra error al enviar"},{"ancestorTitles":["RNF-5 Confiabilidad - Aceptación"],"duration":122,"failing":false,"failureDetails":[],"failureMessages":[],"fullName":"RNF-5 Confiabilidad - Aceptación Recuperación tras reconexión: reintento exitoso muestra éxito","invocations":1,"location":null,"numPassingAsserts":4,"retryReasons":[],"startAt":1762456478158,"status":"passed","title":"Recuperación tras reconexión: reintento exitoso muestra éxito"}],"endTime":1762456478281,"message":"","name":"D:\\TRABAJOS 10MO\\SeguridadAPP\\SeguridadCiudadanaApp\\__tests__\\rnf5.acceptance.test.js","startTime":1762456477649,"status":"passed","summary":""},{"assertionResults":[{"ancestorTitles":["RNF-8 Tolerancia a Errores - Aceptación"],"duration":7,"failing":false,"failureDetails":[],"failureMessages":[],"fullName":"RNF-8 Tolerancia a Errores - Aceptación robustOnSnapshot reintenta ante ERR_ABORTED y entrega datos","invocations":1,"location":null,"numPassingAsserts":4,"retryReasons":[],"startAt":1762456478665,"status":"passed","title":"robustOnSnapshot reintenta ante ERR_ABORTED y entrega datos"},{"ancestorTitles":["RNF-8 Tolerancia a Errores - Aceptación"],"duration":6,"failing":false,"failureDetails":[],"failureMessages":[],"fullName":"RNF-8 Tolerancia a Errores - Aceptación robustOnSnapshot delega a onError en errores no transitorios","invocations":1,"location":null,"numPassingAsserts":4,"retryReasons":[],"startAt":1762456478672,"status":"passed","title":"robustOnSnapshot delega a onError en errores no transitorios"}],"endTime":1762456478679,"message":"","name":"D:\\TRABAJOS 10MO\\SeguridadAPP\\SeguridadCiudadanaApp\\__tests__\\rnf8.acceptance.test.js","startTime":1762456478293,"status":"passed","summary":""},{"assertionResults":[{"ancestorTitles":["Flujo Completo de Usuario - Prueba de Aceptación"],"duration":4,"failing":false,"failureDetails":[],"failureMessages":[],"fullName":"Flujo Completo de Usuario - Prueba de Aceptación Flujo completo: registro, login, crear reporte, ver reportes y logout","invocations":1,"location":null,"numPassingAsserts":10,"retryReasons":[],"startAt":1762456479059,"status":"passed","title":"Flujo completo: registro, login, crear reporte, ver reportes y logout"},{"ancestorTitles":["Flujo Completo de Usuario - Prueba de Aceptación"],"duration":0,"failing":false,"failureDetails":[],"failureMessages":[],"fullName":"Flujo Completo de Usuario - Prueba de Aceptación Manejo de errores en el flujo de usuario","invocations":1,"location":null,"numPassingAsserts":2,"retryReasons":[],"startAt":1762456479064,"status":"passed","title":"Manejo de errores en el flujo de usuario"}],"endTime":1762456479065,"message":"","name":"D:\\TRABAJOS 10MO\\SeguridadAPP\\SeguridadCiudadanaApp\\__tests__\\userFlow.acceptance.test.js","startTime":1762456478691,"status":"passed","summary":""},{"assertionResults":[{"ancestorTitles":["useForm hook"],"duration":2,"failing":false,"failureDetails":[],"failureMessages":[],"fullName":"useForm hook Verificación básica de formularios","invocations":1,"location":null,"numPassingAsserts":1,"retryReasons":[],"startAt":1762456479438,"status":"passed","title":"Verificación básica de formularios"},{"ancestorTitles":["useForm hook"],"duration":1,"failing":false,"failureDetails":[],"failureMessages":[],"fullName":"useForm hook Simulación de manejo de formulario","invocations":1,"location":null,"numPassingAsserts":1,"retryReasons":[],"startAt":1762456479440,"status":"passed","title":"Simulación de manejo de formulario"}],"endTime":1762456479442,"message":"","name":"D:\\TRABAJOS 10MO\\SeguridadAPP\\SeguridadCiudadanaApp\\__tests__\\useForm.test.js","startTime":1762456479080,"status":"passed","summary":""},{"assertionResults":[{"ancestorTitles":["Pruebas de seguridad"],"duration":2,"failing":false,"failureDetails":[],"failureMessages":[],"fullName":"Pruebas de seguridad debe verificar aspectos básicos de seguridad","invocations":1,"location":null,"numPassingAsserts":1,"retryReasons":[],"startAt":1762456479808,"status":"passed","title":"debe verificar aspectos básicos de seguridad"},{"ancestorTitles":["Pruebas de seguridad"],"duration":1,"failing":false,"failureDetails":[],"failureMessages":[],"fullName":"Pruebas de seguridad debe validar contraseñas seguras","invocations":1,"location":null,"numPassingAsserts":4,"retryReasons":[],"startAt":1762456479810,"status":"passed","title":"debe validar contraseñas seguras"}],"endTime":1762456479812,"message":"","name":"D:\\TRABAJOS 10MO\\SeguridadAPP\\SeguridadCiudadanaApp\\__tests__\\security.test.js","startTime":1762456479454,"status":"passed","summary":""},{"assertionResults":[{"ancestorTitles":["Validaciones"],"duration":2,"failing":false,"failureDetails":[],"failureMessages":[],"fullName":"Validaciones Verificación básica de validaciones","invocations":1,"location":null,"numPassingAsserts":1,"retryReasons":[],"startAt":1762456480180,"status":"passed","title":"Verificación básica de validaciones"},{"ancestorTitles":["Validaciones"],"duration":1,"failing":false,"failureDetails":[],"failureMessages":[],"fullName":"Validaciones Validación de correo electrónico","invocations":1,"location":null,"numPassingAsserts":2,"retryReasons":[],"startAt":1762456480182,"status":"passed","title":"Validación de correo electrónico"}],"endTime":1762456480184,"message":"","name":"D:\\TRABAJOS 10MO\\SeguridadAPP\\SeguridadCiudadanaApp\\__tests__\\validations.test.js","startTime":1762456479825,"status":"passed","summary":""},{"assertionResults":[{"ancestorTitles":["RNF-4 Mantenibilidad - Aceptación"],"duration":3,"failing":false,"failureDetails":[],"failureMessages":[],"fullName":"RNF-4 Mantenibilidad - Aceptación Estructura modular presente","invocations":1,"location":null,"numPassingAsserts":1,"retryReasons":[],"startAt":1762456480550,"status":"passed","title":"Estructura modular presente"},{"ancestorTitles":["RNF-4 Mantenibilidad - Aceptación"],"duration":1,"failing":false,"failureDetails":[],"failureMessages":[],"fullName":"RNF-4 Mantenibilidad - Aceptación TypeScript configurado y presente en devDependencies","invocations":1,"location":null,"numPassingAsserts":2,"retryReasons":[],"startAt":1762456480553,"status":"passed","title":"TypeScript configurado y presente en devDependencies"},{"ancestorTitles":["RNF-4 Mantenibilidad - Aceptación"],"duration":1,"failing":false,"failureDetails":[],"failureMessages":[],"fullName":"RNF-4 Mantenibilidad - Aceptación Configuración de pruebas lista y script test definido","invocations":1,"location":null,"numPassingAsserts":2,"retryReasons":[],"startAt":1762456480555,"status":"passed","title":"Configuración de pruebas lista y script test definido"},{"ancestorTitles":["RNF-4 Mantenibilidad - Aceptación"],"duration":1,"failing":false,"failureDetails":[],"failureMessages":[],"fullName":"RNF-4 Mantenibilidad - Aceptación Suite de pruebas con volumen mínimo","invocations":1,"location":null,"numPassingAsserts":2,"retryReasons":[],"startAt":1762456480556,"status":"passed","title":"Suite de pruebas con volumen mínimo"}],"endTime":1762456480558,"message":"","name":"D:\\TRABAJOS 10MO\\SeguridadAPP\\SeguridadCiudadanaApp\\__tests__\\rnf4.acceptance.test.js","startTime":1762456480195,"status":"passed","summary":""},{"assertionResults":[{"ancestorTitles":["Pruebas de UI/UX","Componentes básicos"],"duration":2,"failing":false,"failureDetails":[],"failureMessages":[],"fullName":"Pruebas de UI/UX Componentes básicos Verificación de estilos y dimensiones","invocations":1,"location":null,"numPassingAsserts":1,"retryReasons":[],"startAt":1762456480921,"status":"passed","title":"Verificación de estilos y dimensiones"},{"ancestorTitles":["Pruebas de UI/UX","Componentes básicos"],"duration":0,"failing":false,"failureDetails":[],"failureMessages":[],"fullName":"Pruebas de UI/UX Componentes básicos Verificación de responsive design","invocations":1,"location":null,"numPassingAsserts":3,"retryReasons":[],"startAt":1762456480924,"status":"passed","title":"Verificación de responsive design"}],"endTime":1762456480925,"message":"","name":"D:\\TRABAJOS 10MO\\SeguridadAPP\\SeguridadCiudadanaApp\\__tests__\\ui.test.js","startTime":1762456480571,"status":"passed","summary":""},{"assertionResults":[{"ancestorTitles":["Flujo de Reportes - Integración"],"duration":1,"failing":false,"failureDetails":[],"failureMessages":[],"fullName":"Flujo de Reportes - Integración Verificación básica de reportes","invocations":1,"location":null,"numPassingAsserts":1,"retryReasons":[],"startAt":1762456481287,"status":"passed","title":"Verificación básica de reportes"},{"ancestorTitles":["Flujo de Reportes - Integración"],"duration":1,"failing":false,"failureDetails":[],"failureMessages":[],"fullName":"Flujo de Reportes - Integración Simulación de creación de reporte","invocations":1,"location":null,"numPassingAsserts":1,"retryReasons":[],"startAt":1762456481289,"status":"passed","title":"Simulación de creación de reporte"}],"endTime":1762456481290,"message":"","name":"D:\\TRABAJOS 10MO\\SeguridadAPP\\SeguridadCiudadanaApp\\__tests__\\reportFlow.integration.test.js","startTime":1762456480937,"status":"passed","summary":""},{"assertionResults":[{"ancestorTitles":["RNF-6 Portabilidad - Aceptación"],"duration":2,"failing":false,"failureDetails":[],"failureMessages":[],"fullName":"RNF-6 Portabilidad - Aceptación minSdkVersion >= 26 en configuración de Android","invocations":1,"location":null,"numPassingAsserts":2,"retryReasons":[],"startAt":1762456481657,"status":"passed","title":"minSdkVersion >= 26 en configuración de Android"}],"endTime":1762456481661,"message":"","name":"D:\\TRABAJOS 10MO\\SeguridadAPP\\SeguridadCiudadanaApp\\__tests__\\rnf6.acceptance.test.js","startTime":1762456481303,"status":"passed","summary":""},{"assertionResults":[{"ancestorTitles":["Pruebas de componentes"],"duration":2,"failing":false,"failureDetails":[],"failureMessages":[],"fullName":"Pruebas de componentes Verificación básica de componentes","invocations":1,"location":null,"numPassingAsserts":1,"retryReasons":[],"startAt":1762456482027,"status":"passed","title":"Verificación básica de componentes"},{"ancestorTitles":["Pruebas de componentes"],"duration":0,"failing":false,"failureDetails":[],"failureMessages":[],"fullName":"Pruebas de componentes Simulación de botón de emergencia","invocations":1,"location":null,"numPassingAsserts":2,"retryReasons":[],"startAt":1762456482030,"status":"passed","title":"Simulación de botón de emergencia"}],"endTime":1762456482031,"message":"","name":"D:\\TRABAJOS 10MO\\SeguridadAPP\\SeguridadCiudadanaApp\\__tests__\\components.test.js","startTime":1762456481672,"status":"passed","summary":""},{"assertionResults":[{"ancestorTitles":["Hook useLocation"],"duration":3,"failing":false,"failureDetails":[],"failureMessages":[],"fullName":"Hook useLocation debería funcionar correctamente","invocations":1,"location":null,"numPassingAsserts":1,"retryReasons":[],"startAt":1762456482405,"status":"passed","title":"debería funcionar correctamente"}],"endTime":1762456482410,"message":"","name":"D:\\TRABAJOS 10MO\\SeguridadAPP\\SeguridadCiudadanaApp\\__tests__\\useLocation.test.js","startTime":1762456482043,"status":"passed","summary":""},{"assertionResults":[{"ancestorTitles":["AuthLoadingScreen - rol inconsistente"],"duration":78,"failing":false,"failureDetails":[],"failureMessages":[],"fullName":"AuthLoadingScreen - rol inconsistente signOut y reset a RoleSelector cuando el rol almacenado no coincide con Firestore","invocations":1,"location":null,"numPassingAsserts":3,"retryReasons":[],"startAt":1762456482867,"status":"passed","title":"signOut y reset a RoleSelector cuando el rol almacenado no coincide con Firestore"}],"endTime":1762456482946,"message":"","name":"D:\\TRABAJOS 10MO\\SeguridadAPP\\SeguridadCiudadanaApp\\__tests__\\sessionRoleMismatch.test.js","startTime":1762456482421,"status":"passed","summary":""}],"wasInterrupted":false}
