--------- beginning of main
11-10 14:37:05.099 13683 13683 I pp.seguritacapp: Late-enabling -Xcheck:jni
11-10 14:37:05.147 13683 13683 I pp.seguritacapp: Using CollectorTypeCMC GC.
11-10 14:37:05.148 13683 13683 W pp.seguritacapp: Unexpected CPU variant for x86: x86_64.
11-10 14:37:05.148 13683 13683 W pp.seguritacapp: Known variants: atom, sandybridge, silvermont, goldmont, goldmont-plus, goldmont-without-sha-xsaves, tremont, kabylake, alderlake, default
11-10 14:37:05.172 13683 13683 D nativeloader: Load libframework-connectivity-tiramisu-jni.so using APEX ns com_android_tethering for caller /apex/com.android.tethering/javalib/framework-connectivity-t.jar: ok
11-10 14:37:05.220 13683 13683 D CompatChangeReporter: Compat change id reported: 242716250; UID 10227; state: ENABLED
--------- beginning of system
11-10 14:37:05.249 13683 13683 W ActivityThread: Package uses different ABI(s) than its instrumentation: package[com.tuapp.seguritacapp]: x86_64, null instrumentation[com.tuapp.seguritacapp.test]: null, null
11-10 14:37:05.252 13683 13683 D ApplicationLoaders: Returning zygote-cached class loader: /system/framework/org.apache.http.legacy.jar
11-10 14:37:05.258 13683 13683 W pp.seguritacapp: ClassLoaderContext shared library size mismatch. Expected=2, found=1 (PCL[]{PCL[/system/framework/android.test.base.jar*2789897741]#PCL[/system/framework/android.test.mock.jar*3361312393]} | PCL[]{PCL[/system/framework/org.apache.http.legacy.jar*4247870504]})
11-10 14:37:05.265 13683 13683 W pp.seguritacapp: ClassLoaderContext classpath size mismatch. expected=0, found=1 (PCL[] | PCL[/system/framework/android.test.runner.jar*895143020]{PCL[/system/framework/org.apache.http.legacy.jar*4247870504]})
11-10 14:37:05.270 13683 13683 W pp.seguritacapp: ClassLoaderContext classpath size mismatch. expected=0, found=2 (PCL[] | PCL[/system/framework/android.test.runner.jar*895143020:/system/framework/android.test.mock.jar*3361312393]{PCL[/system/framework/org.apache.http.legacy.jar*4247870504]})
11-10 14:37:05.725 13683 13683 D nativeloader: Configuring clns-9 for other apk /system/framework/android.test.runner.jar:/system/framework/android.test.mock.jar:/system/framework/android.test.base.jar:/data/app/~~1VHEGdjTGq3uKkx4ipinPw==/com.tuapp.seguritacapp.test-aWfRZpj7tx8WvTh26gKAiw==/base.apk:/data/app/~~O0wKufl6oJTKMfpq4vUYLw==/com.tuapp.seguritacapp-8rvujUmEqTRtpvTXOdX_Jg==/base.apk. target_sdk_version=34, uses_libraries=, library_path=/data/app/~~1VHEGdjTGq3uKkx4ipinPw==/com.tuapp.seguritacapp.test-aWfRZpj7tx8WvTh26gKAiw==/lib/x86_64:/data/app/~~O0wKufl6oJTKMfpq4vUYLw==/com.tuapp.seguritacapp-8rvujUmEqTRtpvTXOdX_Jg==/lib/x86_64:/data/app/~~1VHEGdjTGq3uKkx4ipinPw==/com.tuapp.seguritacapp.test-aWfRZpj7tx8WvTh26gKAiw==/base.apk!/lib/x86_64:/data/app/~~O0wKufl6oJTKMfpq4vUYLw==/com.tuapp.seguritacapp-8rvujUmEqTRtpvTXOdX_Jg==/base.apk!/lib/x86_64, permitted_path=/data:/mnt/expand:/data/user/0/com.tuapp.seguritacapp
11-10 14:37:05.748 13683 13683 I pp.seguritacapp: AssetManager2(0x70d3768a9a18) locale list changing from [] to [en-US]
11-10 14:37:05.777 13683 13683 V GraphicsEnvironment: Currently set values for:
11-10 14:37:05.777 13683 13683 V GraphicsEnvironment:   angle_gl_driver_selection_pkgs=[]
11-10 14:37:05.777 13683 13683 V GraphicsEnvironment:   angle_gl_driver_selection_values=[]
11-10 14:37:05.777 13683 13683 V GraphicsEnvironment: com.tuapp.seguritacapp is not listed in per-application setting
11-10 14:37:05.778 13683 13683 V GraphicsEnvironment: ANGLE allowlist from config: com.dreamgames.royalmatch com.dts.freefiremax com.dxx.firenow com.gramgames.mergedragons com.ludo.king com.mojang.minecraftpe com.my.defense com.nintendo.zaka com.os.airforce com.playrix.fishdomdd.gplay io.teslatech.callbreak jp.konami.prospia net.peakgames.toonblast
11-10 14:37:05.778 13683 13683 V GraphicsEnvironment: com.tuapp.seguritacapp is not listed in ANGLE allowlist or settings, returning default
11-10 14:37:05.778 13683 13683 V GraphicsEnvironment: Neither updatable production driver nor prerelease driver is supported.
11-10 14:37:05.786 13683 13683 D ApplicationLoaders: Returning zygote-cached class loader: /system/framework/android.test.base.jar
11-10 14:37:05.792 13683 13683 D nativeloader: Configuring clns-10 for other apk /system/framework/android.test.mock.jar. target_sdk_version=34, uses_libraries=ALL, library_path=/data/app/~~1VHEGdjTGq3uKkx4ipinPw==/com.tuapp.seguritacapp.test-aWfRZpj7tx8WvTh26gKAiw==/lib/x86_64:/data/app/~~O0wKufl6oJTKMfpq4vUYLw==/com.tuapp.seguritacapp-8rvujUmEqTRtpvTXOdX_Jg==/lib/x86_64, permitted_path=/data:/mnt/expand
11-10 14:37:05.793 13683 13683 D ApplicationLoaders: Returning zygote-cached class loader: /system/framework/android.test.base.jar
11-10 14:37:05.795 13683 13683 D nativeloader: Configuring clns-11 for other apk /system/framework/android.test.runner.jar. target_sdk_version=34, uses_libraries=ALL, library_path=/data/app/~~1VHEGdjTGq3uKkx4ipinPw==/com.tuapp.seguritacapp.test-aWfRZpj7tx8WvTh26gKAiw==/lib/x86_64:/data/app/~~O0wKufl6oJTKMfpq4vUYLw==/com.tuapp.seguritacapp-8rvujUmEqTRtpvTXOdX_Jg==/lib/x86_64, permitted_path=/data:/mnt/expand
11-10 14:37:05.798 13683 13683 W pp.seguritacapp: ClassLoaderContext shared library size mismatch. Expected=2, found=3 (PCL[]{PCL[/system/framework/android.test.base.jar*2789897741]#PCL[/system/framework/android.test.mock.jar*3361312393]} | PCL[]{PCL[/system/framework/android.test.base.jar*2789897741]#PCL[/system/framework/android.test.mock.jar*3361312393]#PCL[/system/framework/android.test.runner.jar*895143020]{PCL[/system/framework/android.test.base.jar*2789897741]#PCL[/system/framework/android.test.mock.jar*3361312393]}};PCL[/system/framework/android.test.runner.jar*895143020:/system/framework/android.test.mock.jar*3361312393:/system/framework/android.test.base.jar*2789897741:/data/app/~~1VHEGdjTGq3uKkx4ipinPw==/com.tuapp.seguritacapp.test-aWfRZpj7tx8WvTh26gKAiw==/base.apk*3771997839:/data/app/~~O0wKufl6oJTKMfpq4vUYLw==/com.tuapp.seguritacapp-8rvujUmEqTRtpvTXOdX_Jg==/base.apk*1520878972]{PCL[/system/framework/org.apache.http.legacy.jar*4247870504]})
11-10 14:37:05.799 13683 13683 W pp.seguritacapp: ClassLoaderContext classpath size mismatch. expected=0, found=1 (PCL[] | PCL[/system/framework/android.test.runner.jar*895143020]{PCL[/system/framework/android.test.base.jar*2789897741]#PCL[/system/framework/android.test.mock.jar*3361312393]#PCL[/system/framework/android.test.runner.jar*895143020]{PCL[/system/framework/android.test.base.jar*2789897741]#PCL[/system/framework/android.test.mock.jar*3361312393]}};PCL[/system/framework/android.test.runner.jar*895143020:/system/framework/android.test.mock.jar*3361312393:/system/framework/android.test.base.jar*2789897741:/data/app/~~1VHEGdjTGq3uKkx4ipinPw==/com.tuapp.seguritacapp.test-aWfRZpj7tx8WvTh26gKAiw==/base.apk*3771997839:/data/app/~~O0wKufl6oJTKMfpq4vUYLw==/com.tuapp.seguritacapp-8rvujUmEqTRtpvTXOdX_Jg==/base.apk*1520878972]{PCL[/system/framework/org.apache.http.legacy.jar*4247870504]})
11-10 14:37:05.799 13683 13683 W pp.seguritacapp: ClassLoaderContext classpath size mismatch. expected=0, found=2 (PCL[] | PCL[/system/framework/android.test.runner.jar*895143020:/system/framework/android.test.mock.jar*3361312393]{PCL[/system/framework/android.test.base.jar*2789897741]#PCL[/system/framework/android.test.mock.jar*3361312393]#PCL[/system/framework/android.test.runner.jar*895143020]{PCL[/system/framework/android.test.base.jar*2789897741]#PCL[/system/framework/android.test.mock.jar*3361312393]}};PCL[/system/framework/android.test.runner.jar*895143020:/system/framework/android.test.mock.jar*3361312393:/system/framework/android.test.base.jar*2789897741:/data/app/~~1VHEGdjTGq3uKkx4ipinPw==/com.tuapp.seguritacapp.test-aWfRZpj7tx8WvTh26gKAiw==/base.apk*3771997839:/data/app/~~O0wKufl6oJTKMfpq4vUYLw==/com.tuapp.seguritacapp-8rvujUmEqTRtpvTXOdX_Jg==/base.apk*1520878972]{PCL[/system/framework/org.apache.http.legacy.jar*4247870504]})
11-10 14:37:06.149 13683 13683 I pp.seguritacapp: AssetManager2(0x70d3768b10d8) locale list changing from [] to [en-US]
11-10 14:37:06.171 13683 13683 I AndroidJUnitRunner: newApplication com.tuapp.seguritacapp.MainApplication
11-10 14:37:06.465 13683 13683 I FirebaseApp: Device unlocked: initializing all Firebase APIs for app [DEFAULT]
11-10 14:37:06.499 13683 13683 I FirebaseInitProvider: FirebaseApp initialization successful
11-10 14:37:06.586 13683 13683 D WM-WrkMgrInitializer: Initializing WorkManager with default configuration.
11-10 14:37:06.647 13683 13683 I AndroidJUnitRunner: onCreate Bundle[mParcelledData.dataSize=532]
11-10 14:37:06.648 13683 13683 D AndroidJUnitRunner: Use the raw file system for managing file I/O.
11-10 14:37:06.659 13683 13719 E ashmem  : Pinning is deprecated since Android Q. Please use trim or other methods.
11-10 14:37:06.707 13683 13683 V TestEventClient: No service name argument was given (testDiscoveryService, testRunEventService or orchestratorService)
11-10 14:37:06.707 13683 13720 D AndroidJUnitRunner: onStart is called.
11-10 14:37:06.715 13683 13683 W SoLoader: Initializing SoLoader: 0
11-10 14:37:06.720 13683 13683 W SoLoader: Recording new base apk path: /data/app/~~O0wKufl6oJTKMfpq4vUYLw==/com.tuapp.seguritacapp-8rvujUmEqTRtpvTXOdX_Jg==/base.apk
11-10 14:37:06.720 13683 13683 W SoLoader: Previously recorded 0 base apk paths.
11-10 14:37:06.723 13683 13683 I SoLoader: Preparing SO source: DirectorySoSource[root = /vendor/lib64 flags = 2]
11-10 14:37:06.724 13683 13683 I SoLoader: Preparing SO source: DirectorySoSource[root = /system/lib64 flags = 2]
11-10 14:37:06.724 13683 13683 I SoLoader: Preparing SO source: DirectApkSoSource[root = [/data/app/~~O0wKufl6oJTKMfpq4vUYLw==/com.tuapp.seguritacapp-8rvujUmEqTRtpvTXOdX_Jg==/base.apk!/lib/x86_64]]
11-10 14:37:06.776 13683 13683 I SoLoader: Preparing SO source: ApplicationSoSource[DirectorySoSource[root = /data/app/~~O0wKufl6oJTKMfpq4vUYLw==/com.tuapp.seguritacapp-8rvujUmEqTRtpvTXOdX_Jg==/lib/x86_64 flags = 0]]
11-10 14:37:06.777 13683 13683 I SoLoader: init finish: 4 SO sources prepared
11-10 14:37:06.777 13683 13683 W SoLoader: SoLoader initialized: 8
11-10 14:37:06.838 13683 13683 D nativeloader: Load /data/app/~~O0wKufl6oJTKMfpq4vUYLw==/com.tuapp.seguritacapp-8rvujUmEqTRtpvTXOdX_Jg==/base.apk!/lib/x86_64/libc++_shared.so using class loader ns clns-9 (caller=/data/app/~~O0wKufl6oJTKMfpq4vUYLw==/com.tuapp.seguritacapp-8rvujUmEqTRtpvTXOdX_Jg==/base.apk!classes5.dex): ok
11-10 14:37:06.862 13683 13683 D nativeloader: Load /data/app/~~O0wKufl6oJTKMfpq4vUYLw==/com.tuapp.seguritacapp-8rvujUmEqTRtpvTXOdX_Jg==/base.apk!/lib/x86_64/libjsi.so using class loader ns clns-9 (caller=/data/app/~~O0wKufl6oJTKMfpq4vUYLw==/com.tuapp.seguritacapp-8rvujUmEqTRtpvTXOdX_Jg==/base.apk!classes5.dex): ok
11-10 14:37:06.874 13683 13683 D nativeloader: Load /data/app/~~O0wKufl6oJTKMfpq4vUYLw==/com.tuapp.seguritacapp-8rvujUmEqTRtpvTXOdX_Jg==/base.apk!/lib/x86_64/libfbjni.so using class loader ns clns-9 (caller=/data/app/~~O0wKufl6oJTKMfpq4vUYLw==/com.tuapp.seguritacapp-8rvujUmEqTRtpvTXOdX_Jg==/base.apk!classes5.dex): ok
11-10 14:37:06.927 13683 13683 D nativeloader: Load /data/app/~~O0wKufl6oJTKMfpq4vUYLw==/com.tuapp.seguritacapp-8rvujUmEqTRtpvTXOdX_Jg==/base.apk!/lib/x86_64/libreactnative.so using class loader ns clns-9 (caller=/data/app/~~O0wKufl6oJTKMfpq4vUYLw==/com.tuapp.seguritacapp-8rvujUmEqTRtpvTXOdX_Jg==/base.apk!classes5.dex): ok
11-10 14:37:06.928 13683 13683 D jni_lib_merge: Entering merged library JNI_OnLoad.
11-10 14:37:06.928 13683 13683 D jni_lib_merge: Preparing 12 pre-merged libs (including stub)
11-10 14:37:06.928 13683 13683 D jni_lib_merge: Preparing to register libfabricjni_so.  onload_func: 0x70d2dfbc8a60
11-10 14:37:06.928 13683 13683 D jni_lib_merge: Preparing to register libmapbufferjni_so.  onload_func: 0x70d2dfca3bb0
11-10 14:37:06.928 13683 13683 D jni_lib_merge: Preparing to register libreact_devsupportjni_so.  onload_func: 0x70d2dfdf5fe0
11-10 14:37:06.928 13683 13683 D jni_lib_merge: Preparing to register libreact_featureflagsjni_so.  onload_func: 0x70d2dfe01b90
11-10 14:37:06.928 13683 13683 D jni_lib_merge: Preparing to register libreact_newarchdefaults_so.  onload_func: 0x70d2dfe72b00
11-10 14:37:06.928 13683 13683 D jni_lib_merge: Preparing to register libreactnativeblob_so.  onload_func: 0x70d2e007d460
11-10 14:37:06.928 13683 13683 D jni_lib_merge: Preparing to register libreactnativejni_so.  onload_func: 0x70d2e00d9750
11-10 14:37:06.928 13683 13683 D jni_lib_merge: Preparing to register librninstance_so.  onload_func: 0x70d2e0126eb0
11-10 14:37:06.928 13683 13683 D jni_lib_merge: Preparing to register libturbomodulejsijni_so.  onload_func: 0x70d2e01f5410
11-10 14:37:06.928 13683 13683 D jni_lib_merge: Preparing to register libuimanagerjni_so.  onload_func: 0x70d2e020fbd0
11-10 14:37:06.928 13683 13683 D jni_lib_merge: Preparing to register libyoga_so.  onload_func: 0x70d2e021d950
11-10 14:37:06.928 13683 13683 D jni_lib_merge: About to register 11 actual methods.
11-10 14:37:06.959 13683 13683 D nativeloader: Load /data/app/~~O0wKufl6oJTKMfpq4vUYLw==/com.tuapp.seguritacapp-8rvujUmEqTRtpvTXOdX_Jg==/base.apk!/lib/x86_64/libreact_codegen_rnscreens.so using class loader ns clns-9 (caller=/data/app/~~O0wKufl6oJTKMfpq4vUYLw==/com.tuapp.seguritacapp-8rvujUmEqTRtpvTXOdX_Jg==/base.apk!classes5.dex): ok
11-10 14:37:06.959 13683 13683 D jni_lib_merge: Entering merged library JNI_OnLoad.
11-10 14:37:06.959 13683 13683 D jni_lib_merge: Preparing 12 pre-merged libs (including stub)
11-10 14:37:06.959 13683 13683 D jni_lib_merge: Preparing to register libfabricjni_so.  onload_func: 0x70d2dfbc8a60
11-10 14:37:06.959 13683 13683 D jni_lib_merge: Preparing to register libmapbufferjni_so.  onload_func: 0x70d2dfca3bb0
11-10 14:37:06.959 13683 13683 D jni_lib_merge: Preparing to register libreact_devsupportjni_so.  onload_func: 0x70d2dfdf5fe0
11-10 14:37:06.959 13683 13683 D jni_lib_merge: Preparing to register libreact_featureflagsjni_so.  onload_func: 0x70d2dfe01b90
11-10 14:37:06.959 13683 13683 D jni_lib_merge: Preparing to register libreact_newarchdefaults_so.  onload_func: 0x70d2dfe72b00
11-10 14:37:06.959 13683 13683 D jni_lib_merge: Preparing to register libreactnativeblob_so.  onload_func: 0x70d2e007d460
11-10 14:37:06.959 13683 13683 D jni_lib_merge: Preparing to register libreactnativejni_so.  onload_func: 0x70d2e00d9750
11-10 14:37:06.959 13683 13683 D jni_lib_merge: Preparing to register librninstance_so.  onload_func: 0x70d2e0126eb0
11-10 14:37:06.959 13683 13683 D jni_lib_merge: Preparing to register libturbomodulejsijni_so.  onload_func: 0x70d2e01f5410
11-10 14:37:06.959 13683 13683 D jni_lib_merge: Preparing to register libuimanagerjni_so.  onload_func: 0x70d2e020fbd0
11-10 14:37:06.959 13683 13683 D jni_lib_merge: Preparing to register libyoga_so.  onload_func: 0x70d2e021d950
11-10 14:37:06.959 13683 13683 D jni_lib_merge: About to register 11 actual methods.
11-10 14:37:06.978 13683 13683 D nativeloader: Load /data/app/~~O0wKufl6oJTKMfpq4vUYLw==/com.tuapp.seguritacapp-8rvujUmEqTRtpvTXOdX_Jg==/base.apk!/lib/x86_64/libreact_codegen_rnsvg.so using class loader ns clns-9 (caller=/data/app/~~O0wKufl6oJTKMfpq4vUYLw==/com.tuapp.seguritacapp-8rvujUmEqTRtpvTXOdX_Jg==/base.apk!classes5.dex): ok
11-10 14:37:06.978 13683 13683 D jni_lib_merge: Entering merged library JNI_OnLoad.
11-10 14:37:06.978 13683 13683 D jni_lib_merge: Preparing 12 pre-merged libs (including stub)
11-10 14:37:06.978 13683 13683 D jni_lib_merge: Preparing to register libfabricjni_so.  onload_func: 0x70d2dfbc8a60
11-10 14:37:06.978 13683 13683 D jni_lib_merge: Preparing to register libmapbufferjni_so.  onload_func: 0x70d2dfca3bb0
11-10 14:37:06.979 13683 13683 D jni_lib_merge: Preparing to register libreact_devsupportjni_so.  onload_func: 0x70d2dfdf5fe0
11-10 14:37:06.979 13683 13683 D jni_lib_merge: Preparing to register libreact_featureflagsjni_so.  onload_func: 0x70d2dfe01b90
11-10 14:37:06.979 13683 13683 D jni_lib_merge: Preparing to register libreact_newarchdefaults_so.  onload_func: 0x70d2dfe72b00
11-10 14:37:06.979 13683 13683 D jni_lib_merge: Preparing to register libreactnativeblob_so.  onload_func: 0x70d2e007d460
11-10 14:37:06.979 13683 13683 D jni_lib_merge: Preparing to register libreactnativejni_so.  onload_func: 0x70d2e00d9750
11-10 14:37:06.979 13683 13683 D jni_lib_merge: Preparing to register librninstance_so.  onload_func: 0x70d2e0126eb0
11-10 14:37:06.979 13683 13683 D jni_lib_merge: Preparing to register libturbomodulejsijni_so.  onload_func: 0x70d2e01f5410
11-10 14:37:06.979 13683 13683 D jni_lib_merge: Preparing to register libuimanagerjni_so.  onload_func: 0x70d2e020fbd0
11-10 14:37:06.979 13683 13683 D jni_lib_merge: Preparing to register libyoga_so.  onload_func: 0x70d2e021d950
11-10 14:37:06.979 13683 13683 D jni_lib_merge: About to register 11 actual methods.
11-10 14:37:06.986 13683 13683 D nativeloader: Load /data/app/~~O0wKufl6oJTKMfpq4vUYLw==/com.tuapp.seguritacapp-8rvujUmEqTRtpvTXOdX_Jg==/base.apk!/lib/x86_64/libreact_codegen_safeareacontext.so using class loader ns clns-9 (caller=/data/app/~~O0wKufl6oJTKMfpq4vUYLw==/com.tuapp.seguritacapp-8rvujUmEqTRtpvTXOdX_Jg==/base.apk!classes5.dex): ok
11-10 14:37:06.995 13683 13683 D nativeloader: Load /data/app/~~O0wKufl6oJTKMfpq4vUYLw==/com.tuapp.seguritacapp-8rvujUmEqTRtpvTXOdX_Jg==/base.apk!/lib/x86_64/libreact_codegen_rnpicker.so using class loader ns clns-9 (caller=/data/app/~~O0wKufl6oJTKMfpq4vUYLw==/com.tuapp.seguritacapp-8rvujUmEqTRtpvTXOdX_Jg==/base.apk!classes5.dex): ok
11-10 14:37:06.995 13683 13683 D jni_lib_merge: Entering merged library JNI_OnLoad.
11-10 14:37:06.995 13683 13683 D jni_lib_merge: Preparing 12 pre-merged libs (including stub)
11-10 14:37:06.995 13683 13683 D jni_lib_merge: Preparing to register libfabricjni_so.  onload_func: 0x70d2dfbc8a60
11-10 14:37:06.995 13683 13683 D jni_lib_merge: Preparing to register libmapbufferjni_so.  onload_func: 0x70d2dfca3bb0
11-10 14:37:06.995 13683 13683 D jni_lib_merge: Preparing to register libreact_devsupportjni_so.  onload_func: 0x70d2dfdf5fe0
11-10 14:37:06.995 13683 13683 D jni_lib_merge: Preparing to register libreact_featureflagsjni_so.  onload_func: 0x70d2dfe01b90
11-10 14:37:06.995 13683 13683 D jni_lib_merge: Preparing to register libreact_newarchdefaults_so.  onload_func: 0x70d2dfe72b00
11-10 14:37:06.995 13683 13683 D jni_lib_merge: Preparing to register libreactnativeblob_so.  onload_func: 0x70d2e007d460
11-10 14:37:06.995 13683 13683 D jni_lib_merge: Preparing to register libreactnativejni_so.  onload_func: 0x70d2e00d9750
11-10 14:37:06.995 13683 13683 D jni_lib_merge: Preparing to register librninstance_so.  onload_func: 0x70d2e0126eb0
11-10 14:37:06.995 13683 13683 D jni_lib_merge: Preparing to register libturbomodulejsijni_so.  onload_func: 0x70d2e01f5410
11-10 14:37:06.995 13683 13683 D jni_lib_merge: Preparing to register libuimanagerjni_so.  onload_func: 0x70d2e020fbd0
11-10 14:37:06.995 13683 13683 D jni_lib_merge: Preparing to register libyoga_so.  onload_func: 0x70d2e021d950
11-10 14:37:06.995 13683 13683 D jni_lib_merge: About to register 11 actual methods.
11-10 14:37:07.017 13683 13683 D nativeloader: Load /data/app/~~O0wKufl6oJTKMfpq4vUYLw==/com.tuapp.seguritacapp-8rvujUmEqTRtpvTXOdX_Jg==/base.apk!/lib/x86_64/libappmodules.so using class loader ns clns-9 (caller=/data/app/~~O0wKufl6oJTKMfpq4vUYLw==/com.tuapp.seguritacapp-8rvujUmEqTRtpvTXOdX_Jg==/base.apk!classes5.dex): ok
11-10 14:37:07.281 13683 13683 I Choreographer: Skipped 41 frames!  The application may be doing too much work on its main thread.
11-10 14:37:07.315 13683 13720 I InstrConnection: Could not send broadcast or register receiver (isolatedProcess?)
11-10 14:37:07.329 13683 13720 D TestRequestBuilder: Using class path scanning to discover tests
11-10 14:37:07.329 13683 13720 I TestRequestBuilder: Scanning classpath to find tests in paths [/data/app/~~1VHEGdjTGq3uKkx4ipinPw==/com.tuapp.seguritacapp.test-aWfRZpj7tx8WvTh26gKAiw==/base.apk]
11-10 14:37:07.329 13683 13720 W pp.seguritacapp: Opening an oat file without a class loader. Are you using the deprecated DexFile APIs?
11-10 14:37:07.854 13683 13720 I TestRunner: run started: 1 tests
11-10 14:37:07.857 13683 13720 I TestRunner: started: runDetoxTests(com.tuapp.seguritacapp.DetoxTest)
11-10 14:37:07.870 13683 13720 I Detox   : Detox server connection details: url=ws://localhost:54435, sessionId=76ee174d-3337-9dfe-7e4f-d66bfba7d789
11-10 14:37:07.888 13683 13720 W FileTestStorage: Output properties is not supported.
11-10 14:37:07.890 13683 13720 I Tracing : Tracer added: class androidx.test.platform.tracing.AndroidXTracer
11-10 14:37:07.914 13683 13720 D EventInjectionStrategy: Creating injection strategy with input manager.
11-10 14:37:07.915 13683 13720 I pp.seguritacapp: hiddenapi: Accessing hidden method Landroid/hardware/input/InputManager;->getInstance()Landroid/hardware/input/InputManager; (runtime_flags=0, domain=platform, api=unsupported) from Landroidx/test/espresso/base/InputManagerEventInjectionStrategy; (domain=app) using reflection: allowed
11-10 14:37:07.918 13683 13720 I pp.seguritacapp: hiddenapi: Accessing hidden method Landroid/hardware/input/InputManager;->injectInputEvent(Landroid/view/InputEvent;I)Z (runtime_flags=0, domain=platform, api=unsupported) from Landroidx/test/espresso/base/InputManagerEventInjectionStrategy; (domain=app) using reflection: allowed
11-10 14:37:07.918 13683 13720 I pp.seguritacapp: hiddenapi: Accessing hidden field Landroid/hardware/input/InputManager;->INJECT_INPUT_EVENT_MODE_WAIT_FOR_FINISH:I (runtime_flags=0, domain=platform, api=unsupported) from Landroidx/test/espresso/base/InputManagerEventInjectionStrategy; (domain=app) using reflection: allowed
11-10 14:37:07.933 13683 13720 I pp.seguritacapp: hiddenapi: Accessing hidden field Ljava/lang/reflect/Field;->accessFlags:I (runtime_flags=0, domain=core-platform, api=unsupported) from Lorg/joor/Reflect; (domain=app) using reflection: allowed
11-10 14:37:07.938 13683 13720 I Detox   : Connecting to server...
11-10 14:37:07.938 13683 13720 I DetoxWSClient: At connectToServer
11-10 14:37:07.958 13683 13735 D DetoxWSClient: At onOpen
11-10 14:37:07.958 13683 13735 I DetoxWSClient: Sending out action 'login' (ID #0)
11-10 14:37:07.959 13683 13735 I Detox   : Connected to server!
11-10 14:37:07.962 13683 13735 D DetoxWSClient: Received action 'loginSuccess' (ID #0, params={"testerConnected":true,"appConnected":true})
11-10 14:37:07.962 13683 13730 I DetoxDispatcher: Handling action 'loginSuccess' (ID #0)...
11-10 14:37:07.963 13683 13730 I DetoxDispatcher: Done with action 'loginSuccess'
11-10 14:37:07.963 13683 13720 I Detox   : Launching the tested activity!
11-10 14:37:08.004 13683 13735 D DetoxWSClient: Received action 'isReady' (ID #-1000, params={})
11-10 14:37:08.005 13683 13730 I DetoxDispatcher: Handling action 'isReady' (ID #-1000)...
11-10 14:37:08.089 13683 13739 I DisplayManager: Choreographer implicitly registered for the refresh rate.
11-10 14:37:08.108 13683 13683 I pp.seguritacapp: AssetManager2(0x70d3768aaff8) locale list changing from [] to [en-US]
11-10 14:37:08.270 13683 13739 I EGL_emulation: Opening libGLESv1_CM_emulation.so
11-10 14:37:08.270 13683 13739 I EGL_emulation: Opening libGLESv2_emulation.so
11-10 14:37:08.273 13683 13683 D AppCompatDelegate: Checking for metadata for AppLocalesMetadataHolderService : Service not found
11-10 14:37:08.274 13683 13683 I pp.seguritacapp: AssetManager2(0x70d3768acc18) locale list changing from [] to [en-US]
11-10 14:37:08.292 13683 13739 W HWUI    : Failed to choose config with EGL_SWAP_BEHAVIOR_PRESERVED, retrying without...
11-10 14:37:08.292 13683 13739 W HWUI    : Failed to initialize 101010-2 format, error = EGL_SUCCESS
11-10 14:37:08.318 13683 13683 D LifecycleMonitor: Lifecycle status change: com.tuapp.seguritacapp.MainActivity@7626e9a in: PRE_ON_CREATE
11-10 14:37:08.394 13683 13683 D DesktopModeFlags: Toggle override initialized to: OVERRIDE_UNSET
11-10 14:37:08.431 13683 13683 I pp.seguritacapp: hiddenapi: Accessing hidden method Landroid/view/View;->computeFitSystemWindows(Landroid/graphics/Rect;Landroid/graphics/Rect;)Z (runtime_flags=0, domain=platform, api=unsupported) from Landroidx/appcompat/widget/ViewUtils; (domain=app) using reflection: allowed
11-10 14:37:08.432 13683 13683 I pp.seguritacapp: hiddenapi: Accessing hidden method Landroid/view/ViewGroup;->makeOptionalFitsSystemWindows()V (runtime_flags=0, domain=platform, api=unsupported) from Landroidx/appcompat/widget/ViewUtils; (domain=app) using reflection: allowed
11-10 14:37:08.443 13683 13683 W HWUI    : Image decoding logging dropped!
11-10 14:37:08.459 13683 13683 I ExpoDevMenu: Set new dev-menu delegate: class expo.modules.devmenu.DevMenuDefaultDelegate
11-10 14:37:08.467 13683 13683 I expo-notifications: ExpoNotificationLifeCycleListener.onCreate::
11-10 14:37:08.467 13683 13683 I expo-notifications: launchArgs
11-10 14:37:08.467 13683 13683 I expo-notifications:   detoxURLOverride: exp+seguridadciudadanaapp://expo-development-client/?url=http%3A%2F%2F10.0.2.2%3A8081
11-10 14:37:08.467 13683 13683 I expo-notifications:   detoxServer: ws://localhost:54435
11-10 14:37:08.467 13683 13683 I expo-notifications:   detoxSessionId: 76ee174d-3337-9dfe-7e4f-d66bfba7d789
11-10 14:37:08.467 13683 13683 I expo-notifications:   detoxEnableSynchronization: 0
11-10 14:37:08.471 13683 13683 D LifecycleMonitor: Lifecycle status change: com.tuapp.seguritacapp.MainActivity@7626e9a in: CREATED
11-10 14:37:08.472 13683 13683 D LifecycleMonitor: Lifecycle status change: com.tuapp.seguritacapp.MainActivity@7626e9a in: STARTED
11-10 14:37:08.482 13683 13683 D LifecycleMonitor: Lifecycle status change: com.tuapp.seguritacapp.MainActivity@7626e9a in: RESUMED
11-10 14:37:08.515 13683 13683 W HWUI    : Unknown dataspace 0
11-10 14:37:08.670 13683 13683 I ExpoDevMenu: Set new dev-menu delegate: class expo.modules.devmenu.DevMenuDefaultDelegate
11-10 14:37:08.690 13683 13683 D InsetsController: hide(ime(), fromIme=false)
11-10 14:37:08.690 13683 13683 I ImeTracker: com.tuapp.seguritacapp:c39b1a0c: onCancelled at PHASE_CLIENT_ALREADY_HIDDEN
11-10 14:37:08.693 13683 13683 D LifecycleMonitor: Lifecycle status change: com.tuapp.seguritacapp.MainActivity@7626e9a in: PAUSED
11-10 14:37:08.725 13683 13683 I pp.seguritacapp: AssetManager2(0x70d3768b4918) locale list changing from [] to [en-US]
11-10 14:37:08.738 13683 13683 D LifecycleMonitor: Lifecycle status change: com.tuapp.seguritacapp.MainActivity@a51057b in: PRE_ON_CREATE
11-10 14:37:08.821 13683 13683 W unknown:BridgelessReact: ReactHost{0}.startSurface(surfaceId = 0): Schedule
11-10 14:37:08.821 13683 13683 W unknown:BridgelessReact: ReactHost{0}.attachSurface(surfaceId = 0)
11-10 14:37:08.823 13683 13757 W unknown:BridgelessReact: ReactHost{0}.getOrCreateReactInstanceTask()
11-10 14:37:08.824 13683 13757 W unknown:BridgelessReact: ReactHost{0}.getOrCreateReactInstanceTask(): Start
11-10 14:37:08.824 13683 13757 D Detox.RNMarker: REACT_BRIDGELESS_LOADING_START (null)
11-10 14:37:08.824 13683 13757 W unknown:BridgelessReact: ReactHost{0}.getJSBundleLoader()
11-10 14:37:08.824 13683 13757 W unknown:BridgelessReact: ReactHost{0}.isMetroRunning()
11-10 14:37:08.834 13683 13683 D LifecycleMonitor: Lifecycle status change: com.tuapp.seguritacapp.MainActivity@a51057b in: CREATED
11-10 14:37:08.835 13683 13683 D LifecycleMonitor: Lifecycle status change: com.tuapp.seguritacapp.MainActivity@a51057b in: STARTED
11-10 14:37:08.838 13683 13683 W unknown:BridgelessReact: ReactHost{0}.onHostResume(activity)
11-10 14:37:08.838 13683 13683 D LifecycleMonitor: Lifecycle status change: com.tuapp.seguritacapp.MainActivity@a51057b in: RESUMED
11-10 14:37:08.844 13683 13683 D VRI[MainActivity]: visibilityChanged oldVisibility=true newVisibility=false
11-10 14:37:08.849 13683 13758 W unknown:BridgelessReact: ReactHost{0}.isMetroRunning(): Async result = true
11-10 14:37:08.850 13683 13757 W unknown:BridgelessReact: ReactHost{0}.loadJSBundleFromMetro()
11-10 14:37:08.851 13683 13757 D Detox.RNMarker: DOWNLOAD_START (null)
11-10 14:37:08.974 13683 13683 D LifecycleMonitor: Lifecycle status change: com.tuapp.seguritacapp.MainActivity@7626e9a in: STOPPED
11-10 14:37:08.975 13683 13683 D LifecycleMonitor: Lifecycle status change: com.tuapp.seguritacapp.MainActivity@7626e9a in: DESTROYED
11-10 14:37:08.976 13683 13683 W WindowOnBackDispatcher: sendCancelIfRunning: isInProgress=false callback=android.view.ViewRootImpl$$ExternalSyntheticLambda13@c421daa
11-10 14:37:08.989 13683 13683 D ViewRootImpl: Skipping stats log for color mode
11-10 14:37:09.112 13683 13683 W unknown:BridgelessReact: ReactHost{0}.raiseSoftException(onWindowFocusChange(hasFocus = "true")): Tried to access onWindowFocusChange while context is not ready
11-10 14:37:09.117 13683 13683 E unknown:ReactHost: Unhandled SoftException
11-10 14:37:09.117 13683 13683 E unknown:ReactHost: com.facebook.react.bridge.ReactNoCrashSoftException: raiseSoftException(onWindowFocusChange(hasFocus = "true")): Tried to access onWindowFocusChange while context is not ready
11-10 14:37:09.117 13683 13683 E unknown:ReactHost: 	at com.facebook.react.runtime.ReactHostImpl.raiseSoftException(ReactHostImpl.java:942)
11-10 14:37:09.117 13683 13683 E unknown:ReactHost: 	at com.facebook.react.runtime.ReactHostImpl.raiseSoftException(ReactHostImpl.java:935)
11-10 14:37:09.117 13683 13683 E unknown:ReactHost: 	at com.facebook.react.runtime.ReactHostImpl.onWindowFocusChange(ReactHostImpl.java:716)
11-10 14:37:09.117 13683 13683 E unknown:ReactHost: 	at com.facebook.react.ReactDelegate.onWindowFocusChanged(ReactDelegate.java:204)
11-10 14:37:09.117 13683 13683 E unknown:ReactHost: 	at com.facebook.react.ReactActivityDelegate.onWindowFocusChanged(ReactActivityDelegate.java:189)
11-10 14:37:09.117 13683 13683 E unknown:ReactHost: 	at expo.modules.ReactActivityDelegateWrapper.onWindowFocusChanged(ReactActivityDelegateWrapper.kt:298)
11-10 14:37:09.117 13683 13683 E unknown:ReactHost: 	at com.facebook.react.ReactActivity.onWindowFocusChanged(ReactActivity.java:138)
11-10 14:37:09.117 13683 13683 E unknown:ReactHost: 	at androidx.appcompat.view.WindowCallbackWrapper.onWindowFocusChanged(WindowCallbackWrapper.java:125)
11-10 14:37:09.117 13683 13683 E unknown:ReactHost: 	at com.android.internal.policy.DecorView.onWindowFocusChanged(DecorView.java:1818)
11-10 14:37:09.117 13683 13683 E unknown:ReactHost: 	at android.view.View.dispatchWindowFocusChanged(View.java:16952)
11-10 14:37:09.117 13683 13683 E unknown:ReactHost: 	at android.view.ViewGroup.dispatchWindowFocusChanged(ViewGroup.java:1530)
11-10 14:37:09.117 13683 13683 E unknown:ReactHost: 	at android.view.ViewRootImpl.dispatchFocusEvent(ViewRootImpl.java:4872)
11-10 14:37:09.117 13683 13683 E unknown:ReactHost: 	at android.view.ViewRootImpl.handleWindowFocusChanged(ViewRootImpl.java:4776)
11-10 14:37:09.117 13683 13683 E unknown:ReactHost: 	at android.view.ViewRootImpl.-$$Nest$mhandleWindowFocusChanged(Unknown Source:0)
11-10 14:37:09.117 13683 13683 E unknown:ReactHost: 	at android.view.ViewRootImpl$ViewRootHandler.handleMessageImpl(ViewRootImpl.java:7016)
11-10 14:37:09.117 13683 13683 E unknown:ReactHost: 	at android.view.ViewRootImpl$ViewRootHandler.handleMessage(ViewRootImpl.java:6926)
11-10 14:37:09.117 13683 13683 E unknown:ReactHost: 	at android.os.Handler.dispatchMessage(Handler.java:110)
11-10 14:37:09.117 13683 13683 E unknown:ReactHost: 	at android.os.Looper.loopOnce(Looper.java:248)
11-10 14:37:09.117 13683 13683 E unknown:ReactHost: 	at android.os.Looper.loop(Looper.java:338)
11-10 14:37:09.117 13683 13683 E unknown:ReactHost: 	at android.app.ActivityThread.main(ActivityThread.java:9067)
11-10 14:37:09.117 13683 13683 E unknown:ReactHost: 	at java.lang.reflect.Method.invoke(Native Method)
11-10 14:37:09.117 13683 13683 E unknown:ReactHost: 	at com.android.internal.os.RuntimeInit$MethodAndArgsCaller.run(RuntimeInit.java:593)
11-10 14:37:09.117 13683 13683 E unknown:ReactHost: 	at com.android.internal.os.ZygoteInit.main(ZygoteInit.java:932)
11-10 14:37:09.126 13683 13683 D InsetsController: hide(ime(), fromIme=false)
11-10 14:37:09.126 13683 13683 I ImeTracker: com.tuapp.seguritacapp:aec17cfe: onCancelled at PHASE_CLIENT_ALREADY_HIDDEN
11-10 14:37:09.284 13683 13687 I pp.seguritacapp: Compiler allocated 5042KB to compile void android.view.ViewRootImpl.performTraversals()
11-10 14:37:11.966 13683 13759 D Detox.RNMarker: DOWNLOAD_END ({"url":"http:\/\/10.0.2.2:8081\/index.ts.bundle?platform=android&dev=true&hot=false&transform.engine=hermes&transform.bytecode=1&transform.routerRoot=app&unstable_transformProfile=hermes-stable","filesChangedCount":0})
11-10 14:37:11.966 13683 13759 W unknown:BridgelessReact: ReactHost{0}.loadJSBundleFromMetro(): Creating BundleLoader
11-10 14:37:11.966 13683 13683 W WindowOnBackDispatcher: sendCancelIfRunning: isInProgress=false callback=android.view.ViewRootImpl$$ExternalSyntheticLambda13@5f5d34b
11-10 14:37:11.967 13683 13757 W unknown:BridgelessReact: ReactHost{0}.getOrCreateReactContext(): Creating BridgelessReactContext
11-10 14:37:11.972 13683 13757 W unknown:BridgelessReact: ReactHost{0}.getOrCreateReactInstanceTask(): Creating ReactInstance
11-10 14:37:12.010 13683 13757 D nativeloader: Load /data/app/~~O0wKufl6oJTKMfpq4vUYLw==/com.tuapp.seguritacapp-8rvujUmEqTRtpvTXOdX_Jg==/base.apk!/lib/x86_64/libhermes.so using class loader ns clns-9 (caller=/data/app/~~O0wKufl6oJTKMfpq4vUYLw==/com.tuapp.seguritacapp-8rvujUmEqTRtpvTXOdX_Jg==/base.apk!classes5.dex): ok
11-10 14:37:12.012 13683 13757 D nativeloader: Load /data/app/~~O0wKufl6oJTKMfpq4vUYLw==/com.tuapp.seguritacapp-8rvujUmEqTRtpvTXOdX_Jg==/base.apk!/lib/x86_64/libhermestooling.so using class loader ns clns-9 (caller=/data/app/~~O0wKufl6oJTKMfpq4vUYLw==/com.tuapp.seguritacapp-8rvujUmEqTRtpvTXOdX_Jg==/base.apk!classes5.dex): ok
11-10 14:37:12.013 13683 13757 D jni_lib_merge: Entering merged library JNI_OnLoad.
11-10 14:37:12.013 13683 13757 D jni_lib_merge: Preparing 4 pre-merged libs (including stub)
11-10 14:37:12.013 13683 13757 D jni_lib_merge: Preparing to register libhermes_executor_so.  onload_func: 0x70d2ccaf12a0
11-10 14:37:12.013 13683 13757 D jni_lib_merge: Preparing to register libhermesinstancejni_so.  onload_func: 0x70d2ccb23190
11-10 14:37:12.013 13683 13757 D jni_lib_merge: Preparing to register libjsijniprofiler_so.  onload_func: 0x70d2ccb25150
11-10 14:37:12.013 13683 13757 D jni_lib_merge: About to register 3 actual methods.
11-10 14:37:12.408 13683 13769 D ProfileInstaller: Installing profile for com.tuapp.seguritacapp
11-10 14:37:12.511 13683 13688 W pp.seguritacapp: Cleared Reference was only reachable from finalizer (only reported once)
11-10 14:37:12.778 13683 13757 I ExpoModulesCore: ✅ AppContext was initialized
11-10 14:37:12.857 13683 13757 W ReactNativeJNI: Component property map contains multiple entries for 'borderColor'. Ensure all calls to convertRawProp use a consistent prefix, name and suffix.
11-10 14:37:12.857 13683 13757 W ReactNativeJNI: Component property map contains multiple entries for 'borderStyle'. Ensure all calls to convertRawProp use a consistent prefix, name and suffix.
11-10 14:37:12.878 13683 13757 W ReactNativeJNI: Component property map contains multiple entries for 'borderColor'. Ensure all calls to convertRawProp use a consistent prefix, name and suffix.
11-10 14:37:12.878 13683 13757 W ReactNativeJNI: Component property map contains multiple entries for 'borderStyle'. Ensure all calls to convertRawProp use a consistent prefix, name and suffix.
11-10 14:37:12.878 13683 13757 W ReactNativeJNI: Component property map contains multiple entries for 'borderRadius'. Ensure all calls to convertRawProp use a consistent prefix, name and suffix.
11-10 14:37:12.878 13683 13757 W ReactNativeJNI: Component property map contains multiple entries for 'borderEndColor'. Ensure all calls to convertRawProp use a consistent prefix, name and suffix.
11-10 14:37:12.878 13683 13757 W ReactNativeJNI: Component property map contains multiple entries for 'borderTopColor'. Ensure all calls to convertRawProp use a consistent prefix, name and suffix.
11-10 14:37:12.878 13683 13757 W ReactNativeJNI: Component property map contains multiple entries for 'borderLeftColor'. Ensure all calls to convertRawProp use a consistent prefix, name and suffix.
11-10 14:37:12.878 13683 13757 W ReactNativeJNI: Component property map contains multiple entries for 'borderBlockColor'. Ensure all calls to convertRawProp use a consistent prefix, name and suffix.
11-10 14:37:12.878 13683 13757 W ReactNativeJNI: Component property map contains multiple entries for 'borderRightColor'. Ensure all calls to convertRawProp use a consistent prefix, name and suffix.
11-10 14:37:12.878 13683 13757 W ReactNativeJNI: Component property map contains multiple entries for 'borderStartColor'. Ensure all calls to convertRawProp use a consistent prefix, name and suffix.
11-10 14:37:12.878 13683 13757 W ReactNativeJNI: Component property map contains multiple entries for 'borderBottomColor'. Ensure all calls to convertRawProp use a consistent prefix, name and suffix.
11-10 14:37:12.878 13683 13757 W ReactNativeJNI: Component property map contains multiple entries for 'borderEndEndRadius'. Ensure all calls to convertRawProp use a consistent prefix, name and suffix.
11-10 14:37:12.878 13683 13757 W ReactNativeJNI: Component property map contains multiple entries for 'borderTopEndRadius'. Ensure all calls to convertRawProp use a consistent prefix, name and suffix.
11-10 14:37:12.878 13683 13757 W ReactNativeJNI: Component property map contains multiple entries for 'borderBlockEndColor'. Ensure all calls to convertRawProp use a consistent prefix, name and suffix.
11-10 14:37:12.878 13683 13757 W ReactNativeJNI: Component property map contains multiple entries for 'borderTopLeftRadius'. Ensure all calls to convertRawProp use a consistent prefix, name and suffix.
11-10 14:37:12.878 13683 13757 W ReactNativeJNI: Component property map contains multiple entries for 'borderEndStartRadius'. Ensure all calls to convertRawProp use a consistent prefix, name and suffix.
11-10 14:37:12.878 13683 13757 W ReactNativeJNI: Component property map contains multiple entries for 'borderStartEndRadius'. Ensure all calls to convertRawProp use a consistent prefix, name and suffix.
11-10 14:37:12.878 13683 13757 W ReactNativeJNI: Component property map contains multiple entries for 'borderTopRightRadius'. Ensure all calls to convertRawProp use a consistent prefix, name and suffix.
11-10 14:37:12.878 13683 13757 W ReactNativeJNI: Component property map contains multiple entries for 'borderTopStartRadius'. Ensure all calls to convertRawProp use a consistent prefix, name and suffix.
11-10 14:37:12.878 13683 13757 W ReactNativeJNI: Component property map contains multiple entries for 'borderBlockStartColor'. Ensure all calls to convertRawProp use a consistent prefix, name and suffix.
11-10 14:37:12.878 13683 13757 W ReactNativeJNI: Component property map contains multiple entries for 'borderBottomEndRadius'. Ensure all calls to convertRawProp use a consistent prefix, name and suffix.
11-10 14:37:12.878 13683 13757 W ReactNativeJNI: Component property map contains multiple entries for 'borderBottomLeftRadius'. Ensure all calls to convertRawProp use a consistent prefix, name and suffix.
11-10 14:37:12.878 13683 13757 W ReactNativeJNI: Component property map contains multiple entries for 'borderStartStartRadius'. Ensure all calls to convertRawProp use a consistent prefix, name and suffix.
11-10 14:37:12.878 13683 13757 W ReactNativeJNI: Component property map contains multiple entries for 'borderBottomRightRadius'. Ensure all calls to convertRawProp use a consistent prefix, name and suffix.
11-10 14:37:12.878 13683 13757 W ReactNativeJNI: Component property map contains multiple entries for 'borderBottomStartRadius'. Ensure all calls to convertRawProp use a consistent prefix, name and suffix.
11-10 14:37:12.975 13683 13757 W unknown:BridgelessReact: ReactHost{0}.getOrCreateReactInstanceTask(): Loading JS Bundle
11-10 14:37:12.976 13683 13757 W unknown:BridgelessReact: ReactHost{0}.getOrCreateReactInstanceTask(): Calling DevSupportManagerBase.onNewReactContextCreated(reactContext)
11-10 14:37:12.976 13683 13764 D Detox.RNMarker: RUN_JS_BUNDLE_START (/index.ts.bundle?platform=android&dev=true&hot=false&transform.engine=hermes&transform.bytecode=1&transform.routerRoot=app&unstable_transformProfile=hermes-stable)
11-10 14:37:12.981 13683 13683 W unknown:BridgelessReact: ReactContext.onHostResume()
11-10 14:37:12.985 13683 13683 W unknown:BridgelessReact: ReactHost{0}.getOrCreateReactInstanceTask(): Executing ReactInstanceEventListeners
11-10 14:37:12.985 13683 13683 I ExpoDevMenu: Delegate's context was loaded.
11-10 14:37:12.989 13683 13683 W SoLoader: SoLoader already initialized
11-10 14:37:13.000 13683 13683 W DevLauncher: java.lang.NoSuchFieldException: No field mOverrideColorScheme in class Lcom/facebook/react/modules/appearance/AppearanceModule; (declaration of 'com.facebook.react.modules.appearance.AppearanceModule' appears in /data/app/~~O0wKufl6oJTKMfpq4vUYLw==/com.tuapp.seguritacapp-8rvujUmEqTRtpvTXOdX_Jg==/base.apk!classes5.dex)
11-10 14:37:13.000 13683 13683 W DevLauncher: 	at java.lang.Class.getDeclaredField(Native Method)
11-10 14:37:13.000 13683 13683 W DevLauncher: 	at expo.modules.devlauncher.helpers.DevLauncherReflectionExtensionsKt.setProtectedDeclaredField(DevLauncherReflectionExtensions.kt:21)
11-10 14:37:13.000 13683 13683 W DevLauncher: 	at expo.modules.devlauncher.launcher.loaders.DevLauncherExpoAppLoader.applyUserInterfaceStyle(DevLauncherExpoAppLoader.kt:51)
11-10 14:37:13.000 13683 13683 W DevLauncher: 	at expo.modules.devlauncher.launcher.loaders.DevLauncherExpoAppLoader.onReactContext(DevLauncherExpoAppLoader.kt:39)
11-10 14:37:13.000 13683 13683 W DevLauncher: 	at expo.modules.devlauncher.launcher.loaders.DevLauncherAppLoader$createOnDelegateWillBeCreatedListener$1$2.onReactContextInitialized(DevLauncherAppLoader.kt:57)
11-10 14:37:13.000 13683 13683 W DevLauncher: 	at com.facebook.react.runtime.ReactHostImpl.lambda$getOrCreateReactInstanceTask$23(ReactHostImpl.java:1199)
11-10 14:37:13.000 13683 13683 W DevLauncher: 	at com.facebook.react.runtime.ReactHostImpl.$r8$lambda$_DltxGexC_ZtRzEC625dZXiL8zo(Unknown Source:0)
11-10 14:37:13.000 13683 13683 W DevLauncher: 	at com.facebook.react.runtime.ReactHostImpl$$ExternalSyntheticLambda44.then(D8$$SyntheticClass:0)
11-10 14:37:13.000 13683 13683 W DevLauncher: 	at com.facebook.react.runtime.internal.bolts.Task$7.run(Task.java:423)
11-10 14:37:13.000 13683 13683 W DevLauncher: 	at com.facebook.react.runtime.internal.bolts.Executors$ImmediateExecutor.execute(Executors.kt:41)
11-10 14:37:13.000 13683 13683 W DevLauncher: 	at com.facebook.react.runtime.internal.bolts.Task.completeImmediately(Task.java:418)
11-10 14:37:13.000 13683 13683 W DevLauncher: 	at com.facebook.react.runtime.internal.bolts.Task.continueWith(Task.java:288)
11-10 14:37:13.000 13683 13683 W DevLauncher: 	at com.facebook.react.runtime.internal.bolts.Task.continueWith(Task.java:299)
11-10 14:37:13.000 13683 13683 W DevLauncher: 	at com.facebook.react.runtime.internal.bolts.Task$5.then(Task.java:354)
11-10 14:37:13.000 13683 13683 W DevLauncher: 	at com.facebook.react.runtime.internal.bolts.Task$5.then(Task.java:346)
11-10 14:37:13.000 13683 13683 W DevLauncher: 	at com.facebook.react.runtime.internal.bolts.Task$8.run(Task.java:460)
11-10 14:37:13.000 13683 13683 W DevLauncher: 	at android.os.Handler.handleCallback(Handler.java:995)
11-10 14:37:13.000 13683 13683 W DevLauncher: 	at android.os.Handler.dispatchMessage(Handler.java:103)
11-10 14:37:13.000 13683 13683 W DevLauncher: 	at android.os.Looper.loopOnce(Looper.java:248)
11-10 14:37:13.000 13683 13683 W DevLauncher: 	at android.os.Looper.loop(Looper.java:338)
11-10 14:37:13.000 13683 13683 W DevLauncher: 	at android.app.ActivityThread.main(ActivityThread.java:9067)
11-10 14:37:13.000 13683 13683 W DevLauncher: 	at java.lang.reflect.Method.invoke(Native Method)
11-10 14:37:13.000 13683 13683 W DevLauncher: 	at com.android.internal.os.RuntimeInit$MethodAndArgsCaller.run(RuntimeInit.java:593)
11-10 14:37:13.000 13683 13683 W DevLauncher: 	at com.android.internal.os.ZygoteInit.main(ZygoteInit.java:932)
11-10 14:37:13.000 13683 13683 I DetoxRNLoading: Got new RN-context through listener
11-10 14:37:13.001 13683 13757 W unknown:BridgelessReact: ReactHost{0}.startSurface(surfaceId = 0): Execute
11-10 14:37:13.003 13683 13772 W unknown:BridgelessReact: ReactHost{1}.getOrCreateStartTask(): Schedule
11-10 14:37:13.003 13683 13772 W unknown:BridgelessReact: ReactHost{1}.getOrCreateReactInstanceTask()
11-10 14:37:13.003 13683 13772 W unknown:BridgelessReact: ReactHost{1}.getOrCreateReactInstanceTask(): Start
11-10 14:37:13.003 13683 13772 D Detox.RNMarker: REACT_BRIDGELESS_LOADING_START (null)
11-10 14:37:13.003 13683 13772 W unknown:BridgelessReact: ReactHost{1}.getJSBundleLoader()
11-10 14:37:13.003 13683 13772 W unknown:BridgelessReact: ReactHost{1}.getOrCreateReactContext(): Creating BridgelessReactContext
11-10 14:37:13.003 13683 13772 W unknown:BridgelessReact: ReactHost{1}.getOrCreateReactInstanceTask(): Creating ReactInstance
11-10 14:37:13.014 13683 13683 I pp.seguritacapp: hiddenapi: Accessing hidden method Landroid/os/MessageQueue;->next()Landroid/os/Message; (runtime_flags=0, domain=platform, api=unsupported) from Landroidx/test/espresso/base/Interrogator; (domain=app) using reflection: allowed
11-10 14:37:13.014 13683 13683 I pp.seguritacapp: hiddenapi: Accessing hidden field Landroid/os/MessageQueue;->mMessages:Landroid/os/Message; (runtime_flags=0, domain=platform, api=unsupported) from Landroidx/test/espresso/base/Interrogator; (domain=app) using reflection: allowed
11-10 14:37:13.015 13683 13683 I pp.seguritacapp: hiddenapi: Accessing hidden method Landroid/os/Message;->recycleUnchecked()V (runtime_flags=0, domain=platform, api=unsupported) from Landroidx/test/espresso/base/Interrogator; (domain=app) using reflection: allowed
11-10 14:37:13.016 13683 13683 W unknown:BridgelessReact: ReactHost{0}.onUserLeaveHint(activity)
11-10 14:37:13.017 13683 13683 W unknown:BridgelessReact: ReactHost{0}.onHostPause(activity)
11-10 14:37:13.017 13683 13683 W unknown:BridgelessReact: ReactContext.onHostPause()
11-10 14:37:13.017 13683 13683 D LifecycleMonitor: Lifecycle status change: com.tuapp.seguritacapp.MainActivity@a51057b in: PAUSED
11-10 14:37:13.031 13683 13683 I pp.seguritacapp: AssetManager2(0x70d3768b29d8) locale list changing from [] to [en-US]
11-10 14:37:13.032 13683 13683 D LifecycleMonitor: Lifecycle status change: expo.modules.devmenu.DevMenuActivity@f8d2ae6 in: PRE_ON_CREATE
11-10 14:37:13.040 13683 13683 W unknown:BridgelessReact: ReactHost{1}.startSurface(surfaceId = 0): Schedule
11-10 14:37:13.040 13683 13683 W unknown:BridgelessReact: ReactHost{1}.attachSurface(surfaceId = 0)
11-10 14:37:13.042 13683 13772 I ExpoModulesCore: ✅ AppContext was initialized
11-10 14:37:13.059 13683 13683 D LifecycleMonitor: Lifecycle status change: expo.modules.devmenu.DevMenuActivity@f8d2ae6 in: CREATED
11-10 14:37:13.060 13683 13683 W unknown:ReactNative: Packager connection already open, nooping.
11-10 14:37:13.060 13683 13683 D LifecycleMonitor: Lifecycle status change: expo.modules.devmenu.DevMenuActivity@f8d2ae6 in: STARTED
11-10 14:37:13.061 13683 13683 W unknown:BridgelessReact: ReactHost{1}.onHostResume(activity)
11-10 14:37:13.061 13683 13683 W unknown:BridgelessReact: ReactContext.onHostResume()
11-10 14:37:13.062 13683 13683 D LifecycleMonitor: Lifecycle status change: expo.modules.devmenu.DevMenuActivity@f8d2ae6 in: RESUMED
11-10 14:37:13.064 13683 13772 W ReactNativeJNI: Component property map contains multiple entries for 'borderColor'. Ensure all calls to convertRawProp use a consistent prefix, name and suffix.
11-10 14:37:13.064 13683 13772 W ReactNativeJNI: Component property map contains multiple entries for 'borderStyle'. Ensure all calls to convertRawProp use a consistent prefix, name and suffix.
11-10 14:37:13.086 13683 13772 W ReactNativeJNI: Component property map contains multiple entries for 'borderColor'. Ensure all calls to convertRawProp use a consistent prefix, name and suffix.
11-10 14:37:13.086 13683 13772 W ReactNativeJNI: Component property map contains multiple entries for 'borderStyle'. Ensure all calls to convertRawProp use a consistent prefix, name and suffix.
11-10 14:37:13.086 13683 13772 W ReactNativeJNI: Component property map contains multiple entries for 'borderRadius'. Ensure all calls to convertRawProp use a consistent prefix, name and suffix.
11-10 14:37:13.086 13683 13772 W ReactNativeJNI: Component property map contains multiple entries for 'borderEndColor'. Ensure all calls to convertRawProp use a consistent prefix, name and suffix.
11-10 14:37:13.086 13683 13772 W ReactNativeJNI: Component property map contains multiple entries for 'borderTopColor'. Ensure all calls to convertRawProp use a consistent prefix, name and suffix.
11-10 14:37:13.086 13683 13772 W ReactNativeJNI: Component property map contains multiple entries for 'borderLeftColor'. Ensure all calls to convertRawProp use a consistent prefix, name and suffix.
11-10 14:37:13.086 13683 13772 W ReactNativeJNI: Component property map contains multiple entries for 'borderBlockColor'. Ensure all calls to convertRawProp use a consistent prefix, name and suffix.
11-10 14:37:13.086 13683 13772 W ReactNativeJNI: Component property map contains multiple entries for 'borderRightColor'. Ensure all calls to convertRawProp use a consistent prefix, name and suffix.
11-10 14:37:13.086 13683 13772 W ReactNativeJNI: Component property map contains multiple entries for 'borderStartColor'. Ensure all calls to convertRawProp use a consistent prefix, name and suffix.
11-10 14:37:13.086 13683 13772 W ReactNativeJNI: Component property map contains multiple entries for 'borderBottomColor'. Ensure all calls to convertRawProp use a consistent prefix, name and suffix.
11-10 14:37:13.086 13683 13772 W ReactNativeJNI: Component property map contains multiple entries for 'borderEndEndRadius'. Ensure all calls to convertRawProp use a consistent prefix, name and suffix.
11-10 14:37:13.086 13683 13772 W ReactNativeJNI: Component property map contains multiple entries for 'borderTopEndRadius'. Ensure all calls to convertRawProp use a consistent prefix, name and suffix.
11-10 14:37:13.086 13683 13772 W ReactNativeJNI: Component property map contains multiple entries for 'borderBlockEndColor'. Ensure all calls to convertRawProp use a consistent prefix, name and suffix.
11-10 14:37:13.087 13683 13772 W ReactNativeJNI: Component property map contains multiple entries for 'borderTopLeftRadius'. Ensure all calls to convertRawProp use a consistent prefix, name and suffix.
11-10 14:37:13.087 13683 13772 W ReactNativeJNI: Component property map contains multiple entries for 'borderEndStartRadius'. Ensure all calls to convertRawProp use a consistent prefix, name and suffix.
11-10 14:37:13.087 13683 13772 W ReactNativeJNI: Component property map contains multiple entries for 'borderStartEndRadius'. Ensure all calls to convertRawProp use a consistent prefix, name and suffix.
11-10 14:37:13.087 13683 13772 W ReactNativeJNI: Component property map contains multiple entries for 'borderTopRightRadius'. Ensure all calls to convertRawProp use a consistent prefix, name and suffix.
11-10 14:37:13.087 13683 13772 W ReactNativeJNI: Component property map contains multiple entries for 'borderTopStartRadius'. Ensure all calls to convertRawProp use a consistent prefix, name and suffix.
11-10 14:37:13.087 13683 13772 W ReactNativeJNI: Component property map contains multiple entries for 'borderBlockStartColor'. Ensure all calls to convertRawProp use a consistent prefix, name and suffix.
11-10 14:37:13.087 13683 13772 W ReactNativeJNI: Component property map contains multiple entries for 'borderBottomEndRadius'. Ensure all calls to convertRawProp use a consistent prefix, name and suffix.
11-10 14:37:13.087 13683 13772 W ReactNativeJNI: Component property map contains multiple entries for 'borderBottomLeftRadius'. Ensure all calls to convertRawProp use a consistent prefix, name and suffix.
11-10 14:37:13.087 13683 13772 W ReactNativeJNI: Component property map contains multiple entries for 'borderStartStartRadius'. Ensure all calls to convertRawProp use a consistent prefix, name and suffix.
11-10 14:37:13.087 13683 13772 W ReactNativeJNI: Component property map contains multiple entries for 'borderBottomRightRadius'. Ensure all calls to convertRawProp use a consistent prefix, name and suffix.
11-10 14:37:13.087 13683 13772 W ReactNativeJNI: Component property map contains multiple entries for 'borderBottomStartRadius'. Ensure all calls to convertRawProp use a consistent prefix, name and suffix.
11-10 14:37:13.091 13683 13772 W unknown:BridgelessReact: ReactHost{1}.getOrCreateReactInstanceTask(): Loading JS Bundle
11-10 14:37:13.104 13683 13772 W unknown:BridgelessReact: ReactHost{1}.getOrCreateReactInstanceTask(): Calling DevSupportManagerBase.onNewReactContextCreated(reactContext)
11-10 14:37:13.104 13683 13772 W unknown:BridgelessReact: ReactHost{1}.getOrCreateReactInstanceTask()
11-10 14:37:13.104 13683 13773 D Detox.RNMarker: RUN_JS_BUNDLE_START (EXDevMenuApp.android.js)
11-10 14:37:13.115 13683 13683 W unknown:BridgelessReact: ReactContext.onHostResume()
11-10 14:37:13.116 13683 13683 W unknown:BridgelessReact: ReactHost{1}.getOrCreateReactInstanceTask(): Executing ReactInstanceEventListeners
11-10 14:37:13.117 13683 13772 W unknown:BridgelessReact: ReactHost{1}.startSurface(surfaceId = 0): Execute
11-10 14:37:13.130 13683 13683 I Detox   : Wait is over: App is now idle!
11-10 14:37:13.131 13683 13730 I DetoxWSClient: Sending out action 'ready' (ID #-1000)
11-10 14:37:13.136 13683 13730 I DetoxDispatcher: Done with action 'isReady'
11-10 14:37:13.139 13683 13683 D InsetsController: hide(ime(), fromIme=false)
11-10 14:37:13.141 13683 13683 I ImeTracker: com.tuapp.seguritacapp:b526ea0c: onCancelled at PHASE_CLIENT_ALREADY_HIDDEN
11-10 14:37:13.301 13683 13773 D nativeloader: Load /data/app/~~O0wKufl6oJTKMfpq4vUYLw==/com.tuapp.seguritacapp-8rvujUmEqTRtpvTXOdX_Jg==/base.apk!/lib/x86_64/libexpo-modules-core.so using class loader ns clns-9 (caller=/data/app/~~O0wKufl6oJTKMfpq4vUYLw==/com.tuapp.seguritacapp-8rvujUmEqTRtpvTXOdX_Jg==/base.apk!classes5.dex): ok
11-10 14:37:13.320 13683 13773 W unknown:ViewManagerPropertyUpdater: Could not find generated setter for class expo.modules.kotlin.views.GroupViewManagerWrapper
11-10 14:37:13.326 13683 13773 W unknown:ViewManagerPropertyUpdater: Could not find generated setter for class com.facebook.react.uimanager.LayoutShadowNode
11-10 14:37:13.340 13683 13773 W unknown:ViewManagerPropertyUpdater: Could not find generated setter for class com.facebook.react.views.safeareaview.ReactSafeAreaViewManager
11-10 14:37:13.341 13683 13773 W unknown:ViewManagerPropertyUpdater: Could not find generated setter for class com.facebook.react.views.safeareaview.ReactSafeAreaViewShadowNode
11-10 14:37:13.346 13683 13773 W unknown:ViewManagerPropertyUpdater: Could not find generated setter for class com.facebook.react.views.modal.ReactModalHostManager
11-10 14:37:13.351 13683 13773 W unknown:ViewManagerPropertyUpdater: Could not find generated setter for class com.facebook.react.views.text.frescosupport.FrescoBasedReactTextInlineImageViewManager
11-10 14:37:13.351 13683 13773 W unknown:ViewManagerPropertyUpdater: Could not find generated setter for class com.facebook.react.views.text.frescosupport.FrescoBasedReactTextInlineImageShadowNode
11-10 14:37:13.357 13683 13773 W unknown:ViewManagerPropertyUpdater: Could not find generated setter for class com.facebook.react.views.progressbar.ReactProgressBarViewManager
11-10 14:37:13.358 13683 13773 W unknown:ViewManagerPropertyUpdater: Could not find generated setter for class com.facebook.react.views.progressbar.ProgressBarShadowNode
11-10 14:37:13.363 13683 13773 W unknown:ViewManagerPropertyUpdater: Could not find generated setter for class com.facebook.react.views.scroll.ReactHorizontalScrollViewManager
11-10 14:37:13.372 13683 13773 W unknown:ViewManagerPropertyUpdater: Could not find generated setter for class com.facebook.react.views.image.ReactImageManager
11-10 14:37:13.379 13683 13773 W unknown:ViewManagerPropertyUpdater: Could not find generated setter for class com.facebook.react.views.text.ReactTextViewManager
11-10 14:37:13.380 13683 13773 W unknown:ViewManagerPropertyUpdater: Could not find generated setter for class com.facebook.react.views.text.ReactTextShadowNode
11-10 14:37:13.386 13683 13773 W unknown:ViewManagerPropertyUpdater: Could not find generated setter for class com.facebook.react.views.scroll.ReactHorizontalScrollContainerViewManager
11-10 14:37:13.389 13683 13773 W unknown:ViewManagerPropertyUpdater: Could not find generated setter for class com.facebook.react.views.unimplementedview.ReactUnimplementedViewManager
11-10 14:37:13.395 13683 13773 W unknown:ViewManagerPropertyUpdater: Could not find generated setter for class com.facebook.react.views.scroll.ReactScrollViewManager
11-10 14:37:13.401 13683 13773 W unknown:ViewManagerPropertyUpdater: Could not find generated setter for class com.facebook.react.views.view.ReactViewManager
11-10 14:37:13.407 13683 13764 D CompatChangeReporter: Compat change id reported: 289878283; UID 10227; state: ENABLED
11-10 14:37:13.408 13683 13773 W unknown:ViewManagerPropertyUpdater: Could not find generated setter for class com.facebook.react.views.drawer.ReactDrawerLayoutManager
11-10 14:37:13.416 13683 13773 W unknown:ViewManagerPropertyUpdater: Could not find generated setter for class com.facebook.react.views.switchview.ReactSwitchManager
11-10 14:37:13.416 13683 13773 W unknown:ViewManagerPropertyUpdater: Could not find generated setter for class com.facebook.react.views.switchview.ReactSwitchManager$ReactSwitchShadowNode
11-10 14:37:13.420 13683 13773 W unknown:ViewManagerPropertyUpdater: Could not find generated setter for class com.facebook.react.views.text.ReactVirtualTextViewManager
11-10 14:37:13.420 13683 13773 W unknown:ViewManagerPropertyUpdater: Could not find generated setter for class com.facebook.react.views.text.ReactVirtualTextShadowNode
11-10 14:37:13.425 13683 13765 I pp.seguritacapp: AssetManager2(0x70d3768c1438) locale list changing from [] to [en-US]
11-10 14:37:13.425 13683 13765 I WebViewFactory: Loading com.google.android.webview version 133.0.6943.137 (code 694313738)
11-10 14:37:13.426 13683 13765 I pp.seguritacapp: AssetManager2(0x70d3768bfb38) locale list changing from [] to [en-US]
11-10 14:37:13.426 13683 13765 I pp.seguritacapp: AssetManager2(0x70d3768ce8b8) locale list changing from [] to [en-US]
11-10 14:37:13.426 13683 13765 I pp.seguritacapp: AssetManager2(0x70d3768c9a98) locale list changing from [] to [en-US]
11-10 14:37:13.427 13683 13765 I pp.seguritacapp: AssetManager2(0x70d3768cd5f8) locale list changing from [] to [en-US]
11-10 14:37:13.427 13683 13765 I pp.seguritacapp: AssetManager2(0x70d3768ccc98) locale list changing from [] to [en-US]
11-10 14:37:13.427 13683 13765 V ResourcesManager: The following library key has been added: ResourcesKey{ mHash=3e131997 mResDir=null mSplitDirs=[] mOverlayDirs=[] mLibDirs=[/data/app/~~nxIzNTNk-9juzieP2H14bw==/com.google.android.webview-8Ofj1MShe1sfVlVeR-7jYw==/WebViewGoogle.apk,/data/app/~~NUV24JfAbMsvCZ3y-B3LCQ==/com.google.android.trichromelibrary_694313738-b-_y91Ev7XotJG5HsxpYGA==/TrichromeLibrary.apk,/system_ext/framework/androidx.window.extensions.jar] mDisplayId=0 mOverrideConfig=v36 mCompatInfo={440dpi always-compat} mLoaders=[]}
11-10 14:37:13.428 13683 13773 W unknown:ViewManagerPropertyUpdater: Could not find generated setter for class com.facebook.react.views.swiperefresh.SwipeRefreshLayoutManager
11-10 14:37:13.431 13683 13765 W pp.seguritacapp: Failed to find entry 'classes.dex': Entry not found
11-10 14:37:13.433 13683 13773 W unknown:ViewManagerPropertyUpdater: Could not find generated setter for class com.facebook.react.views.text.ReactRawTextManager
11-10 14:37:13.433 13683 13773 W unknown:ViewManagerPropertyUpdater: Could not find generated setter for class com.facebook.react.views.text.ReactRawTextShadowNode
11-10 14:37:13.438 13683 13765 D nativeloader: Configuring clns-12 for other apk /data/app/~~NUV24JfAbMsvCZ3y-B3LCQ==/com.google.android.trichromelibrary_694313738-b-_y91Ev7XotJG5HsxpYGA==/TrichromeLibrary.apk. target_sdk_version=34, uses_libraries=ALL, library_path=/data/app/~~nxIzNTNk-9juzieP2H14bw==/com.google.android.webview-8Ofj1MShe1sfVlVeR-7jYw==/lib/x86_64:/data/app/~~nxIzNTNk-9juzieP2H14bw==/com.google.android.webview-8Ofj1MShe1sfVlVeR-7jYw==/WebViewGoogle.apk!/lib/x86_64:/data/app/~~NUV24JfAbMsvCZ3y-B3LCQ==/com.google.android.trichromelibrary_694313738-b-_y91Ev7XotJG5HsxpYGA==/TrichromeLibrary.apk!/lib/x86_64, permitted_path=/data:/mnt/expand
11-10 14:37:13.442 13683 13773 W unknown:ViewManagerPropertyUpdater: Could not find generated setter for class com.facebook.react.views.textinput.ReactTextInputManager
11-10 14:37:13.443 13683 13765 D ApplicationLoaders: Returning zygote-cached class loader: /system_ext/framework/androidx.window.extensions.jar
11-10 14:37:13.445 13683 13773 W unknown:ViewManagerPropertyUpdater: Could not find generated setter for class com.facebook.react.views.textinput.ReactTextInputShadowNode
11-10 14:37:13.455 13683 13765 D nativeloader: Configuring clns-13 for other apk /data/app/~~nxIzNTNk-9juzieP2H14bw==/com.google.android.webview-8Ofj1MShe1sfVlVeR-7jYw==/WebViewGoogle.apk. target_sdk_version=34, uses_libraries=, library_path=/data/app/~~nxIzNTNk-9juzieP2H14bw==/com.google.android.webview-8Ofj1MShe1sfVlVeR-7jYw==/lib/x86_64:/data/app/~~nxIzNTNk-9juzieP2H14bw==/com.google.android.webview-8Ofj1MShe1sfVlVeR-7jYw==/WebViewGoogle.apk!/lib/x86_64:/data/app/~~NUV24JfAbMsvCZ3y-B3LCQ==/com.google.android.trichromelibrary_694313738-b-_y91Ev7XotJG5HsxpYGA==/TrichromeLibrary.apk!/lib/x86_64, permitted_path=/data:/mnt/expand
11-10 14:37:13.612 13683 13765 I cr_WVCFactoryProvider: version=133.0.6943.137 (694313738) minSdkVersion=29 isBundle=false multiprocess=true packageId=2
11-10 14:37:13.663 13683 13688 I pp.seguritacapp: Background concurrent mark compact GC freed 4858KB AllocSpace bytes, 8(400KB) LOS objects, 49% free, 9578KB/18MB, paused 2.644ms,7.643ms total 88.173ms
11-10 14:37:13.689 13683 13765 D nativeloader: Load /data/app/~~NUV24JfAbMsvCZ3y-B3LCQ==/com.google.android.trichromelibrary_694313738-b-_y91Ev7XotJG5HsxpYGA==/TrichromeLibrary.apk!/lib/x86_64/libmonochrome_64.so using class loader ns clns-13 (caller=/data/app/~~nxIzNTNk-9juzieP2H14bw==/com.google.android.webview-8Ofj1MShe1sfVlVeR-7jYw==/WebViewGoogle.apk): ok
11-10 14:37:13.698 13683 13765 D nativeloader: Load /system/lib64/libwebviewchromium_plat_support.so using class loader ns clns-13 (caller=/data/app/~~nxIzNTNk-9juzieP2H14bw==/com.google.android.webview-8Ofj1MShe1sfVlVeR-7jYw==/WebViewGoogle.apk): ok
11-10 14:37:13.716 13683 13782 I chromium: [1110/143713.710205:INFO:variations_seed_loader.cc(67)] Failed to open file for reading.: No such file or directory (2)
11-10 14:37:13.718 13683 13782 I chromium: [1110/143713.717788:INFO:variations_seed_loader.cc(67)] Failed to open file for reading.: No such file or directory (2)
11-10 14:37:13.748 13683 13765 I cr_LibraryLoader: Successfully loaded native library
11-10 14:37:13.756 13683 13765 I cr_CachingUmaRecorder: Flushed 6 samples from 6 histograms, 0 samples were dropped.
11-10 14:37:13.903 13683 13764 W unknown:ViewManagerPropertyUpdater: Could not find generated setter for class com.rnmaps.maps.MapUrlTileManager
11-10 14:37:13.905 13683 13764 W unknown:ViewManagerPropertyUpdater: Could not find generated setter for class com.swmansion.rnscreens.ScreenFooterManager
11-10 14:37:13.906 13683 13764 W unknown:ViewManagerPropertyUpdater: Could not find generated setter for class com.rnmaps.maps.MapManager
11-10 14:37:13.909 13683 13764 W unknown:ViewManagerPropertyUpdater: Could not find generated setter for class com.swmansion.rnscreens.ScreenContainerViewManager
11-10 14:37:13.910 13683 13764 W unknown:ViewManagerPropertyUpdater: Could not find generated setter for class com.rnmaps.maps.MapMarkerManager
11-10 14:37:13.912 13683 13764 W unknown:ViewManagerPropertyUpdater: Could not find generated setter for class com.rnmaps.maps.MapLocalTileManager
11-10 14:37:13.913 13683 13764 W unknown:ViewManagerPropertyUpdater: Could not find generated setter for class com.swmansion.rnscreens.ModalScreenViewManager
11-10 14:37:13.916 13683 13764 W unknown:ViewManagerPropertyUpdater: Could not find generated setter for class com.rnmaps.maps.MapPolylineManager
11-10 14:37:13.917 13683 13764 W unknown:ViewManagerPropertyUpdater: Could not find generated setter for class com.rnmaps.maps.MapCircleManager
11-10 14:37:13.918 13683 13764 W unknown:ViewManagerPropertyUpdater: Could not find generated setter for class com.th3rdwave.safeareacontext.SafeAreaViewManager
11-10 14:37:13.921 13683 13764 W unknown:ViewManagerPropertyUpdater: Could not find generated setter for class com.th3rdwave.safeareacontext.SafeAreaViewShadowNode
11-10 14:37:13.922 13683 13764 W unknown:ViewManagerPropertyUpdater: Could not find generated setter for class com.swmansion.rnscreens.ScreenViewManager
11-10 14:37:13.925 13683 13764 W unknown:ViewManagerPropertyUpdater: Could not find generated setter for class expo.modules.kotlin.views.SimpleViewManagerWrapper
11-10 14:37:13.926 13683 13764 W unknown:ViewManagerPropertyUpdater: Could not find generated setter for class com.swmansion.rnscreens.ScreenStackViewManager
11-10 14:37:13.931 13683 13764 W unknown:ViewManagerPropertyUpdater: Could not find generated setter for class com.airbnb.android.react.lottie.LottieAnimationViewManager
11-10 14:37:13.934 13683 13764 W unknown:ViewManagerPropertyUpdater: Could not find generated setter for class com.rnmaps.maps.MapCalloutManager
11-10 14:37:13.934 13683 13764 W unknown:ViewManagerPropertyUpdater: Could not find generated setter for class com.th3rdwave.safeareacontext.SafeAreaProviderManager
11-10 14:37:13.935 13683 13764 W unknown:ViewManagerPropertyUpdater: Could not find generated setter for class com.swmansion.rnscreens.SearchBarManager
11-10 14:37:13.936 13683 13764 W unknown:ViewManagerPropertyUpdater: Could not find generated setter for class com.rnmaps.maps.MapGradientPolylineManager
11-10 14:37:13.937 13683 13764 W unknown:ViewManagerPropertyUpdater: Could not find generated setter for class com.rnmaps.maps.MapHeatmapManager
11-10 14:37:13.938 13683 13764 W unknown:ViewManagerPropertyUpdater: Could not find generated setter for class com.reactnativecommunity.webview.RNCWebViewManager
11-10 14:37:13.940 13683 13764 W unknown:ViewManagerPropertyUpdater: Could not find generated setter for class org.reactnative.maskedview.RNCMaskedViewManager
11-10 14:37:13.940 13683 13764 W unknown:ViewManagerPropertyUpdater: Could not find generated setter for class com.rnmaps.maps.MapWMSTileManager
11-10 14:37:13.941 13683 13764 W unknown:ViewManagerPropertyUpdater: Could not find generated setter for class com.swmansion.rnscreens.ScreenStackHeaderConfigViewManager
11-10 14:37:13.942 13683 13764 W unknown:ViewManagerPropertyUpdater: Could not find generated setter for class com.swmansion.rnscreens.ScreenContentWrapperManager
11-10 14:37:13.942 13683 13764 W unknown:ViewManagerPropertyUpdater: Could not find generated setter for class com.rnmaps.maps.MapPolygonManager
11-10 14:37:13.943 13683 13764 W unknown:ViewManagerPropertyUpdater: Could not find generated setter for class com.swmansion.rnscreens.ScreenStackHeaderSubviewManager
11-10 14:37:13.943 13683 13764 W unknown:ViewManagerPropertyUpdater: Could not find generated setter for class com.reactnativecommunity.picker.ReactDialogPickerManager
11-10 14:37:13.944 13683 13773 W BridgelessReactContext: [WARNING] Bridgeless doesn't support CatalystInstance. Accessing an API that's not part of the new architecture is not encouraged usage.
11-10 14:37:13.944 13683 13764 W unknown:ViewManagerPropertyUpdater: Could not find generated setter for class com.reactnativecommunity.picker.ReactPickerShadowNode
11-10 14:37:13.945 13683 13764 W unknown:ViewManagerPropertyUpdater: Could not find generated setter for class com.rnmaps.maps.MapOverlayManager
11-10 14:37:13.946 13683 13764 W unknown:ViewManagerPropertyUpdater: Could not find generated setter for class com.reactnativecommunity.picker.ReactDropdownPickerManager
11-10 14:37:13.965 13683 13773 I ExpoModulesCore: ✅ JSI interop was installed
11-10 14:37:13.965 13683 13773 I ExpoModulesCore: ✅ Constants were exported
11-10 14:37:13.979 13683 13773 D Detox.RNMarker: RUN_JS_BUNDLE_END (EXDevMenuApp.android.js)
11-10 14:37:13.980 13683 13773 I ReactNativeJS: Running "main"
11-10 14:37:14.035 13683 13773 D Detox.RNMarker: REACT_BRIDGELESS_LOADING_END (null)
11-10 14:37:14.051 13683 13764 W unknown:ViewManagerPropertyUpdater: Could not find generated setter for class com.horcrux.svg.RenderableViewManager$DefsViewManager
11-10 14:37:14.052 13683 13764 W unknown:ViewManagerPropertyUpdater: Could not find generated setter for class com.horcrux.svg.VirtualViewManager$RenderableShadowNode
11-10 14:37:14.056 13683 13764 W unknown:ViewManagerPropertyUpdater: Could not find generated setter for class com.facebook.react.views.debuggingoverlay.DebuggingOverlayManager
11-10 14:37:14.059 13683 13764 W unknown:ViewManagerPropertyUpdater: Could not find generated setter for class com.horcrux.svg.RenderableViewManager$FeMergeManager
11-10 14:37:14.066 13683 13764 W unknown:ViewManagerPropertyUpdater: Could not find generated setter for class com.horcrux.svg.RenderableViewManager$LinearGradientManager
11-10 14:37:14.070 13683 13764 W unknown:ViewManagerPropertyUpdater: Could not find generated setter for class com.horcrux.svg.RenderableViewManager$FeGaussianBlurManager
11-10 14:37:14.084 13683 13764 W unknown:ViewManagerPropertyUpdater: Could not find generated setter for class com.horcrux.svg.RenderableViewManager$FeColorMatrixManager
11-10 14:37:14.095 13683 13764 W unknown:ViewManagerPropertyUpdater: Could not find generated setter for class com.horcrux.svg.RenderableViewManager$ClipPathViewManager
11-10 14:37:14.101 13683 13764 W unknown:ViewManagerPropertyUpdater: Could not find generated setter for class com.horcrux.svg.RenderableViewManager$SymbolManager
11-10 14:37:14.108 13683 13764 W unknown:ViewManagerPropertyUpdater: Could not find generated setter for class com.horcrux.svg.RenderableViewManager$PatternManager
11-10 14:37:14.113 13683 13764 W unknown:ViewManagerPropertyUpdater: Could not find generated setter for class com.horcrux.svg.RenderableViewManager$FeBlendManager
11-10 14:37:14.123 13683 13764 W unknown:ViewManagerPropertyUpdater: Could not find generated setter for class com.horcrux.svg.SvgViewManager
11-10 14:37:14.127 13683 13683 D Detox.RNMarker: CONTENT_APPEARED (main)
11-10 14:37:14.134 13683 13764 W unknown:ViewManagerPropertyUpdater: Could not find generated setter for class com.horcrux.svg.RenderableViewManager$UseViewManager
11-10 14:37:14.139 13683 13764 W unknown:ViewManagerPropertyUpdater: Could not find generated setter for class com.horcrux.svg.RenderableViewManager$CircleViewManager
11-10 14:37:14.145 13683 13764 W unknown:ViewManagerPropertyUpdater: Could not find generated setter for class com.horcrux.svg.RenderableViewManager$TSpanViewManager
11-10 14:37:14.150 13683 13764 W unknown:ViewManagerPropertyUpdater: Could not find generated setter for class com.horcrux.svg.RenderableViewManager$FilterManager
11-10 14:37:14.156 13683 13764 W unknown:ViewManagerPropertyUpdater: Could not find generated setter for class com.horcrux.svg.RenderableViewManager$MarkerManager
11-10 14:37:14.166 13683 13764 W unknown:ViewManagerPropertyUpdater: Could not find generated setter for class com.swmansion.gesturehandler.react.RNGestureHandlerButtonViewManager
11-10 14:37:14.177 13683 13764 W unknown:ViewManagerPropertyUpdater: Could not find generated setter for class com.horcrux.svg.RenderableViewManager$ForeignObjectManager
11-10 14:37:14.183 13683 13683 W HWUI    : Image decoding logging dropped!
11-10 14:37:14.184 13683 13683 W HWUI    : Image decoding logging dropped!
11-10 14:37:14.185 13683 13764 W unknown:ViewManagerPropertyUpdater: Could not find generated setter for class com.horcrux.svg.RenderableViewManager$EllipseViewManager
11-10 14:37:14.191 13683 13683 W HWUI    : Image decoding logging dropped!
11-10 14:37:14.192 13683 13764 W unknown:ViewManagerPropertyUpdater: Could not find generated setter for class com.horcrux.svg.RenderableViewManager$LineViewManager
11-10 14:37:14.202 13683 13764 W unknown:ViewManagerPropertyUpdater: Could not find generated setter for class com.horcrux.svg.RenderableViewManager$FeFloodManager
11-10 14:37:14.207 13683 13764 W unknown:ViewManagerPropertyUpdater: Could not find generated setter for class com.horcrux.svg.RenderableViewManager$GroupViewManager
11-10 14:37:14.214 13683 13764 W unknown:ViewManagerPropertyUpdater: Could not find generated setter for class com.horcrux.svg.RenderableViewManager$TextViewManager
11-10 14:37:14.221 13683 13791 D nativeloader: Load /data/app/~~O0wKufl6oJTKMfpq4vUYLw==/com.tuapp.seguritacapp-8rvujUmEqTRtpvTXOdX_Jg==/base.apk!/lib/x86_64/libimagepipeline.so using class loader ns clns-9 (caller=/data/app/~~O0wKufl6oJTKMfpq4vUYLw==/com.tuapp.seguritacapp-8rvujUmEqTRtpvTXOdX_Jg==/base.apk!classes5.dex): ok
11-10 14:37:14.222 13683 13764 W unknown:ViewManagerPropertyUpdater: Could not find generated setter for class com.horcrux.svg.RenderableViewManager$ImageViewManager
11-10 14:37:14.225 13683 13683 I pp.seguritacapp: hiddenapi: Accessing hidden field Landroid/widget/ScrollView;->mScroller:Landroid/widget/OverScroller; (runtime_flags=0, domain=platform, api=unsupported) from Lcom/facebook/react/views/scroll/ReactScrollView; (domain=app) using reflection: allowed
11-10 14:37:14.226 13683 13683 W unknown:ViewManagerPropertyUpdater: Could not find generated setter for class com.facebook.react.uimanager.RootViewManager
11-10 14:37:14.235 13683 13764 W unknown:ViewManagerPropertyUpdater: Could not find generated setter for class com.horcrux.svg.RenderableViewManager$RadialGradientManager
11-10 14:37:14.244 13683 13764 W unknown:ViewManagerPropertyUpdater: Could not find generated setter for class com.horcrux.svg.RenderableViewManager$MaskManager
11-10 14:37:14.247 13683 13792 W HWUI    : Image decoding logging dropped!
11-10 14:37:14.254 13683 13764 W unknown:ViewManagerPropertyUpdater: Could not find generated setter for class com.horcrux.svg.RenderableViewManager$RectViewManager
11-10 14:37:14.262 13683 13794 W HWUI    : Image decoding logging dropped!
11-10 14:37:14.266 13683 13764 W unknown:ViewManagerPropertyUpdater: Could not find generated setter for class com.horcrux.svg.RenderableViewManager$TextPathViewManager
11-10 14:37:14.267 13683 13793 D HWUI    : --- Failed to create image decoder with message 'unimplemented'
11-10 14:37:14.267 13683 13795 W HWUI    : Image decoding logging dropped!
11-10 14:37:14.267 13683 13793 D HWUI    : --- Failed to create image decoder with message 'unimplemented'
11-10 14:37:14.268 13683 13793 D HWUI    : --- Failed to create image decoder with message 'unimplemented'
11-10 14:37:14.268 13683 13793 D HWUI    : --- Failed to create image decoder with message 'unimplemented'
11-10 14:37:14.269 13683 13792 W HWUI    : Image decoding logging dropped!
11-10 14:37:14.270 13683 13793 D HWUI    : --- Failed to create image decoder with message 'unimplemented'
11-10 14:37:14.271 13683 13793 D HWUI    : --- Failed to create image decoder with message 'unimplemented'
11-10 14:37:14.271 13683 13793 D HWUI    : --- Failed to create image decoder with message 'unimplemented'
11-10 14:37:14.271 13683 13793 D HWUI    : --- Failed to create image decoder with message 'unimplemented'
11-10 14:37:14.272 13683 13793 D HWUI    : --- Failed to create image decoder with message 'unimplemented'
11-10 14:37:14.272 13683 13793 D HWUI    : --- Failed to create image decoder with message 'unimplemented'
11-10 14:37:14.272 13683 13793 D HWUI    : --- Failed to create image decoder with message 'unimplemented'
11-10 14:37:14.272 13683 13793 D HWUI    : --- Failed to create image decoder with message 'unimplemented'
11-10 14:37:14.275 13683 13794 D HWUI    : --- Failed to create image decoder with message 'unimplemented'
11-10 14:37:14.275 13683 13796 W HWUI    : Image decoding logging dropped!
11-10 14:37:14.275 13683 13794 D HWUI    : --- Failed to create image decoder with message 'unimplemented'
11-10 14:37:14.275 13683 13794 D HWUI    : --- Failed to create image decoder with message 'unimplemented'
11-10 14:37:14.275 13683 13794 D HWUI    : --- Failed to create image decoder with message 'unimplemented'
11-10 14:37:14.276 13683 13794 D HWUI    : --- Failed to create image decoder with message 'unimplemented'
11-10 14:37:14.276 13683 13794 D HWUI    : --- Failed to create image decoder with message 'unimplemented'
11-10 14:37:14.276 13683 13794 D HWUI    : --- Failed to create image decoder with message 'unimplemented'
11-10 14:37:14.277 13683 13794 D HWUI    : --- Failed to create image decoder with message 'unimplemented'
11-10 14:37:14.277 13683 13794 W unknown:ProgressiveDecoder: unknown image format, {uri: res:/2131623936, firstEncodedBytes: 03000800C00100000100, length: 448}
11-10 14:37:14.280 13683 13795 W HWUI    : Image decoding logging dropped!
11-10 14:37:14.280 13683 13764 W unknown:ViewManagerPropertyUpdater: Could not find generated setter for class com.horcrux.svg.RenderableViewManager$FeOffsetManager
11-10 14:37:14.281 13683 13795 W HWUI    : Image decoding logging dropped!
11-10 14:37:14.287 13683 13792 W HWUI    : Image decoding logging dropped!
11-10 14:37:14.287 13683 13796 W HWUI    : Image decoding logging dropped!
11-10 14:37:14.288 13683 13792 W HWUI    : Image decoding logging dropped!
11-10 14:37:14.288 13683 13764 W unknown:ViewManagerPropertyUpdater: Could not find generated setter for class com.horcrux.svg.RenderableViewManager$PathViewManager
11-10 14:37:14.346 13683 13764 W unknown:ViewManagerPropertyUpdater: Could not find generated setter for class com.swmansion.gesturehandler.react.RNGestureHandlerRootViewManager
11-10 14:37:14.415 13683 13764 I ReactNativeJS: Bridgeless mode is enabled
11-10 14:37:14.425 13683 13764 W BridgelessReactContext: [WARNING] Bridgeless doesn't support CatalystInstance. Accessing an API that's not part of the new architecture is not encouraged usage.
11-10 14:37:14.426 13683 13764 I ExpoModulesCore: ✅ JSI interop was installed
11-10 14:37:14.428 13683 13764 W ExpoModulesCore: ⚠️ JSI interop was already installed
11-10 14:37:14.480 13683 13764 I expo-notifications: NotificationsEmitter.onNotificationResponseIntentReceived:
11-10 14:37:14.480 13683 13764 I expo-notifications: actionIdentifier: expo.modules.notifications.actions.DEFAULT
11-10 14:37:14.480 13683 13764 I expo-notifications: notification
11-10 14:37:14.480 13683 13764 I expo-notifications:   date: 0
11-10 14:37:14.480 13683 13764 I expo-notifications:   request
11-10 14:37:14.480 13683 13764 I expo-notifications:     identifier: (null)
11-10 14:37:14.480 13683 13764 I expo-notifications:     trigger
11-10 14:37:14.480 13683 13764 I expo-notifications:       type: push
11-10 14:37:14.480 13683 13764 I expo-notifications:       channelId: (null)
11-10 14:37:14.480 13683 13764 I expo-notifications:     content
11-10 14:37:14.480 13683 13764 I expo-notifications:       data
11-10 14:37:14.480 13683 13764 I expo-notifications:         launchArgs
11-10 14:37:14.480 13683 13764 I expo-notifications:           detoxURLOverride: exp+seguridadciudadanaapp://expo-development-client/?url=http%3A%2F%2F10.0.2.2%3A8081
11-10 14:37:14.480 13683 13764 I expo-notifications:           detoxServer: ws://localhost:54435
11-10 14:37:14.480 13683 13764 I expo-notifications:           detoxSessionId: 76ee174d-3337-9dfe-7e4f-d66bfba7d789
11-10 14:37:14.480 13683 13764 I expo-notifications:           detoxEnableSynchronization: 0
11-10 14:37:14.480 13683 13764 I expo-notifications:       title: (null)
11-10 14:37:14.495 13683 13764 I ExpoModulesCore: ✅ Constants were exported
11-10 14:37:14.647 13683 13764 D nativeloader: Load /data/app/~~O0wKufl6oJTKMfpq4vUYLw==/com.tuapp.seguritacapp-8rvujUmEqTRtpvTXOdX_Jg==/base.apk!/lib/x86_64/librnscreens.so using class loader ns clns-9 (caller=/data/app/~~O0wKufl6oJTKMfpq4vUYLw==/com.tuapp.seguritacapp-8rvujUmEqTRtpvTXOdX_Jg==/base.apk!classes2.dex): ok
11-10 14:37:14.710 13683 13764 D nativeloader: Load /data/app/~~O0wKufl6oJTKMfpq4vUYLw==/com.tuapp.seguritacapp-8rvujUmEqTRtpvTXOdX_Jg==/base.apk!/lib/x86_64/libworklets.so using class loader ns clns-9 (caller=/data/app/~~O0wKufl6oJTKMfpq4vUYLw==/com.tuapp.seguritacapp-8rvujUmEqTRtpvTXOdX_Jg==/base.apk!classes5.dex): ok
11-10 14:37:14.720 13683 13764 D nativeloader: Load /data/app/~~O0wKufl6oJTKMfpq4vUYLw==/com.tuapp.seguritacapp-8rvujUmEqTRtpvTXOdX_Jg==/base.apk!/lib/x86_64/libreanimated.so using class loader ns clns-9 (caller=/data/app/~~O0wKufl6oJTKMfpq4vUYLw==/com.tuapp.seguritacapp-8rvujUmEqTRtpvTXOdX_Jg==/base.apk!classes5.dex): ok
11-10 14:37:14.725 13683 13764 W pp.seguritacapp: CheckJNI: method to register "installJSIBindings" not in the given class. This is slow, consider changing your RegisterNatives calls.
11-10 14:37:14.743 13683 13764 W BridgelessReactContext: [WARNING] Bridgeless doesn't support CatalystInstance. Accessing an API that's not part of the new architecture is not encouraged usage.
11-10 14:37:15.151 13683 13735 D DetoxWSClient: Received action 'invoke' (ID #1, params={"target":{"type":"Class","value":"com.wix.detox.Detox"},"method":"startActivityFromUrl","args":["exp+seguridadciudadanaapp:\/\/login"]})
11-10 14:37:15.152 13683 13730 I DetoxDispatcher: Handling action 'invoke' (ID #1)...
11-10 14:37:15.164 13683 13730 D Detox   : class com.wix.detox.Detox, startActivityFromUrl, [exp+seguridadciudadanaapp://login]
11-10 14:37:15.172 13683 13764 W ReactNativeJS: '[2025-11-10T14:37:15.167Z]  @firebase/auth:', 'Auth (11.9.0): \nYou are initializing Firebase Auth for React Native without providing\nAsyncStorage. Auth state will default to memory persistence and will not\npersist between sessions. In order to persist auth state, install the package\n"@react-native-async-storage/async-storage" and provide it to\ninitializeAuth:\n\nimport { initializeAuth, getReactNativePersistence } from \'firebase/auth\';\nimport ReactNativeAsyncStorage from \'@react-native-async-storage/async-storage\';\nconst auth = initializeAuth(app, {\n  persistence: getReactNativePersistence(ReactNativeAsyncStorage)\n});\n'
11-10 14:37:15.183 13683 13730 W ActivityTestRule: Activity wasn't created yet or already stopped
11-10 14:37:15.184 13683 13730 I DetoxActionHandlers: Test exception
11-10 14:37:15.184 13683 13730 I DetoxActionHandlers: java.lang.reflect.InvocationTargetException
11-10 14:37:15.184 13683 13730 I DetoxActionHandlers: 	at java.lang.reflect.Method.invoke(Native Method)
11-10 14:37:15.184 13683 13730 I DetoxActionHandlers: 	at org.apache.commons.lang3.reflect.MethodUtils.invokeStaticMethod(MethodUtils.java:443)
11-10 14:37:15.184 13683 13730 I DetoxActionHandlers: 	at org.apache.commons.lang3.reflect.MethodUtils.invokeStaticMethod(MethodUtils.java:405)
11-10 14:37:15.184 13683 13730 I DetoxActionHandlers: 	at com.wix.invoke.types.ClassTarget.execute(ClassTarget.java:23)
11-10 14:37:15.184 13683 13730 I DetoxActionHandlers: 	at com.wix.invoke.types.Target.invoke(Target.java:59)
11-10 14:37:15.184 13683 13730 I DetoxActionHandlers: 	at com.wix.invoke.MethodInvocation.invoke(MethodInvocation.java:35)
11-10 14:37:15.184 13683 13730 I DetoxActionHandlers: 	at com.wix.invoke.MethodInvocation.invoke(MethodInvocation.java:26)
11-10 14:37:15.184 13683 13730 I DetoxActionHandlers: 	at com.wix.invoke.MethodInvocation.invoke(MethodInvocation.java:20)
11-10 14:37:15.184 13683 13730 I DetoxActionHandlers: 	at com.wix.detox.adapters.server.InvokeActionHandler.handle(DetoxActionHandlers.kt:54)
11-10 14:37:15.184 13683 13730 I DetoxActionHandlers: 	at com.wix.detox.adapters.server.ActionsExecutor.executeAction$lambda$2$lambda$1(DetoxActionsDispatcher.kt:76)
11-10 14:37:15.184 13683 13730 I DetoxActionHandlers: 	at com.wix.detox.adapters.server.ActionsExecutor.$r8$lambda$GVbB7LHtBHxNHGbgYnHJ6YrwCqs(Unknown Source:0)
11-10 14:37:15.184 13683 13730 I DetoxActionHandlers: 	at com.wix.detox.adapters.server.ActionsExecutor$$ExternalSyntheticLambda0.run(D8$$SyntheticClass:0)
11-10 14:37:15.184 13683 13730 I DetoxActionHandlers: 	at android.os.Handler.handleCallback(Handler.java:995)
11-10 14:37:15.184 13683 13730 I DetoxActionHandlers: 	at android.os.Handler.dispatchMessage(Handler.java:103)
11-10 14:37:15.184 13683 13730 I DetoxActionHandlers: 	at android.os.Looper.loopOnce(Looper.java:248)
11-10 14:37:15.184 13683 13730 I DetoxActionHandlers: 	at android.os.Looper.loop(Looper.java:338)
11-10 14:37:15.184 13683 13730 I DetoxActionHandlers: 	at com.wix.detox.adapters.server.ActionsExecutor._init_$lambda$0(DetoxActionsDispatcher.kt:62)
11-10 14:37:15.184 13683 13730 I DetoxActionHandlers: 	at com.wix.detox.adapters.server.ActionsExecutor.$r8$lambda$xlgL0CQim6vNM0wWEqM8JIDgZUE(Unknown Source:0)
11-10 14:37:15.184 13683 13730 I DetoxActionHandlers: 	at com.wix.detox.adapters.server.ActionsExecutor$$ExternalSyntheticLambda1.run(D8$$SyntheticClass:0)
11-10 14:37:15.184 13683 13730 I DetoxActionHandlers: 	at java.lang.Thread.run(Thread.java:1119)